TN:
SF:src/HttpClient.ts
FN:7,(anonymous_1)
FN:19,(anonymous_2)
FN:24,(anonymous_3)
FN:29,(anonymous_4)
FN:34,(anonymous_5)
FN:39,(anonymous_6)
FNF:6
FNH:0
FNDA:0,(anonymous_1)
FNDA:0,(anonymous_2)
FNDA:0,(anonymous_3)
FNDA:0,(anonymous_4)
FNDA:0,(anonymous_5)
FNDA:0,(anonymous_6)
DA:1,0
DA:4,0
DA:8,0
DA:20,0
DA:25,0
DA:30,0
DA:35,0
DA:40,0
DA:44,0
LF:9
LH:0
BRF:0
BRH:0
end_of_record
TN:
SF:src/Stateset.ts
FN:14,(anonymous_10)
FN:22,(anonymous_11)
FN:29,(anonymous_12)
FN:31,(anonymous_13)
FN:32,(anonymous_14)
FN:36,(anonymous_15)
FN:37,(anonymous_16)
FN:41,(anonymous_17)
FN:52,(anonymous_18)
FN:66,(anonymous_19)
FNF:10
FNH:0
FNDA:0,(anonymous_10)
FNDA:0,(anonymous_11)
FNDA:0,(anonymous_12)
FNDA:0,(anonymous_13)
FNDA:0,(anonymous_14)
FNDA:0,(anonymous_15)
FNDA:0,(anonymous_16)
FNDA:0,(anonymous_17)
FNDA:0,(anonymous_18)
FNDA:0,(anonymous_19)
DA:1,0
DA:2,0
DA:10,0
DA:14,0
DA:15,0
DA:17,0
DA:23,0
DA:26,0
DA:30,0
DA:31,0
DA:32,0
DA:35,0
DA:36,0
DA:37,0
DA:42,0
DA:43,0
DA:44,0
DA:45,0
DA:47,0
DA:49,0
DA:53,0
DA:55,0
DA:58,0
DA:60,0
DA:62,0
DA:67,0
DA:76,0
LF:27
LH:0
BRDA:15,0,0,0
BRDA:15,0,1,0
BRDA:42,1,0,0
BRDA:42,1,1,0
BRDA:44,2,0,0
BRDA:44,2,1,0
BRDA:53,3,0,0
BRDA:53,3,1,0
BRDA:53,3,2,0
BRDA:53,3,3,0
BRDA:53,3,4,0
BRDA:58,4,0,0
BRDA:58,4,1,0
BRDA:66,5,0,0
BRF:14
BRH:0
end_of_record
TN:
SF:src/StatesetError.ts
FN:34,(anonymous_1)
FN:45,(anonymous_2)
FN:56,(anonymous_3)
FN:62,(anonymous_4)
FN:66,(anonymous_5)
FN:89,(anonymous_6)
FN:95,(anonymous_7)
FN:101,(anonymous_8)
FN:107,(anonymous_9)
FN:113,(anonymous_10)
FN:119,(anonymous_11)
FN:125,(anonymous_12)
FNF:12
FNH:4
FNDA:1,(anonymous_1)
FNDA:1,(anonymous_2)
FNDA:0,(anonymous_3)
FNDA:1,(anonymous_4)
FNDA:0,(anonymous_5)
FNDA:1,(anonymous_6)
FNDA:0,(anonymous_7)
FNDA:0,(anonymous_8)
FNDA:0,(anonymous_9)
FNDA:0,(anonymous_10)
FNDA:0,(anonymous_11)
FNDA:0,(anonymous_12)
DA:1,2
DA:35,1
DA:36,1
DA:37,1
DA:38,1
DA:40,1
DA:41,1
DA:46,1
DA:47,1
DA:48,1
DA:49,1
DA:50,1
DA:51,1
DA:52,1
DA:53,1
DA:57,0
DA:63,1
DA:67,0
DA:69,0
DA:71,0
DA:73,0
DA:75,0
DA:77,0
DA:79,0
DA:81,0
DA:83,0
DA:90,1
DA:96,0
DA:102,0
DA:108,0
DA:114,0
DA:120,0
DA:126,0
DA:131,2
DA:132,2
DA:133,2
DA:134,2
DA:135,2
DA:136,2
DA:137,2
DA:138,2
DA:139,2
LF:42
LH:26
BRDA:40,0,0,1
BRDA:67,1,0,0
BRDA:67,1,1,0
BRDA:67,1,2,0
BRDA:67,1,3,0
BRDA:67,1,4,0
BRDA:67,1,5,0
BRDA:67,1,6,0
BRDA:67,1,7,0
BRF:9
BRH:1
end_of_record
TN:
SF:src/StatesetMethod.basic.ts
FN:20,(anonymous_1)
FNF:1
FNH:0
FNDA:0,(anonymous_1)
DA:3,0
DA:20,0
DA:21,0
DA:34,0
DA:64,0
LF:5
LH:0
BRF:0
BRH:0
end_of_record
TN:
SF:src/StatesetMethod.ts
FN:34,statesetMethod
FN:41,(anonymous_2)
FNF:2
FNH:0
FNDA:0,statesetMethod
FNDA:0,(anonymous_2)
DA:3,0
DA:4,0
DA:5,0
DA:35,0
DA:36,0
DA:41,0
DA:42,0
DA:44,0
DA:48,0
DA:50,0
DA:55,0
DA:56,0
DA:62,0
DA:65,0
DA:69,0
LF:15
LH:0
BRDA:35,0,0,0
BRDA:35,1,0,0
BRDA:35,1,1,0
BRDA:42,2,0,0
BRDA:42,2,1,0
BRDA:45,3,0,0
BRDA:45,3,1,0
BRDA:45,4,0,0
BRDA:45,4,1,0
BRDA:51,5,0,0
BRDA:51,5,1,0
BRDA:51,6,0,0
BRDA:51,6,1,0
BRDA:51,7,0,0
BRDA:51,7,1,0
BRDA:55,8,0,0
BRDA:55,9,0,0
BRDA:55,9,1,0
BRF:18
BRH:0
end_of_record
TN:
SF:src/StatesetResource.ts
FN:16,(anonymous_0)
FN:21,(anonymous_1)
FN:26,(anonymous_2)
FN:27,(anonymous_3)
FN:36,(anonymous_4)
FN:52,(anonymous_5)
FN:67,(anonymous_6)
FNF:7
FNH:0
FNDA:0,(anonymous_0)
FNDA:0,(anonymous_1)
FNDA:0,(anonymous_2)
FNDA:0,(anonymous_3)
FNDA:0,(anonymous_4)
FNDA:0,(anonymous_5)
FNDA:0,(anonymous_6)
DA:17,0
DA:18,0
DA:19,0
DA:21,0
DA:22,0
DA:27,0
DA:28,0
DA:29,0
DA:30,0
DA:32,0
DA:37,0
DA:40,0
DA:42,0
DA:44,0
DA:46,0
DA:48,0
DA:53,0
DA:55,0
DA:59,0
DA:61,0
DA:63,0
DA:68,0
DA:71,0
DA:74,0
DA:76,0
DA:78,0
DA:83,0
LF:27
LH:0
BRDA:37,0,0,0
BRDA:37,0,1,0
BRDA:37,0,2,0
BRDA:37,0,3,0
BRDA:37,0,4,0
BRDA:37,0,5,0
BRDA:53,1,0,0
BRDA:53,1,1,0
BRDA:53,1,2,0
BRDA:53,1,3,0
BRDA:53,1,4,0
BRDA:53,1,5,0
BRDA:68,2,0,0
BRDA:68,2,1,0
BRDA:68,2,2,0
BRDA:68,2,3,0
BRDA:68,2,4,0
BRDA:68,2,5,0
BRF:18
BRH:0
end_of_record
TN:
SF:src/autoPagination.ts
FN:8,(anonymous_0)
FN:14,(anonymous_1)
FN:34,(anonymous_2)
FNF:3
FNH:0
FNDA:0,(anonymous_0)
FNDA:0,(anonymous_1)
FNDA:0,(anonymous_2)
DA:8,0
DA:14,0
DA:15,0
DA:16,0
DA:17,0
DA:18,0
DA:20,0
DA:21,0
DA:22,0
DA:23,0
DA:24,0
DA:26,0
DA:27,0
DA:31,0
DA:34,0
DA:35,0
DA:36,0
DA:38,0
DA:39,0
DA:40,0
DA:41,0
DA:42,0
DA:43,0
DA:46,0
DA:47,0
DA:49,0
DA:50,0
DA:55,0
LF:28
LH:0
BRDA:20,0,0,0
BRDA:20,0,1,0
BRDA:26,1,0,0
BRDA:42,2,0,0
BRDA:49,3,0,0
BRF:5
BRH:0
end_of_record
TN:
SF:src/client.ts
FN:31,(anonymous_0)
FN:57,(anonymous_1)
FN:81,(anonymous_2)
FN:116,(anonymous_3)
FN:126,(anonymous_4)
FN:142,(anonymous_5)
FN:156,(anonymous_6)
FN:175,(anonymous_7)
FN:185,(anonymous_8)
FN:195,(anonymous_9)
FN:206,(anonymous_10)
FN:237,(anonymous_11)
FN:241,(anonymous_12)
FN:250,(anonymous_13)
FN:260,(anonymous_14)
FN:266,(anonymous_15)
FNF:16
FNH:15
FNDA:26,(anonymous_0)
FNDA:26,(anonymous_1)
FNDA:26,(anonymous_2)
FNDA:2,(anonymous_3)
FNDA:2,(anonymous_4)
FNDA:2,(anonymous_5)
FNDA:3,(anonymous_6)
FNDA:1,(anonymous_7)
FNDA:0,(anonymous_8)
FNDA:1,(anonymous_9)
FNDA:2,(anonymous_10)
FNDA:1,(anonymous_11)
FNDA:1,(anonymous_12)
FNDA:1,(anonymous_13)
FNDA:7,(anonymous_14)
FNDA:1,(anonymous_15)
DA:2,2
DA:3,2
DA:6,2
DA:7,2
DA:17,2
DA:32,26
DA:33,26
DA:35,22
DA:37,22
DA:47,22
DA:48,22
DA:49,22
DA:50,22
DA:51,22
DA:52,22
DA:53,22
DA:54,22
DA:58,26
DA:60,26
DA:82,26
DA:83,1
DA:89,25
DA:90,0
DA:94,25
DA:95,25
DA:97,1
DA:101,24
DA:102,1
DA:106,23
DA:107,1
DA:110,22
DA:111,0
DA:117,2
DA:118,2
DA:120,2
DA:127,2
DA:128,2
DA:130,1
DA:133,1
DA:134,1
DA:136,1
DA:143,2
DA:144,1
DA:147,1
DA:148,1
DA:150,1
DA:157,3
DA:158,1
DA:161,2
DA:162,1
DA:165,1
DA:166,1
DA:167,1
DA:169,1
DA:176,1
DA:177,1
DA:179,1
DA:186,0
DA:187,0
DA:189,0
DA:196,1
DA:197,1
DA:199,1
DA:207,2
DA:208,2
DA:210,1
DA:215,1
DA:222,1
DA:226,1
DA:238,1
DA:242,1
DA:244,1
DA:251,1
DA:256,1
DA:261,7
DA:262,7
DA:267,1
LF:77
LH:72
BRDA:31,0,0,1
BRDA:61,1,0,26
BRDA:61,1,1,2
BRDA:62,2,0,26
BRDA:62,2,1,6
BRDA:62,2,2,5
BRDA:65,3,0,26
BRDA:65,3,1,6
BRDA:66,4,0,1
BRDA:66,4,1,5
BRDA:67,5,0,26
BRDA:67,5,1,7
BRDA:68,6,0,1
BRDA:68,6,1,6
BRDA:70,7,0,26
BRDA:70,7,1,6
BRDA:71,8,0,26
BRDA:71,8,1,26
BRDA:72,9,0,26
BRDA:72,9,1,26
BRDA:73,10,0,26
BRDA:73,10,1,26
BRDA:73,10,2,26
BRDA:73,10,3,26
BRDA:82,11,0,1
BRDA:89,12,0,0
BRDA:101,13,0,1
BRDA:101,14,0,24
BRDA:101,14,1,24
BRDA:101,14,2,23
BRDA:106,15,0,1
BRDA:106,16,0,23
BRDA:106,16,1,23
BRDA:106,16,2,23
BRDA:110,17,0,0
BRDA:110,18,0,22
BRDA:110,18,1,22
BRDA:110,18,2,22
BRDA:143,19,0,1
BRDA:143,20,0,2
BRDA:143,20,1,1
BRDA:157,21,0,1
BRDA:157,22,0,3
BRDA:157,22,1,3
BRDA:161,23,0,1
BRDA:161,24,0,2
BRDA:161,24,1,1
BRDA:250,25,0,0
BRF:48
BRH:45
end_of_record
TN:
SF:src/index.ts
FN:24,(anonymous_5)
FN:26,(anonymous_6)
FN:27,(anonymous_7)
FN:28,(anonymous_8)
FN:29,(anonymous_9)
FN:30,(anonymous_10)
FN:31,(anonymous_11)
FN:32,(anonymous_12)
FN:33,(anonymous_13)
FNF:9
FNH:1
FNDA:0,(anonymous_5)
FNDA:0,(anonymous_6)
FNDA:0,(anonymous_7)
FNDA:0,(anonymous_8)
FNDA:0,(anonymous_9)
FNDA:0,(anonymous_10)
FNDA:1,(anonymous_11)
FNDA:0,(anonymous_12)
FNDA:0,(anonymous_13)
DA:1,1
DA:2,1
DA:3,1
DA:4,1
DA:16,1
DA:19,1
DA:20,1
DA:24,1
DA:25,1
DA:26,1
DA:27,1
DA:28,1
DA:29,1
DA:30,1
DA:31,2
DA:32,1
DA:33,1
DA:37,1
LF:18
LH:18
BRF:0
BRH:0
end_of_record
TN:
SF:src/makeRequest.ts
FN:13,(anonymous_0)
FNF:1
FNH:0
FNDA:0,(anonymous_0)
DA:13,0
DA:18,0
DA:27,0
LF:3
LH:0
BRF:0
BRH:0
end_of_record
TN:
SF:src/stateset-client.ts
FN:210,(anonymous_1)
FN:267,(anonymous_2)
FN:268,(anonymous_3)
FN:278,(anonymous_4)
FN:360,(anonymous_5)
FN:369,(anonymous_6)
FN:378,(anonymous_7)
FN:388,(anonymous_8)
FN:397,(anonymous_9)
FN:413,(anonymous_10)
FN:431,(anonymous_11)
FN:440,(anonymous_12)
FN:445,(anonymous_13)
FNF:13
FNH:0
FNDA:0,(anonymous_1)
FNDA:0,(anonymous_2)
FNDA:0,(anonymous_3)
FNDA:0,(anonymous_4)
FNDA:0,(anonymous_5)
FNDA:0,(anonymous_6)
FNDA:0,(anonymous_7)
FNDA:0,(anonymous_8)
FNDA:0,(anonymous_9)
FNDA:0,(anonymous_10)
FNDA:0,(anonymous_11)
FNDA:0,(anonymous_12)
FNDA:0,(anonymous_13)
DA:1,1
DA:2,1
DA:11,1
DA:12,1
DA:13,1
DA:14,1
DA:15,1
DA:16,1
DA:17,1
DA:18,1
DA:19,1
DA:20,1
DA:21,1
DA:22,1
DA:23,1
DA:24,1
DA:25,1
DA:26,1
DA:27,1
DA:28,1
DA:29,1
DA:30,1
DA:31,1
DA:32,1
DA:33,1
DA:34,1
DA:35,1
DA:36,1
DA:37,1
DA:38,1
DA:39,1
DA:40,1
DA:41,1
DA:42,1
DA:43,1
DA:44,1
DA:45,1
DA:46,1
DA:47,1
DA:48,1
DA:49,1
DA:50,1
DA:51,1
DA:52,1
DA:53,1
DA:54,1
DA:55,1
DA:56,1
DA:57,1
DA:58,1
DA:59,1
DA:60,1
DA:61,1
DA:62,1
DA:63,1
DA:64,1
DA:65,1
DA:66,1
DA:67,1
DA:68,1
DA:69,1
DA:70,1
DA:71,1
DA:72,1
DA:73,1
DA:74,1
DA:75,1
DA:76,1
DA:77,1
DA:78,1
DA:79,1
DA:80,1
DA:81,1
DA:82,1
DA:83,1
DA:126,1
DA:211,0
DA:212,0
DA:217,0
DA:218,0
DA:220,0
DA:223,0
DA:227,0
DA:228,0
DA:229,0
DA:230,0
DA:231,0
DA:232,0
DA:235,0
DA:239,0
DA:240,0
DA:241,0
DA:246,0
DA:247,0
DA:254,0
DA:266,0
DA:267,0
DA:269,0
DA:270,0
DA:271,0
DA:273,0
DA:274,0
DA:275,0
DA:277,0
DA:278,0
DA:279,0
DA:282,0
DA:283,0
DA:284,0
DA:285,0
DA:286,0
DA:287,0
DA:288,0
DA:289,0
DA:290,0
DA:291,0
DA:292,0
DA:293,0
DA:294,0
DA:295,0
DA:296,0
DA:297,0
DA:298,0
DA:299,0
DA:300,0
DA:301,0
DA:302,0
DA:303,0
DA:304,0
DA:305,0
DA:306,0
DA:307,0
DA:308,0
DA:309,0
DA:310,0
DA:311,0
DA:312,0
DA:313,0
DA:314,0
DA:315,0
DA:316,0
DA:317,0
DA:318,0
DA:319,0
DA:320,0
DA:321,0
DA:322,0
DA:323,0
DA:324,0
DA:325,0
DA:326,0
DA:327,0
DA:328,0
DA:329,0
DA:330,0
DA:331,0
DA:332,0
DA:333,0
DA:334,0
DA:335,0
DA:336,0
DA:337,0
DA:338,0
DA:339,0
DA:340,0
DA:341,0
DA:342,0
DA:343,0
DA:344,0
DA:345,0
DA:346,0
DA:347,0
DA:348,0
DA:349,0
DA:350,0
DA:351,0
DA:352,0
DA:353,0
DA:361,0
DA:362,0
DA:370,0
DA:371,0
DA:379,0
DA:380,0
DA:389,0
DA:390,0
DA:398,0
DA:399,0
DA:404,0
DA:405,0
DA:410,0
DA:414,0
DA:415,0
DA:416,0
DA:417,0
DA:418,0
DA:420,0
DA:421,0
DA:424,0
DA:432,0
DA:433,0
DA:441,0
DA:442,0
DA:446,0
DA:447,0
DA:453,0
DA:455,0
DA:456,0
DA:457,0
DA:458,0
DA:466,0
DA:467,0
DA:469,0
DA:470,0
DA:472,0
DA:473,0
DA:475,0
DA:476,0
DA:478,0
DA:480,0
DA:490,1
LF:221
LH:77
BRDA:211,0,0,0
BRDA:211,0,1,0
BRDA:211,0,2,0
BRDA:213,1,0,0
BRDA:213,1,1,0
BRDA:213,1,2,0
BRDA:217,2,0,0
BRDA:220,3,0,0
BRDA:220,3,1,0
BRDA:223,4,0,0
BRDA:223,4,1,0
BRDA:227,5,0,0
BRDA:227,5,1,0
BRDA:227,5,2,0
BRDA:228,6,0,0
BRDA:228,6,1,0
BRDA:228,6,2,0
BRDA:229,7,0,0
BRDA:229,7,1,0
BRDA:231,8,0,0
BRDA:231,8,1,0
BRDA:232,9,0,0
BRDA:232,9,1,0
BRDA:235,10,0,0
BRDA:235,10,1,0
BRDA:235,10,2,0
BRDA:235,10,3,0
BRDA:239,11,0,0
BRDA:244,12,0,0
BRDA:244,12,1,0
BRDA:244,13,0,0
BRDA:244,13,1,0
BRDA:246,14,0,0
BRDA:246,15,0,0
BRDA:246,15,1,0
BRDA:270,16,0,0
BRDA:270,17,0,0
BRDA:270,17,1,0
BRDA:273,18,0,0
BRDA:273,18,1,0
BRDA:274,19,0,0
BRDA:388,20,0,0
BRDA:402,21,0,0
BRDA:402,21,1,0
BRDA:402,22,0,0
BRDA:402,22,1,0
BRDA:404,23,0,0
BRDA:404,24,0,0
BRDA:404,24,1,0
BRDA:415,25,0,0
BRDA:417,26,0,0
BRDA:420,27,0,0
BRDA:445,28,0,0
BRDA:456,29,0,0
BRDA:460,30,0,0
BRDA:460,30,1,0
BRDA:466,31,0,0
BRDA:469,32,0,0
BRDA:469,33,0,0
BRDA:469,33,1,0
BRDA:472,34,0,0
BRDA:475,35,0,0
BRF:62
BRH:0
end_of_record
TN:
SF:src/utils.ts
FN:8,(anonymous_1)
FN:59,(anonymous_2)
FN:63,(anonymous_3)
FN:64,(anonymous_4)
FN:68,(anonymous_5)
FN:71,(anonymous_6)
FN:82,(anonymous_7)
FN:85,(anonymous_8)
FN:91,(anonymous_9)
FN:98,(anonymous_10)
FN:99,(anonymous_11)
FN:100,(anonymous_12)
FN:106,(anonymous_13)
FN:108,(anonymous_14)
FN:111,(anonymous_15)
FN:121,(anonymous_16)
FN:134,(anonymous_17)
FN:160,(anonymous_18)
FN:163,(anonymous_19)
FN:210,(anonymous_20)
FN:229,(anonymous_21)
FN:234,(anonymous_22)
FN:242,(anonymous_23)
FN:247,(anonymous_24)
FN:253,(anonymous_25)
FN:257,(anonymous_26)
FN:262,(anonymous_27)
FN:266,(anonymous_28)
FN:272,(anonymous_29)
FN:273,(anonymous_30)
FN:277,(anonymous_31)
FN:278,(anonymous_32)
FN:288,(anonymous_33)
FN:296,(anonymous_34)
FN:304,(anonymous_35)
FN:312,(anonymous_36)
FN:317,(anonymous_37)
FN:320,(anonymous_38)
FN:321,(anonymous_39)
FN:342,(anonymous_40)
FN:343,(anonymous_41)
FN:350,(anonymous_42)
FN:362,(anonymous_43)
FNF:43
FNH:0
FNDA:0,(anonymous_1)
FNDA:0,(anonymous_2)
FNDA:0,(anonymous_3)
FNDA:0,(anonymous_4)
FNDA:0,(anonymous_5)
FNDA:0,(anonymous_6)
FNDA:0,(anonymous_7)
FNDA:0,(anonymous_8)
FNDA:0,(anonymous_9)
FNDA:0,(anonymous_10)
FNDA:0,(anonymous_11)
FNDA:0,(anonymous_12)
FNDA:0,(anonymous_13)
FNDA:0,(anonymous_14)
FNDA:0,(anonymous_15)
FNDA:0,(anonymous_16)
FNDA:0,(anonymous_17)
FNDA:0,(anonymous_18)
FNDA:0,(anonymous_19)
FNDA:0,(anonymous_20)
FNDA:0,(anonymous_21)
FNDA:0,(anonymous_22)
FNDA:0,(anonymous_23)
FNDA:0,(anonymous_24)
FNDA:0,(anonymous_25)
FNDA:0,(anonymous_26)
FNDA:0,(anonymous_27)
FNDA:0,(anonymous_28)
FNDA:0,(anonymous_29)
FNDA:0,(anonymous_30)
FNDA:0,(anonymous_31)
FNDA:0,(anonymous_32)
FNDA:0,(anonymous_33)
FNDA:0,(anonymous_34)
FNDA:0,(anonymous_35)
FNDA:0,(anonymous_36)
FNDA:0,(anonymous_37)
FNDA:0,(anonymous_38)
FNDA:0,(anonymous_39)
FNDA:0,(anonymous_40)
FNDA:0,(anonymous_41)
FNDA:0,(anonymous_42)
FNDA:0,(anonymous_43)
DA:3,2
DA:4,2
DA:5,2
DA:6,2
DA:8,2
DA:9,0
DA:11,2
DA:21,2
DA:28,2
DA:58,2
DA:60,0
DA:63,0
DA:64,0
DA:69,0
DA:71,0
DA:72,0
DA:75,0
DA:76,0
DA:77,0
DA:79,0
DA:83,0
DA:85,0
DA:92,0
DA:98,0
DA:99,0
DA:100,0
DA:101,0
DA:107,0
DA:108,0
DA:112,0
DA:113,0
DA:116,0
DA:117,0
DA:120,0
DA:121,0
DA:123,0
DA:124,0
DA:131,0
DA:139,0
DA:149,0
DA:150,0
DA:151,0
DA:153,0
DA:154,0
DA:155,0
DA:156,0
DA:157,0
DA:158,0
DA:160,0
DA:162,0
DA:163,0
DA:164,0
DA:165,0
DA:167,0
DA:168,0
DA:169,0
DA:173,0
DA:174,0
DA:175,0
DA:177,0
DA:178,0
DA:184,0
DA:185,0
DA:187,0
DA:188,0
DA:190,0
DA:191,0
DA:193,0
DA:194,0
DA:196,0
DA:197,0
DA:199,0
DA:200,0
DA:202,0
DA:203,0
DA:207,0
DA:211,0
DA:212,0
DA:214,0
DA:215,0
DA:218,0
DA:219,0
DA:222,0
DA:223,0
DA:224,0
DA:226,0
DA:230,0
DA:231,0
DA:234,0
DA:235,0
DA:236,0
DA:238,0
DA:243,0
DA:244,0
DA:247,0
DA:248,0
DA:249,0
DA:254,0
DA:257,0
DA:263,0
DA:270,0
DA:271,0
DA:273,0
DA:274,0
DA:278,0
DA:279,0
DA:285,0
DA:289,0
DA:290,0
DA:292,0
DA:297,0
DA:298,0
DA:301,0
DA:305,0
DA:306,0
DA:308,0
DA:313,0
DA:314,0
DA:318,0
DA:320,0
DA:321,0
DA:322,0
DA:323,0
DA:325,0
DA:326,0
DA:327,0
DA:329,0
DA:332,0
DA:337,0
DA:339,0
DA:343,0
DA:344,0
DA:345,0
DA:346,0
DA:351,0
DA:352,0
DA:353,0
DA:355,0
DA:359,0
DA:363,0
DA:372,2
LF:141
LH:10
BRDA:61,0,0,0
BRDA:61,0,1,0
BRDA:61,0,2,0
BRDA:61,0,3,0
BRDA:101,1,0,0
BRDA:101,1,1,0
BRDA:108,2,0,0
BRDA:108,2,1,0
BRDA:112,3,0,0
BRDA:112,4,0,0
BRDA:112,4,1,0
BRDA:112,4,2,0
BRDA:116,5,0,0
BRDA:123,6,0,0
BRDA:123,7,0,0
BRDA:123,7,1,0
BRDA:153,8,0,0
BRDA:155,9,0,0
BRDA:155,9,1,0
BRDA:157,10,0,0
BRDA:162,11,0,0
BRDA:164,12,0,0
BRDA:168,13,0,0
BRDA:177,14,0,0
BRDA:184,15,0,0
BRDA:187,16,0,0
BRDA:190,17,0,0
BRDA:193,18,0,0
BRDA:196,19,0,0
BRDA:199,20,0,0
BRDA:202,21,0,0
BRDA:214,22,0,0
BRDA:218,23,0,0
BRDA:230,24,0,0
BRDA:230,25,0,0
BRDA:230,25,1,0
BRDA:235,26,0,0
BRDA:243,27,0,0
BRDA:243,28,0,0
BRDA:243,28,1,0
BRDA:270,29,0,0
BRDA:289,30,0,0
BRDA:289,30,1,0
BRDA:297,31,0,0
BRDA:314,32,0,0
BRDA:314,32,1,0
BRDA:314,32,2,0
BRDA:323,33,0,0
BRDA:323,33,1,0
BRDA:325,34,0,0
BRDA:325,34,1,0
BRDA:326,35,0,0
BRDA:326,35,1,0
BRDA:326,36,0,0
BRDA:326,36,1,0
BRDA:345,37,0,0
BRDA:345,37,1,0
BRDA:351,38,0,0
BRDA:352,39,0,0
BRDA:352,39,1,0
BRDA:363,40,0,0
BRDA:363,40,1,0
BRF:62
BRH:0
end_of_record
TN:
SF:src/core/base-resource.ts
FN:19,(anonymous_0)
FN:27,(anonymous_1)
FN:47,(anonymous_2)
FN:106,(anonymous_3)
FN:127,(anonymous_4)
FN:148,(anonymous_5)
FN:169,(anonymous_6)
FN:186,(anonymous_7)
FN:243,(anonymous_8)
FN:263,(anonymous_9)
FN:278,(anonymous_10)
FN:294,(anonymous_11)
FN:310,(anonymous_12)
FN:325,(anonymous_13)
FN:353,(anonymous_14)
FNF:15
FNH:1
FNDA:176,(anonymous_0)
FNDA:0,(anonymous_1)
FNDA:0,(anonymous_2)
FNDA:0,(anonymous_3)
FNDA:0,(anonymous_4)
FNDA:0,(anonymous_5)
FNDA:0,(anonymous_6)
FNDA:0,(anonymous_7)
FNDA:0,(anonymous_8)
FNDA:0,(anonymous_9)
FNDA:0,(anonymous_10)
FNDA:0,(anonymous_11)
FNDA:0,(anonymous_12)
FNDA:0,(anonymous_13)
FNDA:0,(anonymous_14)
DA:13,2
DA:15,2
DA:20,176
DA:21,176
DA:28,0
DA:30,0
DA:36,0
DA:41,0
DA:48,0
DA:50,0
DA:56,0
DA:58,0
DA:59,0
DA:62,0
DA:63,0
DA:64,0
DA:65,0
DA:67,0
DA:72,0
DA:75,0
DA:76,0
DA:84,0
DA:85,0
DA:93,0
DA:94,0
DA:100,0
DA:107,0
DA:109,0
DA:115,0
DA:121,0
DA:128,0
DA:130,0
DA:136,0
DA:142,0
DA:149,0
DA:151,0
DA:157,0
DA:163,0
DA:170,0
DA:172,0
DA:178,0
DA:180,0
DA:187,0
DA:189,0
DA:195,0
DA:197,0
DA:198,0
DA:201,0
DA:202,0
DA:203,0
DA:205,0
DA:210,0
DA:216,0
DA:217,0
DA:225,0
DA:226,0
DA:234,0
DA:244,0
DA:250,0
DA:252,0
DA:257,0
DA:264,0
DA:265,0
DA:266,0
DA:268,0
DA:269,0
DA:271,0
DA:279,0
DA:285,0
DA:291,0
DA:295,0
DA:301,0
DA:307,0
DA:311,0
DA:317,0
DA:319,0
DA:330,0
DA:336,0
DA:337,0
DA:338,0
DA:341,0
DA:347,0
DA:354,0
DA:355,0
LF:84
LH:4
BRDA:28,0,0,0
BRDA:41,1,0,0
BRDA:41,1,1,0
BRDA:41,1,2,0
BRDA:47,2,0,0
BRDA:48,3,0,0
BRDA:58,4,0,0
BRDA:62,5,0,0
BRDA:63,6,0,0
BRDA:64,7,0,0
BRDA:65,8,0,0
BRDA:75,9,0,0
BRDA:78,10,0,0
BRDA:78,10,1,0
BRDA:84,11,0,0
BRDA:87,12,0,0
BRDA:87,12,1,0
BRDA:93,13,0,0
BRDA:107,14,0,0
BRDA:121,15,0,0
BRDA:121,15,1,0
BRDA:121,15,2,0
BRDA:128,16,0,0
BRDA:142,17,0,0
BRDA:142,17,1,0
BRDA:142,17,2,0
BRDA:149,18,0,0
BRDA:163,19,0,0
BRDA:163,19,1,0
BRDA:163,19,2,0
BRDA:170,20,0,0
BRDA:187,21,0,0
BRDA:197,22,0,0
BRDA:201,23,0,0
BRDA:202,24,0,0
BRDA:203,25,0,0
BRDA:216,26,0,0
BRDA:219,27,0,0
BRDA:219,27,1,0
BRDA:225,28,0,0
BRDA:228,29,0,0
BRDA:228,29,1,0
BRDA:235,30,0,0
BRDA:235,30,1,0
BRDA:250,31,0,0
BRDA:250,31,1,0
BRDA:268,32,0,0
BRDA:278,33,0,0
BRDA:291,34,0,0
BRDA:291,34,1,0
BRDA:291,34,2,0
BRDA:294,35,0,0
BRDA:307,36,0,0
BRDA:307,36,1,0
BRDA:307,36,2,0
BRDA:310,37,0,0
BRDA:326,38,0,0
BRDA:328,39,0,0
BRDA:337,40,0,0
BRF:59
BRH:0
end_of_record
TN:
SF:src/core/http-client.ts
FN:28,(anonymous_1)
FN:47,(anonymous_2)
FN:64,(anonymous_3)
FN:84,(anonymous_4)
FN:87,(anonymous_5)
FN:103,(anonymous_6)
FN:111,(anonymous_7)
FN:127,(anonymous_8)
FN:147,(anonymous_9)
FN:213,(anonymous_10)
FN:229,(anonymous_11)
FN:231,(anonymous_12)
FN:251,(anonymous_13)
FN:255,(anonymous_14)
FN:259,(anonymous_15)
FN:263,(anonymous_16)
FN:267,(anonymous_17)
FN:272,(anonymous_18)
FN:277,(anonymous_19)
FN:282,(anonymous_20)
FN:287,(anonymous_21)
FN:292,(anonymous_22)
FN:298,(anonymous_23)
FN:303,(anonymous_24)
FN:309,(anonymous_25)
FN:319,(anonymous_26)
FN:324,(anonymous_27)
FNF:27
FNH:11
FNDA:22,(anonymous_1)
FNDA:1,(anonymous_2)
FNDA:22,(anonymous_3)
FNDA:22,(anonymous_4)
FNDA:0,(anonymous_5)
FNDA:0,(anonymous_6)
FNDA:0,(anonymous_7)
FNDA:0,(anonymous_8)
FNDA:0,(anonymous_9)
FNDA:0,(anonymous_10)
FNDA:0,(anonymous_11)
FNDA:0,(anonymous_12)
FNDA:0,(anonymous_13)
FNDA:0,(anonymous_14)
FNDA:0,(anonymous_15)
FNDA:0,(anonymous_16)
FNDA:0,(anonymous_17)
FNDA:2,(anonymous_18)
FNDA:1,(anonymous_19)
FNDA:1,(anonymous_20)
FNDA:1,(anonymous_21)
FNDA:1,(anonymous_22)
FNDA:0,(anonymous_23)
FNDA:1,(anonymous_24)
FNDA:0,(anonymous_25)
FNDA:2,(anonymous_26)
FNDA:0,(anonymous_27)
DA:1,2
DA:2,2
DA:4,2
DA:5,2
DA:6,2
DA:23,2
DA:28,22
DA:29,22
DA:30,22
DA:32,22
DA:43,22
DA:44,22
DA:48,1
DA:49,1
DA:51,1
DA:52,1
DA:53,1
DA:54,1
DA:56,1
DA:57,1
DA:61,1
DA:65,22
DA:66,0
DA:67,0
DA:73,0
DA:74,0
DA:80,0
DA:86,22
DA:88,0
DA:89,0
DA:91,0
DA:101,0
DA:104,0
DA:105,0
DA:110,22
DA:112,0
DA:113,0
DA:115,0
DA:125,0
DA:128,0
DA:129,0
DA:131,0
DA:142,0
DA:148,0
DA:157,0
DA:158,0
DA:159,0
DA:167,0
DA:169,0
DA:172,0
DA:174,0
DA:176,0
DA:181,0
DA:183,0
DA:187,0
DA:188,0
DA:196,0
DA:197,0
DA:205,0
DA:219,0
DA:229,0
DA:230,0
DA:231,0
DA:232,0
DA:233,0
DA:236,0
DA:237,0
DA:241,0
DA:242,0
DA:248,0
DA:252,0
DA:256,0
DA:260,0
DA:264,0
DA:268,0
DA:273,2
DA:274,2
DA:278,1
DA:279,1
DA:283,1
DA:284,1
DA:288,1
DA:289,1
DA:293,1
DA:294,1
DA:295,1
DA:299,0
DA:300,0
DA:304,1
DA:305,1
DA:310,0
DA:311,0
DA:312,0
DA:314,0
DA:320,2
DA:325,0
LF:96
LH:38
BRDA:29,0,0,22
BRDA:29,0,1,0
BRDA:34,1,0,22
BRDA:34,1,1,0
BRDA:38,2,0,22
BRDA:38,2,1,0
BRDA:48,3,0,1
BRDA:48,3,1,0
BRDA:51,4,0,1
BRDA:53,5,0,1
BRDA:56,6,0,1
BRDA:65,7,0,0
BRDA:70,8,0,0
BRDA:70,8,1,0
BRDA:70,9,0,0
BRDA:70,9,1,0
BRDA:73,10,0,0
BRDA:73,11,0,0
BRDA:73,11,1,0
BRDA:112,12,0,0
BRDA:112,12,1,0
BRDA:113,13,0,0
BRDA:113,13,1,0
BRDA:128,14,0,0
BRDA:128,14,1,0
BRDA:129,15,0,0
BRDA:129,15,1,0
BRDA:157,16,0,0
BRDA:161,17,0,0
BRDA:161,17,1,0
BRDA:167,18,0,0
BRDA:167,18,1,0
BRDA:167,18,2,0
BRDA:167,18,3,0
BRDA:167,18,4,0
BRDA:167,18,5,0
BRDA:167,18,6,0
BRDA:167,18,7,0
BRDA:167,18,8,0
BRDA:167,18,9,0
BRDA:187,19,0,0
BRDA:187,20,0,0
BRDA:187,20,1,0
BRDA:196,21,0,0
BRDA:196,22,0,0
BRDA:196,22,1,0
BRDA:217,23,0,0
BRDA:223,24,0,0
BRDA:223,24,1,0
BRDA:226,25,0,0
BRDA:226,25,1,0
BRDA:230,26,0,0
BRDA:230,26,1,0
BRDA:241,27,0,0
BRDA:241,28,0,0
BRDA:241,28,1,0
BRDA:243,29,0,0
BRDA:243,29,1,0
BRDA:244,30,0,0
BRDA:244,30,1,0
BRDA:251,31,0,0
BRDA:255,32,0,0
BRDA:259,33,0,0
BRDA:263,34,0,0
BRDA:267,35,0,0
BRF:65
BRH:7
end_of_record
TN:
SF:src/lib/integrations/AmazonIntegration.ts
FN:8,(anonymous_1)
FN:17,(anonymous_2)
FN:101,(anonymous_3)
FN:108,(anonymous_4)
FN:112,(anonymous_5)
FN:113,(anonymous_6)
FN:120,(anonymous_7)
FN:147,(anonymous_8)
FN:156,(anonymous_9)
FN:186,(anonymous_10)
FN:195,(anonymous_11)
FN:220,(anonymous_12)
FN:232,(anonymous_13)
FN:262,(anonymous_14)
FNF:14
FNH:0
FNDA:0,(anonymous_1)
FNDA:0,(anonymous_2)
FNDA:0,(anonymous_3)
FNDA:0,(anonymous_4)
FNDA:0,(anonymous_5)
FNDA:0,(anonymous_6)
FNDA:0,(anonymous_7)
FNDA:0,(anonymous_8)
FNDA:0,(anonymous_9)
FNDA:0,(anonymous_10)
FNDA:0,(anonymous_11)
FNDA:0,(anonymous_12)
FNDA:0,(anonymous_13)
FNDA:0,(anonymous_14)
DA:1,0
DA:8,0
DA:9,0
DA:10,0
DA:11,0
DA:12,0
DA:13,0
DA:14,0
DA:17,0
DA:18,0
DA:19,0
DA:100,0
DA:101,0
DA:102,0
DA:103,0
DA:107,0
DA:109,0
DA:113,0
DA:114,0
DA:115,0
DA:129,0
DA:136,0
DA:137,0
DA:138,0
DA:143,0
DA:148,0
DA:149,0
DA:150,0
DA:152,0
DA:166,0
DA:175,0
DA:176,0
DA:177,0
DA:182,0
DA:187,0
DA:188,0
DA:189,0
DA:191,0
DA:203,0
DA:209,0
DA:210,0
DA:211,0
DA:216,0
DA:221,0
DA:222,0
DA:223,0
DA:225,0
DA:226,0
DA:228,0
DA:242,0
DA:251,0
DA:252,0
DA:253,0
DA:258,0
DA:263,0
DA:264,0
DA:265,0
DA:267,0
LF:58
LH:0
BRDA:8,0,0,0
BRDA:8,0,1,0
BRDA:17,1,0,0
BRDA:17,1,1,0
BRDA:108,2,0,0
BRDA:114,3,0,0
BRDA:114,4,0,0
BRDA:114,4,1,0
BRDA:120,5,0,0
BRDA:130,6,0,0
BRDA:130,6,1,0
BRDA:131,7,0,0
BRDA:131,7,1,0
BRDA:132,8,0,0
BRDA:132,8,1,0
BRDA:133,9,0,0
BRDA:133,9,1,0
BRDA:140,10,0,0
BRDA:140,10,1,0
BRDA:140,11,0,0
BRDA:140,11,1,0
BRDA:140,12,0,0
BRDA:140,12,1,0
BRDA:156,13,0,0
BRDA:167,14,0,0
BRDA:167,14,1,0
BRDA:168,15,0,0
BRDA:168,15,1,0
BRDA:169,16,0,0
BRDA:169,16,1,0
BRDA:170,17,0,0
BRDA:170,17,1,0
BRDA:171,18,0,0
BRDA:171,18,1,0
BRDA:172,19,0,0
BRDA:172,19,1,0
BRDA:179,20,0,0
BRDA:179,20,1,0
BRDA:179,21,0,0
BRDA:179,21,1,0
BRDA:179,22,0,0
BRDA:179,22,1,0
BRDA:195,23,0,0
BRDA:204,24,0,0
BRDA:204,24,1,0
BRDA:205,25,0,0
BRDA:205,25,1,0
BRDA:206,26,0,0
BRDA:206,26,1,0
BRDA:213,27,0,0
BRDA:213,27,1,0
BRDA:213,28,0,0
BRDA:213,28,1,0
BRDA:213,29,0,0
BRDA:213,29,1,0
BRDA:222,30,0,0
BRDA:232,31,0,0
BRDA:243,32,0,0
BRDA:243,32,1,0
BRDA:244,33,0,0
BRDA:244,33,1,0
BRDA:245,34,0,0
BRDA:245,34,1,0
BRDA:246,35,0,0
BRDA:246,35,1,0
BRDA:247,36,0,0
BRDA:247,36,1,0
BRDA:248,37,0,0
BRDA:248,37,1,0
BRDA:255,38,0,0
BRDA:255,38,1,0
BRDA:255,39,0,0
BRDA:255,39,1,0
BRDA:255,40,0,0
BRDA:255,40,1,0
BRF:75
BRH:0
end_of_record
TN:
SF:src/lib/integrations/BaseIntegration.ts
FN:8,(anonymous_1)
FN:13,(anonymous_2)
FNF:2
FNH:0
FNDA:0,(anonymous_1)
FNDA:0,(anonymous_2)
DA:2,0
DA:4,0
DA:9,0
DA:10,0
DA:14,0
DA:15,0
DA:16,0
DA:25,0
DA:27,0
DA:28,0
LF:10
LH:0
BRF:0
BRH:0
end_of_record
TN:
SF:src/lib/integrations/BigCommerceIntegration.ts
FN:8,(anonymous_1)
FN:14,(anonymous_2)
FN:119,(anonymous_3)
FN:126,(anonymous_4)
FN:130,(anonymous_5)
FN:131,(anonymous_6)
FN:138,(anonymous_7)
FN:170,(anonymous_8)
FN:180,(anonymous_9)
FN:213,(anonymous_10)
FN:223,(anonymous_11)
FN:253,(anonymous_12)
FN:263,(anonymous_13)
FN:272,(anonymous_14)
FNF:14
FNH:0
FNDA:0,(anonymous_1)
FNDA:0,(anonymous_2)
FNDA:0,(anonymous_3)
FNDA:0,(anonymous_4)
FNDA:0,(anonymous_5)
FNDA:0,(anonymous_6)
FNDA:0,(anonymous_7)
FNDA:0,(anonymous_8)
FNDA:0,(anonymous_9)
FNDA:0,(anonymous_10)
FNDA:0,(anonymous_11)
FNDA:0,(anonymous_12)
FNDA:0,(anonymous_13)
FNDA:0,(anonymous_14)
DA:1,0
DA:8,0
DA:9,0
DA:10,0
DA:11,0
DA:14,0
DA:15,0
DA:16,0
DA:17,0
DA:18,0
DA:19,0
DA:20,0
DA:21,0
DA:22,0
DA:118,0
DA:119,0
DA:120,0
DA:121,0
DA:125,0
DA:127,0
DA:131,0
DA:132,0
DA:133,0
DA:147,0
DA:154,0
DA:155,0
DA:156,0
DA:166,0
DA:171,0
DA:172,0
DA:173,0
DA:174,0
DA:176,0
DA:189,0
DA:197,0
DA:198,0
DA:199,0
DA:209,0
DA:214,0
DA:215,0
DA:216,0
DA:217,0
DA:219,0
DA:231,0
DA:237,0
DA:238,0
DA:239,0
DA:249,0
DA:254,0
DA:255,0
DA:256,0
DA:257,0
DA:259,0
DA:264,0
DA:265,0
DA:266,0
DA:268,0
DA:276,0
DA:277,0
DA:278,0
DA:281,0
DA:283,0
LF:62
LH:0
BRDA:8,0,0,0
BRDA:8,0,1,0
BRDA:14,1,0,0
BRDA:14,1,1,0
BRDA:126,2,0,0
BRDA:132,3,0,0
BRDA:132,4,0,0
BRDA:132,4,1,0
BRDA:138,5,0,0
BRDA:148,6,0,0
BRDA:148,6,1,0
BRDA:149,7,0,0
BRDA:149,7,1,0
BRDA:150,8,0,0
BRDA:150,8,1,0
BRDA:151,9,0,0
BRDA:151,9,1,0
BRDA:180,10,0,0
BRDA:190,11,0,0
BRDA:190,11,1,0
BRDA:191,12,0,0
BRDA:191,12,1,0
BRDA:192,13,0,0
BRDA:192,13,1,0
BRDA:193,14,0,0
BRDA:193,14,1,0
BRDA:194,15,0,0
BRDA:194,15,1,0
BRDA:223,16,0,0
BRDA:232,17,0,0
BRDA:232,17,1,0
BRDA:233,18,0,0
BRDA:233,18,1,0
BRDA:234,19,0,0
BRDA:234,19,1,0
BRF:35
BRH:0
end_of_record
TN:
SF:src/lib/integrations/DHLIntegration.ts
FN:4,(anonymous_1)
FN:8,(anonymous_2)
FN:12,(anonymous_3)
FN:16,(anonymous_4)
FN:20,(anonymous_5)
FN:24,(anonymous_6)
FN:28,(anonymous_7)
FNF:7
FNH:0
FNDA:0,(anonymous_1)
FNDA:0,(anonymous_2)
FNDA:0,(anonymous_3)
FNDA:0,(anonymous_4)
FNDA:0,(anonymous_5)
FNDA:0,(anonymous_6)
FNDA:0,(anonymous_7)
DA:1,0
DA:3,0
DA:5,0
DA:9,0
DA:13,0
DA:17,0
DA:21,0
DA:25,0
DA:29,0
LF:9
LH:0
BRF:0
BRH:0
end_of_record
TN:
SF:src/lib/integrations/FedExIntegration.ts
FN:4,(anonymous_1)
FN:8,(anonymous_2)
FN:12,(anonymous_3)
FN:16,(anonymous_4)
FN:20,(anonymous_5)
FN:24,(anonymous_6)
FN:28,(anonymous_7)
FNF:7
FNH:0
FNDA:0,(anonymous_1)
FNDA:0,(anonymous_2)
FNDA:0,(anonymous_3)
FNDA:0,(anonymous_4)
FNDA:0,(anonymous_5)
FNDA:0,(anonymous_6)
FNDA:0,(anonymous_7)
DA:1,0
DA:3,0
DA:5,0
DA:9,0
DA:13,0
DA:17,0
DA:21,0
DA:25,0
DA:29,0
LF:9
LH:0
BRF:0
BRH:0
end_of_record
TN:
SF:src/lib/integrations/GorgiasIntegration.ts
FN:8,(anonymous_1)
FN:15,(anonymous_2)
FN:23,(anonymous_3)
FN:74,(anonymous_4)
FN:81,(anonymous_5)
FN:85,(anonymous_6)
FN:86,(anonymous_7)
FN:93,(anonymous_8)
FN:126,(anonymous_9)
FN:136,(anonymous_10)
FN:168,(anonymous_11)
FN:181,(anonymous_12)
FN:193,(anonymous_13)
FNF:13
FNH:0
FNDA:0,(anonymous_1)
FNDA:0,(anonymous_2)
FNDA:0,(anonymous_3)
FNDA:0,(anonymous_4)
FNDA:0,(anonymous_5)
FNDA:0,(anonymous_6)
FNDA:0,(anonymous_7)
FNDA:0,(anonymous_8)
FNDA:0,(anonymous_9)
FNDA:0,(anonymous_10)
FNDA:0,(anonymous_11)
FNDA:0,(anonymous_12)
FNDA:0,(anonymous_13)
DA:1,0
DA:8,0
DA:9,0
DA:10,0
DA:11,0
DA:12,0
DA:15,0
DA:16,0
DA:17,0
DA:18,0
DA:19,0
DA:20,0
DA:23,0
DA:24,0
DA:25,0
DA:26,0
DA:73,0
DA:74,0
DA:75,0
DA:76,0
DA:80,0
DA:82,0
DA:86,0
DA:87,0
DA:88,0
DA:103,0
DA:111,0
DA:112,0
DA:113,0
DA:122,0
DA:127,0
DA:128,0
DA:129,0
DA:130,0
DA:132,0
DA:147,0
DA:153,0
DA:154,0
DA:155,0
DA:164,0
DA:172,0
DA:173,0
DA:174,0
DA:175,0
DA:177,0
DA:185,0
DA:186,0
DA:187,0
DA:189,0
DA:194,0
DA:195,0
DA:199,0
DA:201,0
LF:53
LH:0
BRDA:8,0,0,0
BRDA:8,0,1,0
BRDA:15,1,0,0
BRDA:15,1,1,0
BRDA:23,2,0,0
BRDA:23,2,1,0
BRDA:81,3,0,0
BRDA:87,4,0,0
BRDA:87,5,0,0
BRDA:87,5,1,0
BRDA:93,6,0,0
BRDA:104,7,0,0
BRDA:104,7,1,0
BRDA:105,8,0,0
BRDA:105,8,1,0
BRDA:106,9,0,0
BRDA:106,9,1,0
BRDA:107,10,0,0
BRDA:107,10,1,0
BRDA:108,11,0,0
BRDA:108,11,1,0
BRDA:116,12,0,0
BRDA:116,12,1,0
BRDA:138,13,0,0
BRDA:148,14,0,0
BRDA:148,14,1,0
BRDA:149,15,0,0
BRDA:149,15,1,0
BRDA:150,16,0,0
BRDA:150,16,1,0
BRDA:158,17,0,0
BRDA:158,17,1,0
BRDA:197,18,0,0
BRDA:197,18,1,0
BRF:34
BRH:0
end_of_record
TN:
SF:src/lib/integrations/KlaviyoIntegration.ts
FN:8,(anonymous_1)
FN:17,(anonymous_2)
FN:67,(anonymous_3)
FN:74,(anonymous_4)
FN:78,(anonymous_5)
FN:102,(anonymous_6)
FN:126,(anonymous_7)
FN:168,(anonymous_8)
FN:190,(anonymous_9)
FN:210,(anonymous_10)
FNF:10
FNH:0
FNDA:0,(anonymous_1)
FNDA:0,(anonymous_2)
FNDA:0,(anonymous_3)
FNDA:0,(anonymous_4)
FNDA:0,(anonymous_5)
FNDA:0,(anonymous_6)
FNDA:0,(anonymous_7)
FNDA:0,(anonymous_8)
FNDA:0,(anonymous_9)
FNDA:0,(anonymous_10)
DA:1,0
DA:8,0
DA:9,0
DA:10,0
DA:11,0
DA:12,0
DA:13,0
DA:14,0
DA:17,0
DA:18,0
DA:19,0
DA:20,0
DA:21,0
DA:22,0
DA:23,0
DA:24,0
DA:66,0
DA:67,0
DA:68,0
DA:69,0
DA:73,0
DA:75,0
DA:89,0
DA:99,0
DA:100,0
DA:101,0
DA:102,0
DA:122,0
DA:127,0
DA:128,0
DA:130,0
DA:131,0
DA:149,0
DA:150,0
DA:164,0
DA:178,0
DA:187,0
DA:188,0
DA:189,0
DA:190,0
DA:206,0
DA:211,0
DA:212,0
DA:213,0
DA:216,0
DA:217,0
DA:230,0
DA:231,0
DA:241,0
LF:49
LH:0
BRDA:8,0,0,0
BRDA:8,0,1,0
BRDA:17,1,0,0
BRDA:17,1,1,0
BRDA:74,2,0,0
BRDA:78,3,0,0
BRDA:90,4,0,0
BRDA:90,4,1,0
BRDA:91,5,0,0
BRDA:91,5,1,0
BRDA:92,6,0,0
BRDA:92,6,1,0
BRDA:93,7,0,0
BRDA:93,7,1,0
BRDA:94,8,0,0
BRDA:94,8,1,0
BRDA:95,9,0,0
BRDA:95,9,1,0
BRDA:96,10,0,0
BRDA:96,10,1,0
BRDA:116,11,0,0
BRDA:116,11,1,0
BRDA:127,12,0,0
BRDA:128,13,0,0
BRDA:136,14,0,0
BRDA:136,14,1,0
BRDA:142,15,0,0
BRDA:142,15,1,0
BRDA:168,16,0,0
BRDA:179,17,0,0
BRDA:179,17,1,0
BRDA:180,18,0,0
BRDA:180,18,1,0
BRDA:181,19,0,0
BRDA:181,19,1,0
BRDA:182,20,0,0
BRDA:182,20,1,0
BRDA:183,21,0,0
BRDA:183,21,1,0
BRDA:184,22,0,0
BRDA:184,22,1,0
BRDA:200,23,0,0
BRDA:200,23,1,0
BRDA:211,24,0,0
BRDA:212,25,0,0
BRDA:212,26,0,0
BRDA:212,26,1,0
BRDA:212,26,2,0
BRDA:222,27,0,0
BRDA:222,27,1,0
BRDA:224,28,0,0
BRDA:224,28,1,0
BRDA:225,29,0,0
BRDA:225,29,1,0
BRDA:226,30,0,0
BRDA:226,30,1,0
BRF:56
BRH:0
end_of_record
TN:
SF:src/lib/integrations/NetsuiteIntegration.ts
FN:8,(anonymous_1)
FN:16,(anonymous_2)
FN:79,(anonymous_3)
FN:86,(anonymous_4)
FN:90,(anonymous_5)
FN:91,(anonymous_6)
FN:98,(anonymous_7)
FN:119,(anonymous_8)
FN:144,(anonymous_9)
FN:154,(anonymous_10)
FN:165,(anonymous_11)
FN:175,(anonymous_12)
FN:186,(anonymous_13)
FN:196,(anonymous_14)
FN:207,(anonymous_15)
FN:217,(anonymous_16)
FN:228,(anonymous_17)
FN:238,(anonymous_18)
FN:249,(anonymous_19)
FN:259,(anonymous_20)
FN:270,(anonymous_21)
FN:280,(anonymous_22)
FN:291,(anonymous_23)
FN:301,(anonymous_24)
FN:310,(anonymous_25)
FN:320,(anonymous_26)
FN:331,(anonymous_27)
FN:341,(anonymous_28)
FN:352,(anonymous_29)
FN:362,(anonymous_30)
FN:373,(anonymous_31)
FN:383,(anonymous_32)
FN:394,(anonymous_33)
FN:404,(anonymous_34)
FN:415,(anonymous_35)
FN:425,(anonymous_36)
FN:436,(anonymous_37)
FN:446,(anonymous_38)
FN:457,(anonymous_39)
FN:467,(anonymous_40)
FN:478,(anonymous_41)
FNF:41
FNH:0
FNDA:0,(anonymous_1)
FNDA:0,(anonymous_2)
FNDA:0,(anonymous_3)
FNDA:0,(anonymous_4)
FNDA:0,(anonymous_5)
FNDA:0,(anonymous_6)
FNDA:0,(anonymous_7)
FNDA:0,(anonymous_8)
FNDA:0,(anonymous_9)
FNDA:0,(anonymous_10)
FNDA:0,(anonymous_11)
FNDA:0,(anonymous_12)
FNDA:0,(anonymous_13)
FNDA:0,(anonymous_14)
FNDA:0,(anonymous_15)
FNDA:0,(anonymous_16)
FNDA:0,(anonymous_17)
FNDA:0,(anonymous_18)
FNDA:0,(anonymous_19)
FNDA:0,(anonymous_20)
FNDA:0,(anonymous_21)
FNDA:0,(anonymous_22)
FNDA:0,(anonymous_23)
FNDA:0,(anonymous_24)
FNDA:0,(anonymous_25)
FNDA:0,(anonymous_26)
FNDA:0,(anonymous_27)
FNDA:0,(anonymous_28)
FNDA:0,(anonymous_29)
FNDA:0,(anonymous_30)
FNDA:0,(anonymous_31)
FNDA:0,(anonymous_32)
FNDA:0,(anonymous_33)
FNDA:0,(anonymous_34)
FNDA:0,(anonymous_35)
FNDA:0,(anonymous_36)
FNDA:0,(anonymous_37)
FNDA:0,(anonymous_38)
FNDA:0,(anonymous_39)
FNDA:0,(anonymous_40)
FNDA:0,(anonymous_41)
DA:1,0
DA:8,0
DA:9,0
DA:10,0
DA:11,0
DA:12,0
DA:13,0
DA:16,0
DA:17,0
DA:18,0
DA:19,0
DA:20,0
DA:78,0
DA:79,0
DA:80,0
DA:81,0
DA:85,0
DA:87,0
DA:91,0
DA:92,0
DA:93,0
DA:103,0
DA:108,0
DA:109,0
DA:123,0
DA:129,0
DA:130,0
DA:131,0
DA:140,0
DA:145,0
DA:146,0
DA:147,0
DA:148,0
DA:150,0
DA:158,0
DA:159,0
DA:166,0
DA:167,0
DA:168,0
DA:169,0
DA:171,0
DA:179,0
DA:180,0
DA:187,0
DA:188,0
DA:189,0
DA:190,0
DA:192,0
DA:200,0
DA:201,0
DA:208,0
DA:209,0
DA:210,0
DA:211,0
DA:213,0
DA:221,0
DA:222,0
DA:229,0
DA:230,0
DA:231,0
DA:232,0
DA:234,0
DA:242,0
DA:243,0
DA:250,0
DA:251,0
DA:252,0
DA:253,0
DA:255,0
DA:263,0
DA:264,0
DA:271,0
DA:272,0
DA:273,0
DA:274,0
DA:276,0
DA:284,0
DA:285,0
DA:292,0
DA:293,0
DA:294,0
DA:295,0
DA:297,0
DA:302,0
DA:303,0
DA:304,0
DA:306,0
DA:311,0
DA:312,0
DA:313,0
DA:314,0
DA:316,0
DA:324,0
DA:325,0
DA:332,0
DA:333,0
DA:334,0
DA:335,0
DA:337,0
DA:345,0
DA:346,0
DA:353,0
DA:354,0
DA:355,0
DA:356,0
DA:358,0
DA:366,0
DA:367,0
DA:374,0
DA:375,0
DA:376,0
DA:377,0
DA:379,0
DA:387,0
DA:388,0
DA:395,0
DA:396,0
DA:397,0
DA:398,0
DA:400,0
DA:408,0
DA:409,0
DA:416,0
DA:417,0
DA:418,0
DA:419,0
DA:421,0
DA:429,0
DA:430,0
DA:437,0
DA:438,0
DA:439,0
DA:440,0
DA:442,0
DA:450,0
DA:451,0
DA:458,0
DA:459,0
DA:460,0
DA:461,0
DA:463,0
DA:471,0
DA:472,0
DA:479,0
DA:480,0
DA:481,0
DA:482,0
DA:484,0
LF:148
LH:0
BRDA:8,0,0,0
BRDA:8,0,1,0
BRDA:16,1,0,0
BRDA:16,1,1,0
BRDA:86,2,0,0
BRDA:92,3,0,0
BRDA:92,4,0,0
BRDA:92,4,1,0
BRDA:101,5,0,0
BRDA:104,6,0,0
BRDA:104,6,1,0
BRDA:105,7,0,0
BRDA:105,7,1,0
BRDA:113,8,0,0
BRDA:113,8,1,0
BRDA:114,9,0,0
BRDA:114,9,1,0
BRDA:119,10,0,0
BRDA:124,11,0,0
BRDA:124,11,1,0
BRDA:125,12,0,0
BRDA:125,12,1,0
BRDA:126,13,0,0
BRDA:126,13,1,0
BRDA:135,14,0,0
BRDA:135,14,1,0
BRDA:136,15,0,0
BRDA:136,15,1,0
BRDA:154,16,0,0
BRDA:175,17,0,0
BRDA:196,18,0,0
BRDA:217,19,0,0
BRDA:238,20,0,0
BRDA:259,21,0,0
BRDA:280,22,0,0
BRDA:320,23,0,0
BRDA:341,24,0,0
BRDA:362,25,0,0
BRDA:383,26,0,0
BRDA:404,27,0,0
BRDA:425,28,0,0
BRDA:446,29,0,0
BRDA:467,30,0,0
BRF:43
BRH:0
end_of_record
TN:
SF:src/lib/integrations/OpenAIIntegration.ts
FN:31,(anonymous_1)
FN:41,(anonymous_2)
FNF:2
FNH:2
FNDA:1,(anonymous_1)
FNDA:1,(anonymous_2)
DA:1,1
DA:28,1
DA:32,1
DA:45,1
DA:50,1
DA:51,1
LF:6
LH:6
BRDA:31,0,0,0
BRDA:43,1,0,1
BRDA:46,2,0,1
BRDA:46,2,1,1
BRF:4
BRH:3
end_of_record
TN:
SF:src/lib/integrations/PayPalIntegration.ts
FN:4,(anonymous_1)
FN:8,(anonymous_2)
FN:12,(anonymous_3)
FN:16,(anonymous_4)
FN:20,(anonymous_5)
FN:24,(anonymous_6)
FN:28,(anonymous_7)
FN:32,(anonymous_8)
FN:36,(anonymous_9)
FN:40,(anonymous_10)
FN:44,(anonymous_11)
FN:48,(anonymous_12)
FN:52,(anonymous_13)
FNF:13
FNH:0
FNDA:0,(anonymous_1)
FNDA:0,(anonymous_2)
FNDA:0,(anonymous_3)
FNDA:0,(anonymous_4)
FNDA:0,(anonymous_5)
FNDA:0,(anonymous_6)
FNDA:0,(anonymous_7)
FNDA:0,(anonymous_8)
FNDA:0,(anonymous_9)
FNDA:0,(anonymous_10)
FNDA:0,(anonymous_11)
FNDA:0,(anonymous_12)
FNDA:0,(anonymous_13)
DA:1,0
DA:3,0
DA:5,0
DA:9,0
DA:13,0
DA:17,0
DA:21,0
DA:25,0
DA:29,0
DA:33,0
DA:37,0
DA:41,0
DA:45,0
DA:49,0
DA:53,0
LF:15
LH:0
BRF:0
BRH:0
end_of_record
TN:
SF:src/lib/integrations/QuickbooksIntegration.ts
FN:8,(anonymous_1)
FN:16,(anonymous_2)
FN:115,(anonymous_3)
FN:122,(anonymous_4)
FN:126,(anonymous_5)
FN:127,(anonymous_6)
FN:134,(anonymous_7)
FN:163,(anonymous_8)
FN:173,(anonymous_9)
FN:202,(anonymous_10)
FN:212,(anonymous_11)
FN:241,(anonymous_12)
FN:252,(anonymous_13)
FN:281,(anonymous_14)
FNF:14
FNH:0
FNDA:0,(anonymous_1)
FNDA:0,(anonymous_2)
FNDA:0,(anonymous_3)
FNDA:0,(anonymous_4)
FNDA:0,(anonymous_5)
FNDA:0,(anonymous_6)
FNDA:0,(anonymous_7)
FNDA:0,(anonymous_8)
FNDA:0,(anonymous_9)
FNDA:0,(anonymous_10)
FNDA:0,(anonymous_11)
FNDA:0,(anonymous_12)
FNDA:0,(anonymous_13)
FNDA:0,(anonymous_14)
DA:1,0
DA:8,0
DA:9,0
DA:10,0
DA:11,0
DA:12,0
DA:13,0
DA:16,0
DA:17,0
DA:18,0
DA:19,0
DA:20,0
DA:21,0
DA:114,0
DA:115,0
DA:116,0
DA:117,0
DA:121,0
DA:123,0
DA:127,0
DA:128,0
DA:129,0
DA:142,0
DA:148,0
DA:149,0
DA:150,0
DA:159,0
DA:164,0
DA:165,0
DA:166,0
DA:167,0
DA:169,0
DA:181,0
DA:187,0
DA:188,0
DA:189,0
DA:198,0
DA:203,0
DA:204,0
DA:205,0
DA:206,0
DA:208,0
DA:220,0
DA:226,0
DA:227,0
DA:228,0
DA:237,0
DA:242,0
DA:243,0
DA:244,0
DA:245,0
DA:246,0
DA:248,0
DA:260,0
DA:266,0
DA:267,0
DA:268,0
DA:277,0
DA:282,0
DA:283,0
DA:284,0
DA:285,0
DA:287,0
LF:63
LH:0
BRDA:8,0,0,0
BRDA:8,0,1,0
BRDA:16,1,0,0
BRDA:16,1,1,0
BRDA:122,2,0,0
BRDA:128,3,0,0
BRDA:128,4,0,0
BRDA:128,4,1,0
BRDA:134,5,0,0
BRDA:143,6,0,0
BRDA:143,6,1,0
BRDA:144,7,0,0
BRDA:144,7,1,0
BRDA:145,8,0,0
BRDA:145,8,1,0
BRDA:151,9,0,0
BRDA:151,9,1,0
BRDA:153,10,0,0
BRDA:153,10,1,0
BRDA:153,10,2,0
BRDA:154,11,0,0
BRDA:154,11,1,0
BRDA:155,12,0,0
BRDA:155,12,1,0
BRDA:173,13,0,0
BRDA:182,14,0,0
BRDA:182,14,1,0
BRDA:183,15,0,0
BRDA:183,15,1,0
BRDA:184,16,0,0
BRDA:184,16,1,0
BRDA:190,17,0,0
BRDA:190,17,1,0
BRDA:192,18,0,0
BRDA:192,18,1,0
BRDA:192,18,2,0
BRDA:193,19,0,0
BRDA:193,19,1,0
BRDA:194,20,0,0
BRDA:194,20,1,0
BRDA:212,21,0,0
BRDA:221,22,0,0
BRDA:221,22,1,0
BRDA:222,23,0,0
BRDA:222,23,1,0
BRDA:223,24,0,0
BRDA:223,24,1,0
BRDA:229,25,0,0
BRDA:229,25,1,0
BRDA:229,25,2,0
BRDA:231,26,0,0
BRDA:231,26,1,0
BRDA:231,26,2,0
BRDA:231,27,0,0
BRDA:231,27,1,0
BRDA:232,28,0,0
BRDA:232,28,1,0
BRDA:233,29,0,0
BRDA:233,29,1,0
BRDA:244,30,0,0
BRDA:244,30,1,0
BRDA:252,31,0,0
BRDA:261,32,0,0
BRDA:261,32,1,0
BRDA:262,33,0,0
BRDA:262,33,1,0
BRDA:263,34,0,0
BRDA:263,34,1,0
BRDA:269,35,0,0
BRDA:269,35,1,0
BRDA:271,36,0,0
BRDA:271,36,1,0
BRDA:271,36,2,0
BRDA:272,37,0,0
BRDA:272,37,1,0
BRDA:273,38,0,0
BRDA:273,38,1,0
BRF:77
BRH:0
end_of_record
TN:
SF:src/lib/integrations/ShipStationIntegration.ts
FN:8,(anonymous_1)
FN:16,(anonymous_2)
FN:111,(anonymous_3)
FN:118,(anonymous_4)
FN:122,(anonymous_5)
FN:123,(anonymous_6)
FN:130,(anonymous_7)
FN:160,(anonymous_8)
FN:170,(anonymous_9)
FN:204,(anonymous_10)
FN:214,(anonymous_11)
FN:250,(anonymous_12)
FN:260,(anonymous_13)
FN:269,(anonymous_14)
FNF:14
FNH:0
FNDA:0,(anonymous_1)
FNDA:0,(anonymous_2)
FNDA:0,(anonymous_3)
FNDA:0,(anonymous_4)
FNDA:0,(anonymous_5)
FNDA:0,(anonymous_6)
FNDA:0,(anonymous_7)
FNDA:0,(anonymous_8)
FNDA:0,(anonymous_9)
FNDA:0,(anonymous_10)
FNDA:0,(anonymous_11)
FNDA:0,(anonymous_12)
FNDA:0,(anonymous_13)
FNDA:0,(anonymous_14)
DA:1,0
DA:8,0
DA:9,0
DA:10,0
DA:11,0
DA:12,0
DA:13,0
DA:16,0
DA:17,0
DA:18,0
DA:19,0
DA:20,0
DA:110,0
DA:111,0
DA:112,0
DA:113,0
DA:117,0
DA:119,0
DA:123,0
DA:124,0
DA:125,0
DA:138,0
DA:144,0
DA:145,0
DA:146,0
DA:156,0
DA:161,0
DA:162,0
DA:163,0
DA:164,0
DA:166,0
DA:180,0
DA:188,0
DA:189,0
DA:190,0
DA:200,0
DA:205,0
DA:206,0
DA:207,0
DA:208,0
DA:210,0
DA:225,0
DA:234,0
DA:235,0
DA:236,0
DA:246,0
DA:251,0
DA:252,0
DA:253,0
DA:254,0
DA:256,0
DA:261,0
DA:262,0
DA:263,0
DA:265,0
DA:277,0
DA:278,0
DA:279,0
DA:280,0
DA:282,0
LF:60
LH:0
BRDA:8,0,0,0
BRDA:8,0,1,0
BRDA:16,1,0,0
BRDA:16,1,1,0
BRDA:118,2,0,0
BRDA:124,3,0,0
BRDA:124,4,0,0
BRDA:124,4,1,0
BRDA:130,5,0,0
BRDA:139,6,0,0
BRDA:139,6,1,0
BRDA:140,7,0,0
BRDA:140,7,1,0
BRDA:141,8,0,0
BRDA:141,8,1,0
BRDA:152,9,0,0
BRDA:152,9,1,0
BRDA:170,10,0,0
BRDA:181,11,0,0
BRDA:181,11,1,0
BRDA:182,12,0,0
BRDA:182,12,1,0
BRDA:183,13,0,0
BRDA:183,13,1,0
BRDA:184,14,0,0
BRDA:184,14,1,0
BRDA:185,15,0,0
BRDA:185,15,1,0
BRDA:196,16,0,0
BRDA:196,16,1,0
BRDA:214,17,0,0
BRDA:226,18,0,0
BRDA:226,18,1,0
BRDA:227,19,0,0
BRDA:227,19,1,0
BRDA:228,20,0,0
BRDA:228,20,1,0
BRDA:229,21,0,0
BRDA:229,21,1,0
BRDA:230,22,0,0
BRDA:230,22,1,0
BRDA:231,23,0,0
BRDA:231,23,1,0
BRDA:242,24,0,0
BRDA:242,24,1,0
BRF:45
BRH:0
end_of_record
TN:
SF:src/lib/integrations/ShipfusionIntegration.ts
FN:4,(anonymous_1)
FN:8,(anonymous_2)
FN:12,(anonymous_3)
FN:16,(anonymous_4)
FN:20,(anonymous_5)
FN:24,(anonymous_6)
FN:28,(anonymous_7)
FN:32,(anonymous_8)
FN:36,(anonymous_9)
FNF:9
FNH:0
FNDA:0,(anonymous_1)
FNDA:0,(anonymous_2)
FNDA:0,(anonymous_3)
FNDA:0,(anonymous_4)
FNDA:0,(anonymous_5)
FNDA:0,(anonymous_6)
FNDA:0,(anonymous_7)
FNDA:0,(anonymous_8)
FNDA:0,(anonymous_9)
DA:1,0
DA:3,0
DA:5,0
DA:9,0
DA:13,0
DA:17,0
DA:21,0
DA:25,0
DA:29,0
DA:33,0
DA:37,0
LF:11
LH:0
BRF:0
BRH:0
end_of_record
TN:
SF:src/lib/integrations/ShopifyIntegration.ts
FN:8,(anonymous_1)
FN:14,(anonymous_2)
FN:21,(anonymous_3)
FN:110,(anonymous_4)
FN:117,(anonymous_5)
FN:121,(anonymous_6)
FN:122,(anonymous_7)
FN:129,(anonymous_8)
FN:156,(anonymous_9)
FN:166,(anonymous_10)
FN:175,(anonymous_11)
FN:183,(anonymous_12)
FN:211,(anonymous_13)
FN:221,(anonymous_14)
FN:230,(anonymous_15)
FN:238,(anonymous_16)
FN:263,(anonymous_17)
FN:273,(anonymous_18)
FN:282,(anonymous_19)
FN:290,(anonymous_20)
FN:315,(anonymous_21)
FN:332,(anonymous_22)
FN:351,(anonymous_23)
FNF:23
FNH:0
FNDA:0,(anonymous_1)
FNDA:0,(anonymous_2)
FNDA:0,(anonymous_3)
FNDA:0,(anonymous_4)
FNDA:0,(anonymous_5)
FNDA:0,(anonymous_6)
FNDA:0,(anonymous_7)
FNDA:0,(anonymous_8)
FNDA:0,(anonymous_9)
FNDA:0,(anonymous_10)
FNDA:0,(anonymous_11)
FNDA:0,(anonymous_12)
FNDA:0,(anonymous_13)
FNDA:0,(anonymous_14)
FNDA:0,(anonymous_15)
FNDA:0,(anonymous_16)
FNDA:0,(anonymous_17)
FNDA:0,(anonymous_18)
FNDA:0,(anonymous_19)
FNDA:0,(anonymous_20)
FNDA:0,(anonymous_21)
FNDA:0,(anonymous_22)
FNDA:0,(anonymous_23)
DA:1,0
DA:8,0
DA:9,0
DA:10,0
DA:11,0
DA:14,0
DA:15,0
DA:16,0
DA:17,0
DA:18,0
DA:21,0
DA:22,0
DA:23,0
DA:24,0
DA:109,0
DA:110,0
DA:111,0
DA:112,0
DA:116,0
DA:118,0
DA:122,0
DA:123,0
DA:124,0
DA:138,0
DA:145,0
DA:146,0
DA:147,0
DA:152,0
DA:157,0
DA:158,0
DA:159,0
DA:160,0
DA:162,0
DA:167,0
DA:168,0
DA:169,0
DA:171,0
DA:176,0
DA:177,0
DA:179,0
DA:192,0
DA:200,0
DA:201,0
DA:202,0
DA:207,0
DA:212,0
DA:213,0
DA:214,0
DA:215,0
DA:217,0
DA:222,0
DA:223,0
DA:224,0
DA:226,0
DA:231,0
DA:232,0
DA:234,0
DA:246,0
DA:252,0
DA:253,0
DA:254,0
DA:259,0
DA:264,0
DA:265,0
DA:266,0
DA:267,0
DA:269,0
DA:274,0
DA:275,0
DA:276,0
DA:278,0
DA:283,0
DA:284,0
DA:286,0
DA:298,0
DA:304,0
DA:305,0
DA:306,0
DA:311,0
DA:320,0
DA:321,0
DA:322,0
DA:324,0
DA:325,0
DA:326,0
DA:328,0
DA:336,0
DA:337,0
DA:338,0
DA:340,0
DA:341,0
DA:344,0
DA:345,0
DA:347,0
DA:352,0
DA:353,0
DA:355,0
LF:97
LH:0
BRDA:8,0,0,0
BRDA:8,0,1,0
BRDA:14,1,0,0
BRDA:14,1,1,0
BRDA:21,2,0,0
BRDA:21,2,1,0
BRDA:117,3,0,0
BRDA:123,4,0,0
BRDA:123,5,0,0
BRDA:123,5,1,0
BRDA:129,6,0,0
BRDA:139,7,0,0
BRDA:139,7,1,0
BRDA:140,8,0,0
BRDA:140,8,1,0
BRDA:141,9,0,0
BRDA:141,9,1,0
BRDA:142,10,0,0
BRDA:142,10,1,0
BRDA:149,11,0,0
BRDA:149,11,1,0
BRDA:183,12,0,0
BRDA:193,13,0,0
BRDA:193,13,1,0
BRDA:194,14,0,0
BRDA:194,14,1,0
BRDA:195,15,0,0
BRDA:195,15,1,0
BRDA:196,16,0,0
BRDA:196,16,1,0
BRDA:197,17,0,0
BRDA:197,17,1,0
BRDA:204,18,0,0
BRDA:204,18,1,0
BRDA:238,19,0,0
BRDA:247,20,0,0
BRDA:247,20,1,0
BRDA:248,21,0,0
BRDA:248,21,1,0
BRDA:249,22,0,0
BRDA:249,22,1,0
BRDA:256,23,0,0
BRDA:256,23,1,0
BRDA:290,24,0,0
BRDA:299,25,0,0
BRDA:299,25,1,0
BRDA:300,26,0,0
BRDA:300,26,1,0
BRDA:301,27,0,0
BRDA:301,27,1,0
BRDA:308,28,0,0
BRDA:308,28,1,0
BRDA:321,29,0,0
BRDA:337,30,0,0
BRDA:341,31,0,0
BRDA:341,31,1,0
BRF:56
BRH:0
end_of_record
TN:
SF:src/lib/integrations/SlackIntegration.ts
FN:4,(anonymous_1)
FN:8,(anonymous_2)
FN:12,(anonymous_3)
FN:16,(anonymous_4)
FN:20,(anonymous_5)
FN:24,(anonymous_6)
FNF:6
FNH:0
FNDA:0,(anonymous_1)
FNDA:0,(anonymous_2)
FNDA:0,(anonymous_3)
FNDA:0,(anonymous_4)
FNDA:0,(anonymous_5)
FNDA:0,(anonymous_6)
DA:1,0
DA:3,0
DA:5,0
DA:9,0
DA:13,0
DA:17,0
DA:21,0
DA:25,0
LF:8
LH:0
BRF:0
BRH:0
end_of_record
TN:
SF:src/lib/integrations/SquareIntegration.ts
FN:4,(anonymous_1)
FN:8,(anonymous_2)
FN:12,(anonymous_3)
FN:16,(anonymous_4)
FN:20,(anonymous_5)
FN:24,(anonymous_6)
FN:28,(anonymous_7)
FN:32,(anonymous_8)
FN:36,(anonymous_9)
FN:40,(anonymous_10)
FN:44,(anonymous_11)
FN:48,(anonymous_12)
FN:52,(anonymous_13)
FNF:13
FNH:0
FNDA:0,(anonymous_1)
FNDA:0,(anonymous_2)
FNDA:0,(anonymous_3)
FNDA:0,(anonymous_4)
FNDA:0,(anonymous_5)
FNDA:0,(anonymous_6)
FNDA:0,(anonymous_7)
FNDA:0,(anonymous_8)
FNDA:0,(anonymous_9)
FNDA:0,(anonymous_10)
FNDA:0,(anonymous_11)
FNDA:0,(anonymous_12)
FNDA:0,(anonymous_13)
DA:1,0
DA:3,0
DA:5,0
DA:9,0
DA:13,0
DA:17,0
DA:21,0
DA:25,0
DA:29,0
DA:33,0
DA:37,0
DA:41,0
DA:45,0
DA:49,0
DA:53,0
LF:15
LH:0
BRF:0
BRH:0
end_of_record
TN:
SF:src/lib/integrations/StripeIntegration.ts
FN:4,(anonymous_1)
FN:8,(anonymous_2)
FN:12,(anonymous_3)
FNF:3
FNH:0
FNDA:0,(anonymous_1)
FNDA:0,(anonymous_2)
FNDA:0,(anonymous_3)
DA:1,0
DA:3,0
DA:5,0
DA:9,0
DA:13,0
LF:5
LH:0
BRF:0
BRH:0
end_of_record
TN:
SF:src/lib/integrations/TikTokShopIntegration.ts
FN:8,(anonymous_1)
FN:17,(anonymous_2)
FN:103,(anonymous_3)
FN:110,(anonymous_4)
FN:114,(anonymous_5)
FN:115,(anonymous_6)
FN:122,(anonymous_7)
FN:149,(anonymous_8)
FN:158,(anonymous_9)
FN:186,(anonymous_10)
FN:195,(anonymous_11)
FN:223,(anonymous_12)
FN:232,(anonymous_13)
FN:262,(anonymous_14)
FN:271,(anonymous_15)
FN:298,(anonymous_16)
FNF:16
FNH:0
FNDA:0,(anonymous_1)
FNDA:0,(anonymous_2)
FNDA:0,(anonymous_3)
FNDA:0,(anonymous_4)
FNDA:0,(anonymous_5)
FNDA:0,(anonymous_6)
FNDA:0,(anonymous_7)
FNDA:0,(anonymous_8)
FNDA:0,(anonymous_9)
FNDA:0,(anonymous_10)
FNDA:0,(anonymous_11)
FNDA:0,(anonymous_12)
FNDA:0,(anonymous_13)
FNDA:0,(anonymous_14)
FNDA:0,(anonymous_15)
FNDA:0,(anonymous_16)
DA:1,0
DA:8,0
DA:9,0
DA:10,0
DA:11,0
DA:12,0
DA:13,0
DA:14,0
DA:17,0
DA:18,0
DA:19,0
DA:20,0
DA:21,0
DA:22,0
DA:102,0
DA:103,0
DA:104,0
DA:105,0
DA:109,0
DA:111,0
DA:115,0
DA:116,0
DA:117,0
DA:131,0
DA:138,0
DA:139,0
DA:140,0
DA:145,0
DA:150,0
DA:151,0
DA:152,0
DA:154,0
DA:167,0
DA:175,0
DA:176,0
DA:177,0
DA:182,0
DA:187,0
DA:188,0
DA:189,0
DA:191,0
DA:204,0
DA:212,0
DA:213,0
DA:214,0
DA:219,0
DA:224,0
DA:225,0
DA:226,0
DA:228,0
DA:242,0
DA:251,0
DA:252,0
DA:253,0
DA:258,0
DA:263,0
DA:264,0
DA:265,0
DA:267,0
DA:280,0
DA:287,0
DA:288,0
DA:289,0
DA:294,0
DA:299,0
DA:300,0
DA:301,0
DA:303,0
LF:68
LH:0
BRDA:8,0,0,0
BRDA:8,0,1,0
BRDA:17,1,0,0
BRDA:17,1,1,0
BRDA:110,2,0,0
BRDA:116,3,0,0
BRDA:116,4,0,0
BRDA:116,4,1,0
BRDA:122,5,0,0
BRDA:132,6,0,0
BRDA:132,6,1,0
BRDA:133,7,0,0
BRDA:133,7,1,0
BRDA:134,8,0,0
BRDA:134,8,1,0
BRDA:135,9,0,0
BRDA:135,9,1,0
BRDA:142,10,0,0
BRDA:142,10,1,0
BRDA:142,11,0,0
BRDA:142,11,1,0
BRDA:142,12,0,0
BRDA:142,12,1,0
BRDA:158,13,0,0
BRDA:168,14,0,0
BRDA:168,14,1,0
BRDA:169,15,0,0
BRDA:169,15,1,0
BRDA:170,16,0,0
BRDA:170,16,1,0
BRDA:171,17,0,0
BRDA:171,17,1,0
BRDA:172,18,0,0
BRDA:172,18,1,0
BRDA:179,19,0,0
BRDA:179,19,1,0
BRDA:179,20,0,0
BRDA:179,20,1,0
BRDA:179,21,0,0
BRDA:179,21,1,0
BRDA:195,22,0,0
BRDA:205,23,0,0
BRDA:205,23,1,0
BRDA:206,24,0,0
BRDA:206,24,1,0
BRDA:207,25,0,0
BRDA:207,25,1,0
BRDA:208,26,0,0
BRDA:208,26,1,0
BRDA:209,27,0,0
BRDA:209,27,1,0
BRDA:216,28,0,0
BRDA:216,28,1,0
BRDA:216,29,0,0
BRDA:216,29,1,0
BRDA:216,30,0,0
BRDA:216,30,1,0
BRDA:232,31,0,0
BRDA:243,32,0,0
BRDA:243,32,1,0
BRDA:244,33,0,0
BRDA:244,33,1,0
BRDA:245,34,0,0
BRDA:245,34,1,0
BRDA:246,35,0,0
BRDA:246,35,1,0
BRDA:247,36,0,0
BRDA:247,36,1,0
BRDA:248,37,0,0
BRDA:248,37,1,0
BRDA:255,38,0,0
BRDA:255,38,1,0
BRDA:255,39,0,0
BRDA:255,39,1,0
BRDA:255,40,0,0
BRDA:255,40,1,0
BRDA:271,41,0,0
BRDA:281,42,0,0
BRDA:281,42,1,0
BRDA:282,43,0,0
BRDA:282,43,1,0
BRDA:283,44,0,0
BRDA:283,44,1,0
BRDA:284,45,0,0
BRDA:284,45,1,0
BRDA:291,46,0,0
BRDA:291,46,1,0
BRDA:291,47,0,0
BRDA:291,47,1,0
BRDA:291,48,0,0
BRDA:291,48,1,0
BRF:91
BRH:0
end_of_record
TN:
SF:src/lib/integrations/TwilioIntegration.ts
FN:4,(anonymous_1)
FN:8,(anonymous_2)
FN:12,(anonymous_3)
FN:16,(anonymous_4)
FNF:4
FNH:0
FNDA:0,(anonymous_1)
FNDA:0,(anonymous_2)
FNDA:0,(anonymous_3)
FNDA:0,(anonymous_4)
DA:1,0
DA:3,0
DA:5,0
DA:9,0
DA:13,0
DA:17,0
LF:6
LH:0
BRF:0
BRH:0
end_of_record
TN:
SF:src/lib/integrations/UPSIntegration.ts
FN:4,(anonymous_1)
FN:8,(anonymous_2)
FN:12,(anonymous_3)
FN:16,(anonymous_4)
FN:20,(anonymous_5)
FN:24,(anonymous_6)
FN:28,(anonymous_7)
FNF:7
FNH:0
FNDA:0,(anonymous_1)
FNDA:0,(anonymous_2)
FNDA:0,(anonymous_3)
FNDA:0,(anonymous_4)
FNDA:0,(anonymous_5)
FNDA:0,(anonymous_6)
FNDA:0,(anonymous_7)
DA:1,0
DA:3,0
DA:5,0
DA:9,0
DA:13,0
DA:17,0
DA:21,0
DA:25,0
DA:29,0
LF:9
LH:0
BRF:0
BRH:0
end_of_record
TN:
SF:src/lib/integrations/WooCommerceIntegration.ts
FN:8,(anonymous_1)
FN:15,(anonymous_2)
FN:119,(anonymous_3)
FN:126,(anonymous_4)
FN:130,(anonymous_5)
FN:131,(anonymous_6)
FN:138,(anonymous_7)
FN:170,(anonymous_8)
FN:180,(anonymous_9)
FN:213,(anonymous_10)
FN:223,(anonymous_11)
FN:254,(anonymous_12)
FN:265,(anonymous_13)
FN:275,(anonymous_14)
FNF:14
FNH:0
FNDA:0,(anonymous_1)
FNDA:0,(anonymous_2)
FNDA:0,(anonymous_3)
FNDA:0,(anonymous_4)
FNDA:0,(anonymous_5)
FNDA:0,(anonymous_6)
FNDA:0,(anonymous_7)
FNDA:0,(anonymous_8)
FNDA:0,(anonymous_9)
FNDA:0,(anonymous_10)
FNDA:0,(anonymous_11)
FNDA:0,(anonymous_12)
FNDA:0,(anonymous_13)
FNDA:0,(anonymous_14)
DA:1,0
DA:8,0
DA:9,0
DA:10,0
DA:11,0
DA:12,0
DA:15,0
DA:16,0
DA:17,0
DA:18,0
DA:19,0
DA:20,0
DA:21,0
DA:22,0
DA:118,0
DA:119,0
DA:120,0
DA:121,0
DA:125,0
DA:127,0
DA:131,0
DA:132,0
DA:133,0
DA:147,0
DA:154,0
DA:155,0
DA:156,0
DA:166,0
DA:171,0
DA:172,0
DA:173,0
DA:174,0
DA:176,0
DA:189,0
DA:197,0
DA:198,0
DA:199,0
DA:209,0
DA:214,0
DA:215,0
DA:216,0
DA:217,0
DA:219,0
DA:231,0
DA:237,0
DA:239,0
DA:240,0
DA:250,0
DA:255,0
DA:256,0
DA:258,0
DA:259,0
DA:261,0
DA:266,0
DA:268,0
DA:269,0
DA:271,0
DA:279,0
DA:280,0
DA:282,0
DA:283,0
DA:285,0
LF:62
LH:0
BRDA:8,0,0,0
BRDA:8,0,1,0
BRDA:15,1,0,0
BRDA:15,1,1,0
BRDA:126,2,0,0
BRDA:132,3,0,0
BRDA:132,4,0,0
BRDA:132,4,1,0
BRDA:138,5,0,0
BRDA:148,6,0,0
BRDA:148,6,1,0
BRDA:149,7,0,0
BRDA:149,7,1,0
BRDA:150,8,0,0
BRDA:150,8,1,0
BRDA:151,9,0,0
BRDA:151,9,1,0
BRDA:160,10,0,0
BRDA:160,10,1,0
BRDA:161,11,0,0
BRDA:161,11,1,0
BRDA:180,12,0,0
BRDA:190,13,0,0
BRDA:190,13,1,0
BRDA:191,14,0,0
BRDA:191,14,1,0
BRDA:192,15,0,0
BRDA:192,15,1,0
BRDA:193,16,0,0
BRDA:193,16,1,0
BRDA:194,17,0,0
BRDA:194,17,1,0
BRDA:203,18,0,0
BRDA:203,18,1,0
BRDA:204,19,0,0
BRDA:204,19,1,0
BRDA:223,20,0,0
BRDA:232,21,0,0
BRDA:232,21,1,0
BRDA:233,22,0,0
BRDA:233,22,1,0
BRDA:234,23,0,0
BRDA:234,23,1,0
BRDA:244,24,0,0
BRDA:244,24,1,0
BRDA:245,25,0,0
BRDA:245,25,1,0
BRF:47
BRH:0
end_of_record
TN:
SF:src/lib/integrations/XeroIntegration.ts
FN:4,(anonymous_1)
FN:8,(anonymous_2)
FN:12,(anonymous_3)
FN:16,(anonymous_4)
FN:20,(anonymous_5)
FN:24,(anonymous_6)
FN:28,(anonymous_7)
FN:32,(anonymous_8)
FN:36,(anonymous_9)
FNF:9
FNH:0
FNDA:0,(anonymous_1)
FNDA:0,(anonymous_2)
FNDA:0,(anonymous_3)
FNDA:0,(anonymous_4)
FNDA:0,(anonymous_5)
FNDA:0,(anonymous_6)
FNDA:0,(anonymous_7)
FNDA:0,(anonymous_8)
FNDA:0,(anonymous_9)
DA:1,0
DA:3,0
DA:5,0
DA:9,0
DA:13,0
DA:17,0
DA:21,0
DA:25,0
DA:29,0
DA:33,0
DA:37,0
LF:11
LH:0
BRF:0
BRH:0
end_of_record
TN:
SF:src/lib/integrations/ZendeskIntegration.ts
FN:4,(anonymous_1)
FN:8,(anonymous_2)
FN:12,(anonymous_3)
FNF:3
FNH:0
FNDA:0,(anonymous_1)
FNDA:0,(anonymous_2)
FNDA:0,(anonymous_3)
DA:1,0
DA:3,0
DA:5,0
DA:9,0
DA:13,0
LF:5
LH:0
BRF:0
BRH:0
end_of_record
TN:
SF:src/lib/resources/Activities.ts
FN:4,(anonymous_0)
FN:43,(anonymous_1)
FN:54,(anonymous_2)
FN:203,(anonymous_3)
FN:210,(anonymous_4)
FN:217,(anonymous_5)
FN:225,(anonymous_6)
FN:232,(anonymous_7)
FN:258,(anonymous_8)
FN:275,(anonymous_9)
FN:295,(anonymous_10)
FN:314,(anonymous_11)
FN:331,(anonymous_12)
FN:353,(anonymous_13)
FN:371,(anonymous_14)
FN:393,(anonymous_15)
FN:407,(anonymous_16)
FN:420,(anonymous_17)
FN:432,(anonymous_18)
FNF:19
FNH:3
FNDA:1,(anonymous_0)
FNDA:1,(anonymous_1)
FNDA:1,(anonymous_2)
FNDA:0,(anonymous_3)
FNDA:0,(anonymous_4)
FNDA:0,(anonymous_5)
FNDA:0,(anonymous_6)
FNDA:0,(anonymous_7)
FNDA:0,(anonymous_8)
FNDA:0,(anonymous_9)
FNDA:0,(anonymous_10)
FNDA:0,(anonymous_11)
FNDA:0,(anonymous_12)
FNDA:0,(anonymous_13)
FNDA:0,(anonymous_14)
FNDA:0,(anonymous_15)
FNDA:0,(anonymous_16)
FNDA:0,(anonymous_17)
FNDA:0,(anonymous_18)
DA:4,1
DA:6,1
DA:7,1
DA:8,1
DA:9,1
DA:10,1
DA:13,1
DA:14,1
DA:15,1
DA:16,1
DA:19,1
DA:20,1
DA:21,1
DA:22,1
DA:25,1
DA:26,1
DA:27,1
DA:28,1
DA:29,1
DA:32,1
DA:33,1
DA:34,1
DA:37,1
DA:38,1
DA:39,1
DA:40,1
DA:43,1
DA:44,1
DA:45,1
DA:46,1
DA:47,1
DA:48,1
DA:49,1
DA:50,1
DA:51,1
DA:54,1
DA:55,1
DA:56,1
DA:57,1
DA:58,1
DA:202,1
DA:204,0
DA:205,0
DA:209,1
DA:211,0
DA:212,0
DA:216,1
DA:217,0
DA:218,0
DA:219,0
DA:225,0
DA:240,0
DA:242,0
DA:243,0
DA:244,0
DA:245,0
DA:246,0
DA:247,0
DA:249,0
DA:250,0
DA:259,0
DA:260,0
DA:261,0
DA:263,0
DA:264,0
DA:266,0
DA:276,0
DA:278,0
DA:279,0
DA:280,0
DA:282,0
DA:283,0
DA:285,0
DA:299,0
DA:300,0
DA:301,0
DA:303,0
DA:304,0
DA:306,0
DA:315,0
DA:316,0
DA:318,0
DA:319,0
DA:321,0
DA:335,0
DA:336,0
DA:341,0
DA:343,0
DA:357,0
DA:362,0
DA:379,0
DA:384,0
DA:394,0
DA:399,0
DA:408,0
DA:412,0
DA:421,0
DA:425,0
DA:433,0
DA:434,0
DA:437,0
DA:438,0
DA:441,0
DA:442,0
DA:445,0
DA:446,0
DA:450,0
DA:455,0
DA:456,0
DA:457,0
DA:459,0
DA:463,0
DA:464,0
DA:465,0
DA:467,0
DA:471,0
DA:472,0
DA:473,0
DA:475,0
DA:480,1
LF:120
LH:44
BRDA:4,0,0,1
BRDA:4,0,1,1
BRDA:43,1,0,1
BRDA:43,1,1,1
BRDA:54,2,0,1
BRDA:54,2,1,1
BRDA:242,3,0,0
BRDA:243,4,0,0
BRDA:244,5,0,0
BRDA:245,6,0,0
BRDA:246,7,0,0
BRDA:247,8,0,0
BRDA:263,9,0,0
BRDA:282,10,0,0
BRDA:303,11,0,0
BRDA:318,12,0,0
BRDA:433,13,0,0
BRDA:437,14,0,0
BRDA:441,15,0,0
BRDA:445,16,0,0
BRDA:450,17,0,0
BRDA:450,17,1,0
BRDA:450,17,2,0
BRDA:450,17,3,0
BRDA:450,17,4,0
BRDA:450,17,5,0
BRDA:450,17,6,0
BRDA:450,17,7,0
BRDA:456,18,0,0
BRDA:456,19,0,0
BRDA:456,19,1,0
BRDA:464,20,0,0
BRDA:472,21,0,0
BRF:33
BRH:6
end_of_record
TN:
SF:src/lib/resources/AdvancedShippingNotice.ts
FN:4,(anonymous_0)
FN:61,(anonymous_1)
FN:68,(anonymous_2)
FN:74,(anonymous_3)
FN:81,(anonymous_4)
FN:83,(anonymous_5)
FN:102,(anonymous_6)
FN:115,(anonymous_7)
FN:122,(anonymous_8)
FN:135,(anonymous_9)
FN:139,(anonymous_10)
FN:146,(anonymous_11)
FN:150,(anonymous_12)
FN:154,(anonymous_13)
FN:158,(anonymous_14)
FN:173,(anonymous_15)
FN:188,(anonymous_16)
FN:201,(anonymous_17)
FN:208,(anonymous_18)
FN:215,(anonymous_19)
FN:230,(anonymous_20)
FNF:21
FNH:1
FNDA:1,(anonymous_0)
FNDA:0,(anonymous_1)
FNDA:0,(anonymous_2)
FNDA:0,(anonymous_3)
FNDA:0,(anonymous_4)
FNDA:0,(anonymous_5)
FNDA:0,(anonymous_6)
FNDA:0,(anonymous_7)
FNDA:0,(anonymous_8)
FNDA:0,(anonymous_9)
FNDA:0,(anonymous_10)
FNDA:0,(anonymous_11)
FNDA:0,(anonymous_12)
FNDA:0,(anonymous_13)
FNDA:0,(anonymous_14)
FNDA:0,(anonymous_15)
FNDA:0,(anonymous_16)
FNDA:0,(anonymous_17)
FNDA:0,(anonymous_18)
FNDA:0,(anonymous_19)
FNDA:0,(anonymous_20)
DA:4,1
DA:5,1
DA:6,1
DA:7,1
DA:8,1
DA:9,1
DA:60,1
DA:62,0
DA:63,0
DA:67,1
DA:69,0
DA:73,1
DA:75,0
DA:80,1
DA:81,0
DA:88,0
DA:89,0
DA:90,0
DA:92,0
DA:93,0
DA:95,0
DA:96,0
DA:98,0
DA:103,0
DA:104,0
DA:107,0
DA:108,0
DA:109,0
DA:112,0
DA:121,0
DA:122,0
DA:123,0
DA:124,0
DA:128,0
DA:132,0
DA:136,0
DA:140,0
DA:141,0
DA:143,0
DA:147,0
DA:151,0
DA:155,0
DA:166,0
DA:181,0
DA:194,0
DA:202,0
DA:203,0
DA:205,0
DA:209,0
DA:223,0
DA:241,0
DA:245,1
LF:52
LH:11
BRDA:4,0,0,1
BRDA:4,0,1,1
BRDA:92,1,0,0
BRDA:93,2,0,0
BRDA:93,2,1,0
BRDA:95,3,0,0
BRDA:103,4,0,0
BRDA:107,5,0,0
BRDA:107,5,1,0
BRDA:108,6,0,0
BRDA:108,7,0,0
BRDA:108,7,1,0
BRDA:115,8,0,0
BRDA:123,9,0,0
BRDA:140,10,0,0
BRDA:160,11,0,0
BRDA:190,12,0,0
BRDA:202,13,0,0
BRF:18
BRH:2
end_of_record
TN:
SF:src/lib/resources/AdvancedShippingNoticeLine.ts
FN:4,(anonymous_0)
FN:9,(anonymous_1)
FN:45,(anonymous_2)
FN:52,(anonymous_3)
FN:58,(anonymous_4)
FN:70,(anonymous_5)
FN:72,(anonymous_6)
FN:90,(anonymous_7)
FN:96,(anonymous_8)
FN:104,(anonymous_9)
FN:120,(anonymous_10)
FN:124,(anonymous_11)
FN:132,(anonymous_12)
FN:137,(anonymous_13)
FN:141,(anonymous_14)
FN:153,(anonymous_15)
FN:160,(anonymous_16)
FN:175,(anonymous_17)
FN:190,(anonymous_18)
FNF:19
FNH:2
FNDA:1,(anonymous_0)
FNDA:1,(anonymous_1)
FNDA:0,(anonymous_2)
FNDA:0,(anonymous_3)
FNDA:0,(anonymous_4)
FNDA:0,(anonymous_5)
FNDA:0,(anonymous_6)
FNDA:0,(anonymous_7)
FNDA:0,(anonymous_8)
FNDA:0,(anonymous_9)
FNDA:0,(anonymous_10)
FNDA:0,(anonymous_11)
FNDA:0,(anonymous_12)
FNDA:0,(anonymous_13)
FNDA:0,(anonymous_14)
FNDA:0,(anonymous_15)
FNDA:0,(anonymous_16)
FNDA:0,(anonymous_17)
FNDA:0,(anonymous_18)
DA:4,1
DA:5,1
DA:6,1
DA:9,1
DA:10,1
DA:11,1
DA:12,1
DA:44,1
DA:46,0
DA:47,0
DA:51,1
DA:53,0
DA:57,1
DA:59,0
DA:69,1
DA:70,0
DA:77,0
DA:78,0
DA:80,0
DA:81,0
DA:83,0
DA:84,0
DA:86,0
DA:91,0
DA:92,0
DA:103,0
DA:104,0
DA:105,0
DA:106,0
DA:110,0
DA:114,0
DA:121,0
DA:125,0
DA:126,0
DA:133,0
DA:134,0
DA:138,0
DA:145,0
DA:146,0
DA:148,0
DA:150,0
DA:153,0
DA:168,0
DA:183,0
DA:204,0
DA:205,0
DA:206,0
DA:208,0
DA:215,1
LF:49
LH:12
BRDA:4,0,0,1
BRDA:4,0,1,1
BRDA:9,1,0,1
BRDA:9,1,1,1
BRDA:80,2,0,0
BRDA:81,3,0,0
BRDA:81,3,1,0
BRDA:83,4,0,0
BRDA:91,5,0,0
BRDA:91,6,0,0
BRDA:91,6,1,0
BRDA:96,7,0,0
BRDA:105,8,0,0
BRDA:110,9,0,0
BRDA:110,9,1,0
BRDA:128,10,0,0
BRDA:128,10,1,0
BRDA:145,11,0,0
BRDA:155,12,0,0
BRDA:155,12,1,0
BRDA:178,13,0,0
BRDA:192,14,0,0
BRDA:205,15,0,0
BRDA:206,16,0,0
BRF:24
BRH:4
end_of_record
TN:
SF:src/lib/resources/Agent.ts
FN:79,(anonymous_0)
FN:86,(anonymous_1)
FN:93,(anonymous_2)
FN:101,(anonymous_3)
FN:106,(anonymous_4)
FN:151,(anonymous_5)
FN:162,(anonymous_6)
FN:168,(anonymous_7)
FN:185,(anonymous_8)
FN:196,(anonymous_9)
FN:212,(anonymous_10)
FN:228,(anonymous_11)
FN:233,(anonymous_12)
FN:238,(anonymous_13)
FN:243,(anonymous_14)
FN:251,(anonymous_15)
FN:256,(anonymous_16)
FN:270,(anonymous_17)
FN:281,(anonymous_18)
FNF:19
FNH:0
FNDA:0,(anonymous_0)
FNDA:0,(anonymous_1)
FNDA:0,(anonymous_2)
FNDA:0,(anonymous_3)
FNDA:0,(anonymous_4)
FNDA:0,(anonymous_5)
FNDA:0,(anonymous_6)
FNDA:0,(anonymous_7)
FNDA:0,(anonymous_8)
FNDA:0,(anonymous_9)
FNDA:0,(anonymous_10)
FNDA:0,(anonymous_11)
FNDA:0,(anonymous_12)
FNDA:0,(anonymous_13)
FNDA:0,(anonymous_14)
FNDA:0,(anonymous_15)
FNDA:0,(anonymous_16)
FNDA:0,(anonymous_17)
FNDA:0,(anonymous_18)
DA:78,1
DA:80,0
DA:81,0
DA:85,1
DA:87,0
DA:88,0
DA:92,1
DA:93,0
DA:94,0
DA:95,0
DA:101,0
DA:107,0
DA:108,0
DA:111,0
DA:112,0
DA:115,0
DA:117,0
DA:129,0
DA:131,0
DA:133,0
DA:140,0
DA:142,0
DA:144,0
DA:156,0
DA:157,0
DA:158,0
DA:159,0
DA:161,0
DA:162,0
DA:169,0
DA:170,0
DA:171,0
DA:173,0
DA:174,0
DA:176,0
DA:186,0
DA:187,0
DA:197,0
DA:198,0
DA:199,0
DA:201,0
DA:202,0
DA:204,0
DA:213,0
DA:214,0
DA:216,0
DA:217,0
DA:219,0
DA:229,0
DA:230,0
DA:234,0
DA:235,0
DA:239,0
DA:240,0
DA:244,0
DA:245,0
DA:252,0
DA:253,0
DA:257,0
DA:261,0
DA:271,0
DA:282,0
DA:286,0
DA:290,1
LF:64
LH:4
BRDA:107,0,0,0
BRDA:111,1,0,0
BRDA:125,2,0,0
BRDA:125,2,1,0
BRDA:129,3,0,0
BRDA:129,3,1,0
BRDA:129,3,2,0
BRDA:129,3,3,0
BRDA:129,3,4,0
BRDA:157,4,0,0
BRDA:158,5,0,0
BRDA:159,6,0,0
BRDA:173,7,0,0
BRDA:201,8,0,0
BRDA:216,9,0,0
BRDA:270,10,0,0
BRF:16
BRH:0
end_of_record
TN:
SF:src/lib/resources/Asset.ts
FN:47,(anonymous_0)
FN:49,(anonymous_1)
FN:85,(anonymous_2)
FN:95,(anonymous_3)
FN:106,(anonymous_4)
FN:116,(anonymous_5)
FN:118,(anonymous_6)
FN:125,(anonymous_7)
FN:134,(anonymous_8)
FN:144,(anonymous_9)
FN:153,(anonymous_10)
FN:163,(anonymous_11)
FN:173,(anonymous_12)
FN:183,(anonymous_13)
FNF:14
FNH:0
FNDA:0,(anonymous_0)
FNDA:0,(anonymous_1)
FNDA:0,(anonymous_2)
FNDA:0,(anonymous_3)
FNDA:0,(anonymous_4)
FNDA:0,(anonymous_5)
FNDA:0,(anonymous_6)
FNDA:0,(anonymous_7)
FNDA:0,(anonymous_8)
FNDA:0,(anonymous_9)
FNDA:0,(anonymous_10)
FNDA:0,(anonymous_11)
FNDA:0,(anonymous_12)
FNDA:0,(anonymous_13)
DA:46,1
DA:47,0
DA:50,0
DA:51,0
DA:54,0
DA:55,0
DA:58,0
DA:60,0
DA:66,0
DA:68,0
DA:70,0
DA:72,0
DA:74,0
DA:76,0
DA:86,0
DA:87,0
DA:96,0
DA:97,0
DA:107,0
DA:108,0
DA:117,0
DA:118,0
DA:126,0
DA:135,0
DA:145,0
DA:154,0
DA:155,0
DA:164,0
DA:165,0
DA:174,0
DA:175,0
DA:184,0
DA:185,0
LF:33
LH:1
BRDA:50,0,0,0
BRDA:54,1,0,0
BRDA:66,2,0,0
BRDA:66,2,1,0
BRDA:66,2,2,0
BRDA:66,2,3,0
BRDA:66,2,4,0
BRF:7
BRH:0
end_of_record
TN:
SF:src/lib/resources/Attribute.ts
FN:4,(anonymous_0)
FN:12,(anonymous_1)
FN:20,(anonymous_2)
FN:83,(anonymous_3)
FN:90,(anonymous_4)
FN:97,(anonymous_5)
FN:105,(anonymous_6)
FN:110,(anonymous_7)
FN:129,(anonymous_8)
FN:151,(anonymous_9)
FN:166,(anonymous_10)
FN:184,(anonymous_11)
FN:212,(anonymous_12)
FN:226,(anonymous_13)
FN:228,(anonymous_14)
FN:239,(anonymous_15)
FN:250,(anonymous_16)
FNF:17
FNH:3
FNDA:1,(anonymous_0)
FNDA:1,(anonymous_1)
FNDA:1,(anonymous_2)
FNDA:0,(anonymous_3)
FNDA:0,(anonymous_4)
FNDA:0,(anonymous_5)
FNDA:0,(anonymous_6)
FNDA:0,(anonymous_7)
FNDA:0,(anonymous_8)
FNDA:0,(anonymous_9)
FNDA:0,(anonymous_10)
FNDA:0,(anonymous_11)
FNDA:0,(anonymous_12)
FNDA:0,(anonymous_13)
FNDA:0,(anonymous_14)
FNDA:0,(anonymous_15)
FNDA:0,(anonymous_16)
DA:4,1
DA:5,1
DA:6,1
DA:7,1
DA:8,1
DA:9,1
DA:12,1
DA:13,1
DA:14,1
DA:15,1
DA:16,1
DA:17,1
DA:20,1
DA:21,1
DA:22,1
DA:23,1
DA:82,1
DA:84,0
DA:85,0
DA:89,1
DA:91,0
DA:92,0
DA:96,1
DA:97,0
DA:98,0
DA:99,0
DA:105,0
DA:111,0
DA:113,0
DA:114,0
DA:119,0
DA:120,0
DA:136,0
DA:138,0
DA:139,0
DA:140,0
DA:141,0
DA:142,0
DA:144,0
DA:145,0
DA:152,0
DA:153,0
DA:154,0
DA:156,0
DA:157,0
DA:159,0
DA:168,0
DA:170,0
DA:171,0
DA:172,0
DA:174,0
DA:185,0
DA:187,0
DA:190,0
DA:191,0
DA:194,0
DA:196,0
DA:197,0
DA:199,0
DA:200,0
DA:202,0
DA:213,0
DA:214,0
DA:216,0
DA:217,0
DA:219,0
DA:228,0
DA:229,0
DA:232,0
DA:233,0
DA:240,0
DA:244,0
DA:255,0
DA:257,0
DA:258,0
DA:259,0
DA:261,0
DA:265,0
DA:269,1
LF:79
LH:20
BRDA:4,0,0,1
BRDA:4,0,1,1
BRDA:12,1,0,1
BRDA:12,1,1,1
BRDA:20,2,0,1
BRDA:20,2,1,1
BRDA:111,3,0,0
BRDA:113,4,0,0
BRDA:113,5,0,0
BRDA:113,5,1,0
BRDA:119,6,0,0
BRDA:119,7,0,0
BRDA:119,7,1,0
BRDA:138,8,0,0
BRDA:139,9,0,0
BRDA:140,10,0,0
BRDA:141,11,0,0
BRDA:142,12,0,0
BRDA:156,13,0,0
BRDA:175,14,0,0
BRDA:175,14,1,0
BRDA:176,15,0,0
BRDA:176,15,1,0
BRDA:190,16,0,0
BRDA:190,16,1,0
BRDA:191,17,0,0
BRDA:191,17,1,0
BRDA:199,18,0,0
BRDA:203,19,0,0
BRDA:203,19,1,0
BRDA:204,20,0,0
BRDA:204,20,1,0
BRDA:216,21,0,0
BRDA:257,22,0,0
BRDA:258,23,0,0
BRDA:259,24,0,0
BRF:36
BRH:6
end_of_record
TN:
SF:src/lib/resources/BillOfMaterial.ts
FN:4,(anonymous_0)
FN:11,(anonymous_1)
FN:77,(anonymous_2)
FN:84,(anonymous_3)
FN:90,(anonymous_4)
FN:96,(anonymous_5)
FN:103,(anonymous_6)
FN:105,(anonymous_7)
FN:127,(anonymous_8)
FN:142,(anonymous_9)
FN:152,(anonymous_10)
FN:164,(anonymous_11)
FN:168,(anonymous_12)
FN:176,(anonymous_13)
FN:183,(anonymous_14)
FN:188,(anonymous_15)
FN:192,(anonymous_16)
FN:196,(anonymous_17)
FN:204,(anonymous_18)
FN:209,(anonymous_19)
FN:214,(anonymous_20)
FN:219,(anonymous_21)
FN:224,(anonymous_22)
FN:233,(anonymous_23)
FN:244,(anonymous_24)
FN:253,(anonymous_25)
FNF:26
FNH:2
FNDA:1,(anonymous_0)
FNDA:1,(anonymous_1)
FNDA:0,(anonymous_2)
FNDA:0,(anonymous_3)
FNDA:0,(anonymous_4)
FNDA:0,(anonymous_5)
FNDA:0,(anonymous_6)
FNDA:0,(anonymous_7)
FNDA:0,(anonymous_8)
FNDA:0,(anonymous_9)
FNDA:0,(anonymous_10)
FNDA:0,(anonymous_11)
FNDA:0,(anonymous_12)
FNDA:0,(anonymous_13)
FNDA:0,(anonymous_14)
FNDA:0,(anonymous_15)
FNDA:0,(anonymous_16)
FNDA:0,(anonymous_17)
FNDA:0,(anonymous_18)
FNDA:0,(anonymous_19)
FNDA:0,(anonymous_20)
FNDA:0,(anonymous_21)
FNDA:0,(anonymous_22)
FNDA:0,(anonymous_23)
FNDA:0,(anonymous_24)
FNDA:0,(anonymous_25)
DA:4,1
DA:5,1
DA:6,1
DA:7,1
DA:8,1
DA:11,1
DA:12,1
DA:13,1
DA:14,1
DA:15,1
DA:76,1
DA:78,0
DA:79,0
DA:83,1
DA:85,0
DA:89,1
DA:91,0
DA:95,1
DA:97,0
DA:102,1
DA:103,0
DA:110,0
DA:111,0
DA:112,0
DA:114,0
DA:115,0
DA:117,0
DA:118,0
DA:120,0
DA:121,0
DA:123,0
DA:128,0
DA:129,0
DA:131,0
DA:132,0
DA:134,0
DA:135,0
DA:137,0
DA:138,0
DA:151,0
DA:152,0
DA:153,0
DA:154,0
DA:158,0
DA:165,0
DA:169,0
DA:170,0
DA:172,0
DA:173,0
DA:177,0
DA:178,0
DA:180,0
DA:184,0
DA:189,0
DA:193,0
DA:197,0
DA:205,0
DA:210,0
DA:211,0
DA:215,0
DA:216,0
DA:220,0
DA:229,0
DA:240,0
DA:249,0
DA:262,0
DA:266,1
LF:67
LH:16
BRDA:4,0,0,1
BRDA:4,0,1,1
BRDA:11,1,0,1
BRDA:11,1,1,1
BRDA:112,2,0,0
BRDA:112,2,1,0
BRDA:114,3,0,0
BRDA:117,4,0,0
BRDA:118,5,0,0
BRDA:118,5,1,0
BRDA:120,6,0,0
BRDA:128,7,0,0
BRDA:131,8,0,0
BRDA:131,9,0,0
BRDA:131,9,1,0
BRDA:134,10,0,0
BRDA:134,11,0,0
BRDA:134,11,1,0
BRDA:137,12,0,0
BRDA:137,13,0,0
BRDA:137,13,1,0
BRDA:142,14,0,0
BRDA:153,15,0,0
BRDA:154,16,0,0
BRDA:154,16,1,0
BRDA:169,17,0,0
BRDA:177,18,0,0
BRDA:215,19,0,0
BRDA:215,19,1,0
BRF:29
BRH:4
end_of_record
TN:
SF:src/lib/resources/Carrier.ts
FN:8,(anonymous_0)
FN:14,(anonymous_1)
FN:54,(anonymous_2)
FN:61,(anonymous_3)
FN:67,(anonymous_4)
FN:73,(anonymous_5)
FN:75,(anonymous_6)
FN:78,(anonymous_7)
FN:83,(anonymous_8)
FN:105,(anonymous_9)
FN:139,(anonymous_10)
FN:148,(anonymous_11)
FN:158,(anonymous_12)
FN:167,(anonymous_13)
FN:175,(anonymous_14)
FN:187,(anonymous_15)
FNF:16
FNH:2
FNDA:1,(anonymous_0)
FNDA:1,(anonymous_1)
FNDA:0,(anonymous_2)
FNDA:0,(anonymous_3)
FNDA:0,(anonymous_4)
FNDA:0,(anonymous_5)
FNDA:0,(anonymous_6)
FNDA:0,(anonymous_7)
FNDA:0,(anonymous_8)
FNDA:0,(anonymous_9)
FNDA:0,(anonymous_10)
FNDA:0,(anonymous_11)
FNDA:0,(anonymous_12)
FNDA:0,(anonymous_13)
FNDA:0,(anonymous_14)
FNDA:0,(anonymous_15)
DA:8,1
DA:9,1
DA:10,1
DA:11,1
DA:14,1
DA:15,1
DA:16,1
DA:17,1
DA:53,1
DA:54,0
DA:55,0
DA:56,0
DA:60,1
DA:62,0
DA:66,1
DA:67,0
DA:68,0
DA:72,1
DA:73,0
DA:76,0
DA:77,0
DA:78,0
DA:79,0
DA:84,0
DA:85,0
DA:115,0
DA:116,0
DA:117,0
DA:118,0
DA:119,0
DA:120,0
DA:121,0
DA:124,0
DA:125,0
DA:126,0
DA:135,0
DA:140,0
DA:141,0
DA:142,0
DA:144,0
DA:149,0
DA:150,0
DA:151,0
DA:152,0
DA:154,0
DA:159,0
DA:160,0
DA:161,0
DA:163,0
DA:168,0
DA:169,0
DA:171,0
DA:179,0
DA:180,0
DA:181,0
DA:183,0
DA:188,0
DA:189,0
DA:190,0
LF:59
LH:12
BRDA:8,0,0,1
BRDA:8,0,1,1
BRDA:14,1,0,1
BRDA:14,1,1,1
BRDA:76,2,0,0
BRDA:77,3,0,0
BRDA:78,4,0,0
BRDA:84,5,0,0
BRDA:116,6,0,0
BRDA:117,7,0,0
BRDA:118,8,0,0
BRDA:119,9,0,0
BRDA:120,10,0,0
BRDA:121,11,0,0
BRDA:129,12,0,0
BRDA:129,12,1,0
BRDA:130,13,0,0
BRDA:130,13,1,0
BRDA:131,14,0,0
BRDA:131,14,1,0
BRDA:188,15,0,0
BRDA:188,16,0,0
BRDA:188,16,1,0
BRDA:189,17,0,0
BRF:24
BRH:4
end_of_record
TN:
SF:src/lib/resources/CaseTicket.ts
FN:8,(anonymous_0)
FN:16,(anonymous_1)
FN:23,(anonymous_2)
FN:57,(anonymous_3)
FN:64,(anonymous_4)
FN:70,(anonymous_5)
FN:76,(anonymous_6)
FN:78,(anonymous_7)
FN:84,(anonymous_8)
FN:108,(anonymous_9)
FN:150,(anonymous_10)
FN:188,(anonymous_11)
FN:197,(anonymous_12)
FN:207,(anonymous_13)
FN:216,(anonymous_14)
FN:224,(anonymous_15)
FN:233,(anonymous_16)
FN:242,(anonymous_17)
FN:251,(anonymous_18)
FN:260,(anonymous_19)
FN:269,(anonymous_20)
FN:278,(anonymous_21)
FN:287,(anonymous_22)
FNF:23
FNH:3
FNDA:1,(anonymous_0)
FNDA:1,(anonymous_1)
FNDA:1,(anonymous_2)
FNDA:0,(anonymous_3)
FNDA:0,(anonymous_4)
FNDA:0,(anonymous_5)
FNDA:0,(anonymous_6)
FNDA:0,(anonymous_7)
FNDA:0,(anonymous_8)
FNDA:0,(anonymous_9)
FNDA:0,(anonymous_10)
FNDA:0,(anonymous_11)
FNDA:0,(anonymous_12)
FNDA:0,(anonymous_13)
FNDA:0,(anonymous_14)
FNDA:0,(anonymous_15)
FNDA:0,(anonymous_16)
FNDA:0,(anonymous_17)
FNDA:0,(anonymous_18)
FNDA:0,(anonymous_19)
FNDA:0,(anonymous_20)
FNDA:0,(anonymous_21)
FNDA:0,(anonymous_22)
DA:8,1
DA:9,1
DA:10,1
DA:11,1
DA:12,1
DA:13,1
DA:16,1
DA:17,1
DA:18,1
DA:19,1
DA:20,1
DA:23,1
DA:24,1
DA:25,1
DA:26,1
DA:27,1
DA:56,1
DA:57,0
DA:58,0
DA:59,0
DA:63,1
DA:65,0
DA:69,1
DA:70,0
DA:71,0
DA:75,1
DA:76,0
DA:79,0
DA:80,0
DA:81,0
DA:85,0
DA:86,0
DA:122,0
DA:123,0
DA:124,0
DA:125,0
DA:126,0
DA:127,0
DA:128,0
DA:129,0
DA:130,0
DA:131,0
DA:132,0
DA:135,0
DA:136,0
DA:137,0
DA:146,0
DA:163,0
DA:164,0
DA:165,0
DA:166,0
DA:167,0
DA:168,0
DA:170,0
DA:171,0
DA:175,0
DA:184,0
DA:189,0
DA:190,0
DA:191,0
DA:193,0
DA:198,0
DA:199,0
DA:200,0
DA:201,0
DA:203,0
DA:208,0
DA:209,0
DA:210,0
DA:212,0
DA:217,0
DA:218,0
DA:220,0
DA:225,0
DA:226,0
DA:227,0
DA:229,0
DA:234,0
DA:235,0
DA:236,0
DA:238,0
DA:243,0
DA:244,0
DA:245,0
DA:247,0
DA:252,0
DA:253,0
DA:254,0
DA:256,0
DA:261,0
DA:262,0
DA:263,0
DA:265,0
DA:270,0
DA:271,0
DA:272,0
DA:274,0
DA:279,0
DA:280,0
DA:281,0
DA:283,0
DA:288,0
DA:289,0
DA:290,0
LF:104
LH:20
BRDA:8,0,0,1
BRDA:8,0,1,1
BRDA:16,1,0,1
BRDA:16,1,1,1
BRDA:23,2,0,1
BRDA:23,2,1,1
BRDA:79,3,0,0
BRDA:80,4,0,0
BRDA:81,5,0,0
BRDA:85,6,0,0
BRDA:123,7,0,0
BRDA:124,8,0,0
BRDA:125,9,0,0
BRDA:126,10,0,0
BRDA:127,11,0,0
BRDA:128,12,0,0
BRDA:129,13,0,0
BRDA:130,14,0,0
BRDA:131,15,0,0
BRDA:132,16,0,0
BRDA:140,17,0,0
BRDA:140,17,1,0
BRDA:141,18,0,0
BRDA:141,18,1,0
BRDA:142,19,0,0
BRDA:142,19,1,0
BRDA:152,20,0,0
BRDA:164,21,0,0
BRDA:165,22,0,0
BRDA:166,23,0,0
BRDA:167,24,0,0
BRDA:168,25,0,0
BRDA:178,26,0,0
BRDA:178,26,1,0
BRDA:179,27,0,0
BRDA:179,27,1,0
BRDA:180,28,0,0
BRDA:180,28,1,0
BRDA:254,29,0,0
BRDA:254,29,1,0
BRDA:288,30,0,0
BRDA:288,31,0,0
BRDA:288,31,1,0
BRDA:289,32,0,0
BRF:44
BRH:6
end_of_record
TN:
SF:src/lib/resources/CashSale.ts
FN:57,(anonymous_0)
FN:59,(anonymous_1)
FN:90,(anonymous_2)
FN:92,(anonymous_3)
FN:97,(anonymous_4)
FN:102,(anonymous_5)
FN:107,(anonymous_6)
FN:112,(anonymous_7)
FN:116,(anonymous_8)
FN:121,(anonymous_9)
FN:126,(anonymous_10)
FNF:11
FNH:0
FNDA:0,(anonymous_0)
FNDA:0,(anonymous_1)
FNDA:0,(anonymous_2)
FNDA:0,(anonymous_3)
FNDA:0,(anonymous_4)
FNDA:0,(anonymous_5)
FNDA:0,(anonymous_6)
FNDA:0,(anonymous_7)
FNDA:0,(anonymous_8)
FNDA:0,(anonymous_9)
FNDA:0,(anonymous_10)
DA:57,0
DA:60,0
DA:61,0
DA:64,0
DA:65,0
DA:68,0
DA:70,0
DA:76,0
DA:78,0
DA:80,0
DA:82,0
DA:84,0
DA:86,0
DA:91,0
DA:92,0
DA:93,0
DA:98,0
DA:99,0
DA:103,0
DA:104,0
DA:108,0
DA:109,0
DA:113,0
DA:117,0
DA:118,0
DA:122,0
DA:123,0
DA:127,0
DA:128,0
DA:132,1
LF:30
LH:1
BRDA:60,0,0,0
BRDA:64,1,0,0
BRDA:76,2,0,0
BRDA:76,2,1,0
BRDA:76,2,2,0
BRDA:76,2,3,0
BRDA:76,2,4,0
BRF:7
BRH:0
end_of_record
TN:
SF:src/lib/resources/Channel.ts
FN:4,(anonymous_0)
FN:16,(anonymous_1)
FN:24,(anonymous_2)
FN:32,(anonymous_3)
FN:39,(anonymous_4)
FN:45,(anonymous_5)
FN:158,(anonymous_6)
FN:165,(anonymous_7)
FN:172,(anonymous_8)
FN:180,(anonymous_9)
FN:187,(anonymous_10)
FN:211,(anonymous_11)
FN:228,(anonymous_12)
FN:248,(anonymous_13)
FN:267,(anonymous_14)
FN:285,(anonymous_15)
FN:304,(anonymous_16)
FN:329,(anonymous_17)
FN:354,(anonymous_18)
FN:372,(anonymous_19)
FN:388,(anonymous_20)
FNF:21
FNH:6
FNDA:1,(anonymous_0)
FNDA:1,(anonymous_1)
FNDA:1,(anonymous_2)
FNDA:1,(anonymous_3)
FNDA:1,(anonymous_4)
FNDA:1,(anonymous_5)
FNDA:0,(anonymous_6)
FNDA:0,(anonymous_7)
FNDA:0,(anonymous_8)
FNDA:0,(anonymous_9)
FNDA:0,(anonymous_10)
FNDA:0,(anonymous_11)
FNDA:0,(anonymous_12)
FNDA:0,(anonymous_13)
FNDA:0,(anonymous_14)
FNDA:0,(anonymous_15)
FNDA:0,(anonymous_16)
FNDA:0,(anonymous_17)
FNDA:0,(anonymous_18)
FNDA:0,(anonymous_19)
FNDA:0,(anonymous_20)
DA:4,1
DA:5,1
DA:6,1
DA:7,1
DA:8,1
DA:9,1
DA:10,1
DA:11,1
DA:12,1
DA:13,1
DA:16,1
DA:17,1
DA:18,1
DA:19,1
DA:20,1
DA:21,1
DA:24,1
DA:25,1
DA:26,1
DA:27,1
DA:28,1
DA:29,1
DA:32,1
DA:33,1
DA:34,1
DA:35,1
DA:36,1
DA:39,1
DA:40,1
DA:41,1
DA:42,1
DA:45,1
DA:46,1
DA:47,1
DA:48,1
DA:49,1
DA:157,1
DA:159,0
DA:160,0
DA:164,1
DA:166,0
DA:167,0
DA:171,1
DA:172,0
DA:173,0
DA:174,0
DA:180,0
DA:194,0
DA:196,0
DA:197,0
DA:198,0
DA:199,0
DA:200,0
DA:202,0
DA:203,0
DA:212,0
DA:213,0
DA:214,0
DA:216,0
DA:217,0
DA:219,0
DA:229,0
DA:231,0
DA:232,0
DA:233,0
DA:235,0
DA:236,0
DA:238,0
DA:252,0
DA:253,0
DA:254,0
DA:256,0
DA:257,0
DA:259,0
DA:268,0
DA:269,0
DA:271,0
DA:272,0
DA:274,0
DA:290,0
DA:295,0
DA:311,0
DA:313,0
DA:314,0
DA:316,0
DA:320,0
DA:340,0
DA:345,0
DA:358,0
DA:363,0
DA:376,0
DA:381,0
DA:389,0
DA:390,0
DA:393,0
DA:394,0
DA:397,0
DA:398,0
DA:401,0
DA:402,0
DA:405,0
DA:406,0
DA:411,1
LF:103
LH:40
BRDA:4,0,0,1
BRDA:4,0,1,1
BRDA:16,1,0,1
BRDA:16,1,1,1
BRDA:24,2,0,1
BRDA:24,2,1,1
BRDA:32,3,0,1
BRDA:32,3,1,1
BRDA:39,4,0,1
BRDA:39,4,1,1
BRDA:45,5,0,1
BRDA:45,5,1,1
BRDA:196,6,0,0
BRDA:197,7,0,0
BRDA:198,8,0,0
BRDA:199,9,0,0
BRDA:200,10,0,0
BRDA:216,11,0,0
BRDA:235,12,0,0
BRDA:256,13,0,0
BRDA:271,14,0,0
BRDA:313,15,0,0
BRDA:314,16,0,0
BRDA:389,17,0,0
BRDA:393,18,0,0
BRDA:397,19,0,0
BRDA:401,20,0,0
BRDA:401,21,0,0
BRDA:401,21,1,0
BRDA:405,22,0,0
BRF:30
BRH:12
end_of_record
TN:
SF:src/lib/resources/Compliance.ts
FN:6,(anonymous_0)
FN:10,(anonymous_1)
FN:14,(anonymous_2)
FN:18,(anonymous_3)
FN:22,(anonymous_4)
FN:26,(anonymous_5)
FNF:6
FNH:0
FNDA:0,(anonymous_0)
FNDA:0,(anonymous_1)
FNDA:0,(anonymous_2)
FNDA:0,(anonymous_3)
FNDA:0,(anonymous_4)
FNDA:0,(anonymous_5)
DA:3,1
DA:7,0
DA:11,0
DA:15,0
DA:19,0
DA:23,0
DA:27,0
LF:7
LH:1
BRF:0
BRH:0
end_of_record
TN:
SF:src/lib/resources/Contact.ts
FN:8,(anonymous_0)
FN:15,(anonymous_1)
FN:55,(anonymous_2)
FN:62,(anonymous_3)
FN:68,(anonymous_4)
FN:74,(anonymous_5)
FN:76,(anonymous_6)
FN:82,(anonymous_7)
FN:107,(anonymous_8)
FN:143,(anonymous_9)
FN:152,(anonymous_10)
FN:162,(anonymous_11)
FN:171,(anonymous_12)
FN:179,(anonymous_13)
FN:188,(anonymous_14)
FNF:15
FNH:2
FNDA:1,(anonymous_0)
FNDA:1,(anonymous_1)
FNDA:0,(anonymous_2)
FNDA:0,(anonymous_3)
FNDA:0,(anonymous_4)
FNDA:0,(anonymous_5)
FNDA:0,(anonymous_6)
FNDA:0,(anonymous_7)
FNDA:0,(anonymous_8)
FNDA:0,(anonymous_9)
FNDA:0,(anonymous_10)
FNDA:0,(anonymous_11)
FNDA:0,(anonymous_12)
FNDA:0,(anonymous_13)
FNDA:0,(anonymous_14)
DA:8,1
DA:9,1
DA:10,1
DA:11,1
DA:12,1
DA:15,1
DA:16,1
DA:17,1
DA:18,1
DA:54,1
DA:55,0
DA:56,0
DA:57,0
DA:61,1
DA:63,0
DA:67,1
DA:68,0
DA:69,0
DA:73,1
DA:74,0
DA:77,0
DA:78,0
DA:79,0
DA:83,0
DA:84,0
DA:118,0
DA:119,0
DA:120,0
DA:121,0
DA:122,0
DA:123,0
DA:124,0
DA:125,0
DA:128,0
DA:129,0
DA:130,0
DA:139,0
DA:144,0
DA:145,0
DA:146,0
DA:148,0
DA:153,0
DA:154,0
DA:155,0
DA:156,0
DA:158,0
DA:163,0
DA:164,0
DA:165,0
DA:167,0
DA:172,0
DA:173,0
DA:175,0
DA:180,0
DA:181,0
DA:182,0
DA:184,0
DA:189,0
DA:190,0
DA:191,0
LF:60
LH:13
BRDA:8,0,0,1
BRDA:8,0,1,1
BRDA:15,1,0,1
BRDA:15,1,1,1
BRDA:77,2,0,0
BRDA:78,3,0,0
BRDA:78,4,0,0
BRDA:78,4,1,0
BRDA:79,5,0,0
BRDA:79,6,0,0
BRDA:79,6,1,0
BRDA:83,7,0,0
BRDA:119,8,0,0
BRDA:120,9,0,0
BRDA:121,10,0,0
BRDA:122,11,0,0
BRDA:123,12,0,0
BRDA:124,13,0,0
BRDA:125,14,0,0
BRDA:133,15,0,0
BRDA:133,15,1,0
BRDA:134,16,0,0
BRDA:134,16,1,0
BRDA:135,17,0,0
BRDA:135,17,1,0
BRDA:189,18,0,0
BRDA:189,19,0,0
BRDA:189,19,1,0
BRDA:190,20,0,0
BRF:29
BRH:4
end_of_record
TN:
SF:src/lib/resources/Contract.ts
FN:6,(anonymous_0)
FN:10,(anonymous_1)
FN:14,(anonymous_2)
FN:18,(anonymous_3)
FN:22,(anonymous_4)
FN:26,(anonymous_5)
FNF:6
FNH:0
FNDA:0,(anonymous_0)
FNDA:0,(anonymous_1)
FNDA:0,(anonymous_2)
FNDA:0,(anonymous_3)
FNDA:0,(anonymous_4)
FNDA:0,(anonymous_5)
DA:3,1
DA:7,0
DA:11,0
DA:15,0
DA:19,0
DA:23,0
DA:27,0
LF:7
LH:1
BRF:0
BRH:0
end_of_record
TN:
SF:src/lib/resources/CreditsDebits.ts
FN:8,(anonymous_0)
FN:13,(anonymous_1)
FN:48,(anonymous_2)
FN:55,(anonymous_3)
FN:61,(anonymous_4)
FN:67,(anonymous_5)
FN:69,(anonymous_6)
FN:75,(anonymous_7)
FN:100,(anonymous_8)
FN:140,(anonymous_9)
FN:149,(anonymous_10)
FN:159,(anonymous_11)
FN:168,(anonymous_12)
FN:176,(anonymous_13)
FN:185,(anonymous_14)
FNF:15
FNH:2
FNDA:1,(anonymous_0)
FNDA:1,(anonymous_1)
FNDA:0,(anonymous_2)
FNDA:0,(anonymous_3)
FNDA:0,(anonymous_4)
FNDA:0,(anonymous_5)
FNDA:0,(anonymous_6)
FNDA:0,(anonymous_7)
FNDA:0,(anonymous_8)
FNDA:0,(anonymous_9)
FNDA:0,(anonymous_10)
FNDA:0,(anonymous_11)
FNDA:0,(anonymous_12)
FNDA:0,(anonymous_13)
FNDA:0,(anonymous_14)
DA:8,1
DA:9,1
DA:10,1
DA:13,1
DA:14,1
DA:15,1
DA:16,1
DA:17,1
DA:47,1
DA:48,0
DA:49,0
DA:50,0
DA:54,1
DA:56,0
DA:60,1
DA:61,0
DA:62,0
DA:66,1
DA:67,0
DA:70,0
DA:71,0
DA:72,0
DA:76,0
DA:77,0
DA:113,0
DA:114,0
DA:115,0
DA:116,0
DA:117,0
DA:118,0
DA:119,0
DA:120,0
DA:121,0
DA:122,0
DA:125,0
DA:126,0
DA:127,0
DA:136,0
DA:141,0
DA:142,0
DA:143,0
DA:145,0
DA:150,0
DA:151,0
DA:152,0
DA:153,0
DA:155,0
DA:160,0
DA:161,0
DA:162,0
DA:164,0
DA:169,0
DA:170,0
DA:172,0
DA:177,0
DA:178,0
DA:179,0
DA:181,0
DA:186,0
DA:187,0
DA:188,0
LF:61
LH:12
BRDA:8,0,0,1
BRDA:8,0,1,1
BRDA:13,1,0,1
BRDA:13,1,1,1
BRDA:70,2,0,0
BRDA:71,3,0,0
BRDA:72,4,0,0
BRDA:76,5,0,0
BRDA:114,6,0,0
BRDA:115,7,0,0
BRDA:116,8,0,0
BRDA:117,9,0,0
BRDA:118,10,0,0
BRDA:119,11,0,0
BRDA:120,12,0,0
BRDA:121,13,0,0
BRDA:122,14,0,0
BRDA:130,15,0,0
BRDA:130,15,1,0
BRDA:131,16,0,0
BRDA:131,16,1,0
BRDA:132,17,0,0
BRDA:132,17,1,0
BRDA:186,18,0,0
BRDA:186,19,0,0
BRDA:186,19,1,0
BRDA:187,20,0,0
BRF:27
BRH:4
end_of_record
TN:
SF:src/lib/resources/Customer.ts
FN:8,(anonymous_0)
FN:15,(anonymous_1)
FN:78,(anonymous_2)
FN:85,(anonymous_3)
FN:91,(anonymous_4)
FN:98,(anonymous_5)
FN:100,(anonymous_6)
FN:109,(anonymous_7)
FN:134,(anonymous_8)
FN:168,(anonymous_9)
FN:177,(anonymous_10)
FN:187,(anonymous_11)
FN:199,(anonymous_12)
FN:207,(anonymous_13)
FN:219,(anonymous_14)
FN:231,(anonymous_15)
FN:257,(anonymous_16)
FNF:17
FNH:2
FNDA:1,(anonymous_0)
FNDA:1,(anonymous_1)
FNDA:0,(anonymous_2)
FNDA:0,(anonymous_3)
FNDA:0,(anonymous_4)
FNDA:0,(anonymous_5)
FNDA:0,(anonymous_6)
FNDA:0,(anonymous_7)
FNDA:0,(anonymous_8)
FNDA:0,(anonymous_9)
FNDA:0,(anonymous_10)
FNDA:0,(anonymous_11)
FNDA:0,(anonymous_12)
FNDA:0,(anonymous_13)
FNDA:0,(anonymous_14)
FNDA:0,(anonymous_15)
FNDA:0,(anonymous_16)
DA:8,1
DA:9,1
DA:10,1
DA:11,1
DA:12,1
DA:15,1
DA:16,1
DA:17,1
DA:18,1
DA:19,1
DA:77,1
DA:78,0
DA:79,0
DA:80,0
DA:84,1
DA:86,0
DA:90,1
DA:91,0
DA:92,0
DA:97,1
DA:98,0
DA:101,0
DA:102,0
DA:103,0
DA:104,0
DA:105,0
DA:110,0
DA:111,0
DA:146,0
DA:157,0
DA:158,0
DA:159,0
DA:164,0
DA:169,0
DA:170,0
DA:171,0
DA:173,0
DA:178,0
DA:179,0
DA:180,0
DA:181,0
DA:183,0
DA:191,0
DA:192,0
DA:193,0
DA:195,0
DA:200,0
DA:201,0
DA:203,0
DA:211,0
DA:212,0
DA:213,0
DA:215,0
DA:223,0
DA:224,0
DA:225,0
DA:227,0
DA:242,0
DA:249,0
DA:250,0
DA:251,0
DA:253,0
DA:258,0
DA:259,0
DA:260,0
DA:267,1
LF:66
LH:15
BRDA:8,0,0,1
BRDA:8,0,1,1
BRDA:15,1,0,1
BRDA:15,1,1,1
BRDA:101,2,0,0
BRDA:102,3,0,0
BRDA:103,4,0,0
BRDA:104,5,0,0
BRDA:104,6,0,0
BRDA:104,6,1,0
BRDA:110,7,0,0
BRDA:134,8,0,0
BRDA:147,9,0,0
BRDA:147,9,1,0
BRDA:148,10,0,0
BRDA:148,10,1,0
BRDA:149,11,0,0
BRDA:149,11,1,0
BRDA:150,12,0,0
BRDA:150,12,1,0
BRDA:151,13,0,0
BRDA:151,13,1,0
BRDA:152,14,0,0
BRDA:152,14,1,0
BRDA:153,15,0,0
BRDA:153,15,1,0
BRDA:154,16,0,0
BRDA:154,16,1,0
BRDA:161,17,0,0
BRDA:161,17,1,0
BRDA:161,18,0,0
BRDA:161,18,1,0
BRDA:161,19,0,0
BRDA:161,19,1,0
BRDA:231,20,0,0
BRDA:243,21,0,0
BRDA:243,21,1,0
BRDA:244,22,0,0
BRDA:244,22,1,0
BRDA:245,23,0,0
BRDA:245,23,1,0
BRDA:246,24,0,0
BRDA:246,24,1,0
BRDA:258,25,0,0
BRDA:258,26,0,0
BRDA:258,26,1,0
BRDA:259,27,0,0
BRF:47
BRH:4
end_of_record
TN:
SF:src/lib/resources/CycleCount.ts
FN:59,(anonymous_0)
FN:61,(anonymous_1)
FN:97,(anonymous_2)
FN:107,(anonymous_3)
FN:118,(anonymous_4)
FN:128,(anonymous_5)
FN:130,(anonymous_6)
FN:137,(anonymous_7)
FN:147,(anonymous_8)
FN:157,(anonymous_9)
FN:167,(anonymous_10)
FN:177,(anonymous_11)
FN:187,(anonymous_12)
FNF:13
FNH:0
FNDA:0,(anonymous_0)
FNDA:0,(anonymous_1)
FNDA:0,(anonymous_2)
FNDA:0,(anonymous_3)
FNDA:0,(anonymous_4)
FNDA:0,(anonymous_5)
FNDA:0,(anonymous_6)
FNDA:0,(anonymous_7)
FNDA:0,(anonymous_8)
FNDA:0,(anonymous_9)
FNDA:0,(anonymous_10)
FNDA:0,(anonymous_11)
FNDA:0,(anonymous_12)
DA:58,1
DA:59,0
DA:62,0
DA:63,0
DA:66,0
DA:67,0
DA:70,0
DA:72,0
DA:78,0
DA:80,0
DA:82,0
DA:84,0
DA:86,0
DA:88,0
DA:98,0
DA:99,0
DA:108,0
DA:109,0
DA:119,0
DA:120,0
DA:129,0
DA:130,0
DA:138,0
DA:148,0
DA:149,0
DA:158,0
DA:159,0
DA:168,0
DA:169,0
DA:178,0
DA:179,0
DA:188,0
LF:32
LH:1
BRDA:62,0,0,0
BRDA:66,1,0,0
BRDA:78,2,0,0
BRDA:78,2,1,0
BRDA:78,2,2,0
BRDA:78,2,3,0
BRDA:78,2,4,0
BRF:7
BRH:0
end_of_record
TN:
SF:src/lib/resources/DeliveryConfirmation.ts
FN:8,(anonymous_0)
FN:42,(anonymous_1)
FN:49,(anonymous_2)
FN:55,(anonymous_3)
FN:61,(anonymous_4)
FN:63,(anonymous_5)
FN:68,(anonymous_6)
FN:88,(anonymous_7)
FN:126,(anonymous_8)
FN:135,(anonymous_9)
FN:145,(anonymous_10)
FN:157,(anonymous_11)
FN:165,(anonymous_12)
FN:181,(anonymous_13)
FNF:14
FNH:1
FNDA:1,(anonymous_0)
FNDA:0,(anonymous_1)
FNDA:0,(anonymous_2)
FNDA:0,(anonymous_3)
FNDA:0,(anonymous_4)
FNDA:0,(anonymous_5)
FNDA:0,(anonymous_6)
FNDA:0,(anonymous_7)
FNDA:0,(anonymous_8)
FNDA:0,(anonymous_9)
FNDA:0,(anonymous_10)
FNDA:0,(anonymous_11)
FNDA:0,(anonymous_12)
FNDA:0,(anonymous_13)
DA:8,1
DA:9,1
DA:10,1
DA:11,1
DA:12,1
DA:41,1
DA:42,0
DA:43,0
DA:44,0
DA:48,1
DA:50,0
DA:54,1
DA:55,0
DA:56,0
DA:60,1
DA:61,0
DA:64,0
DA:65,0
DA:69,0
DA:70,0
DA:100,0
DA:101,0
DA:102,0
DA:103,0
DA:104,0
DA:105,0
DA:106,0
DA:107,0
DA:108,0
DA:111,0
DA:112,0
DA:113,0
DA:122,0
DA:127,0
DA:128,0
DA:129,0
DA:131,0
DA:136,0
DA:137,0
DA:138,0
DA:139,0
DA:141,0
DA:149,0
DA:150,0
DA:151,0
DA:153,0
DA:158,0
DA:159,0
DA:161,0
DA:169,0
DA:170,0
DA:175,0
DA:177,0
DA:182,0
DA:183,0
DA:184,0
LF:56
LH:9
BRDA:8,0,0,1
BRDA:8,0,1,1
BRDA:64,1,0,0
BRDA:65,2,0,0
BRDA:69,3,0,0
BRDA:101,4,0,0
BRDA:102,5,0,0
BRDA:103,6,0,0
BRDA:104,7,0,0
BRDA:105,8,0,0
BRDA:106,9,0,0
BRDA:107,10,0,0
BRDA:108,11,0,0
BRDA:116,12,0,0
BRDA:116,12,1,0
BRDA:117,13,0,0
BRDA:117,13,1,0
BRDA:118,14,0,0
BRDA:118,14,1,0
BRDA:182,15,0,0
BRDA:182,16,0,0
BRDA:182,16,1,0
BRDA:183,17,0,0
BRF:23
BRH:2
end_of_record
TN:
SF:src/lib/resources/Eval.ts
FN:4,(anonymous_0)
FN:34,(anonymous_1)
FN:41,(anonymous_2)
FN:48,(anonymous_3)
FN:53,(anonymous_4)
FN:73,(anonymous_5)
FN:88,(anonymous_6)
FN:103,(anonymous_7)
FNF:8
FNH:1
FNDA:1,(anonymous_0)
FNDA:0,(anonymous_1)
FNDA:0,(anonymous_2)
FNDA:0,(anonymous_3)
FNDA:0,(anonymous_4)
FNDA:0,(anonymous_5)
FNDA:0,(anonymous_6)
FNDA:0,(anonymous_7)
DA:4,1
DA:5,1
DA:6,1
DA:7,1
DA:8,1
DA:33,1
DA:35,0
DA:36,0
DA:40,1
DA:42,0
DA:43,0
DA:48,0
DA:59,0
DA:61,0
DA:62,0
DA:63,0
DA:64,0
DA:66,0
DA:67,0
DA:74,0
DA:75,0
DA:76,0
DA:78,0
DA:79,0
DA:81,0
DA:89,0
DA:90,0
DA:92,0
DA:93,0
DA:96,0
DA:97,0
DA:104,0
DA:105,0
DA:107,0
DA:108,0
DA:110,0
DA:115,1
LF:37
LH:8
BRDA:4,0,0,1
BRDA:4,0,1,1
BRDA:61,1,0,0
BRDA:62,2,0,0
BRDA:63,3,0,0
BRDA:64,4,0,0
BRDA:78,5,0,0
BRDA:89,6,0,0
BRDA:92,7,0,0
BRDA:92,8,0,0
BRDA:92,8,1,0
BRDA:107,9,0,0
BRF:12
BRH:2
end_of_record
TN:
SF:src/lib/resources/Fulfillment.ts
FN:77,(anonymous_0)
FN:79,(anonymous_1)
FN:117,(anonymous_2)
FN:127,(anonymous_3)
FN:138,(anonymous_4)
FN:148,(anonymous_5)
FN:150,(anonymous_6)
FN:158,(anonymous_7)
FN:169,(anonymous_8)
FN:179,(anonymous_9)
FN:189,(anonymous_10)
FN:199,(anonymous_11)
FN:209,(anonymous_12)
FNF:13
FNH:0
FNDA:0,(anonymous_0)
FNDA:0,(anonymous_1)
FNDA:0,(anonymous_2)
FNDA:0,(anonymous_3)
FNDA:0,(anonymous_4)
FNDA:0,(anonymous_5)
FNDA:0,(anonymous_6)
FNDA:0,(anonymous_7)
[...]
DA:401,0
DA:402,0
DA:403,0
DA:405,0
DA:414,0
DA:415,0
DA:416,0
DA:418,0
DA:431,0
DA:432,0
DA:433,0
DA:435,0
DA:443,0
DA:444,0
DA:445,0
DA:447,0
DA:448,0
DA:456,0
DA:457,0
DA:458,0
DA:460,0
DA:481,0
DA:490,0
DA:491,0
DA:492,0
DA:494,0
DA:499,0
DA:500,0
DA:501,0
DA:505,1
LF:132
LH:38
BRDA:8,0,0,1
BRDA:8,0,1,1
BRDA:21,1,0,1
BRDA:21,1,1,1
BRDA:32,2,0,1
BRDA:32,2,1,1
BRDA:40,3,0,1
BRDA:40,3,1,1
BRDA:227,4,0,0
BRDA:228,5,0,0
BRDA:229,6,0,0
BRDA:230,7,0,0
BRDA:234,8,0,0
BRDA:234,9,0,0
BRDA:234,9,1,0
BRDA:242,10,0,0
BRDA:242,10,1,0
BRDA:245,11,0,0
BRDA:245,11,1,0
BRDA:245,11,2,0
BRDA:245,11,3,0
BRDA:245,11,4,0
BRDA:245,11,5,0
BRDA:247,12,0,0
BRDA:247,12,1,0
BRDA:261,13,0,0
BRDA:277,14,0,0
BRDA:277,14,1,0
BRDA:278,15,0,0
BRDA:278,15,1,0
BRDA:279,16,0,0
BRDA:279,16,1,0
BRDA:280,17,0,0
BRDA:280,17,1,0
BRDA:281,18,0,0
BRDA:281,18,1,0
BRDA:282,19,0,0
BRDA:282,19,1,0
BRDA:283,20,0,0
BRDA:283,20,1,0
BRDA:284,21,0,0
BRDA:284,21,1,0
BRDA:285,22,0,0
BRDA:285,22,1,0
BRDA:286,23,0,0
BRDA:286,23,1,0
BRDA:287,24,0,0
BRDA:287,24,1,0
BRDA:293,25,0,0
BRDA:293,25,1,0
BRDA:293,26,0,0
BRDA:293,26,1,0
BRDA:293,27,0,0
BRDA:293,27,1,0
BRDA:344,28,0,0
BRDA:447,29,0,0
BRDA:464,30,0,0
BRDA:482,31,0,0
BRDA:482,31,1,0
BRDA:483,32,0,0
BRDA:483,32,1,0
BRDA:484,33,0,0
BRDA:484,33,1,0
BRDA:485,34,0,0
BRDA:485,34,1,0
BRDA:486,35,0,0
BRDA:486,35,1,0
BRDA:487,36,0,0
BRDA:487,36,1,0
BRDA:499,37,0,0
BRDA:499,38,0,0
BRDA:499,38,1,0
BRDA:500,39,0,0
BRF:73
BRH:8
end_of_record
TN:
SF:src/lib/resources/WorkOrderLine.ts
FN:8,(anonymous_0)
FN:17,(anonymous_1)
FN:89,(anonymous_2)
FN:96,(anonymous_3)
FN:102,(anonymous_4)
FN:109,(anonymous_5)
FN:111,(anonymous_6)
FN:126,(anonymous_7)
FN:153,(anonymous_8)
FN:191,(anonymous_9)
FN:200,(anonymous_10)
FN:210,(anonymous_11)
FN:222,(anonymous_12)
FN:230,(anonymous_13)
FN:247,(anonymous_14)
FN:263,(anonymous_15)
FN:279,(anonymous_16)
FN:306,(anonymous_17)
FNF:18
FNH:2
FNDA:1,(anonymous_0)
FNDA:1,(anonymous_1)
FNDA:0,(anonymous_2)
FNDA:0,(anonymous_3)
FNDA:0,(anonymous_4)
FNDA:0,(anonymous_5)
FNDA:0,(anonymous_6)
FNDA:0,(anonymous_7)
FNDA:0,(anonymous_8)
FNDA:0,(anonymous_9)
FNDA:0,(anonymous_10)
FNDA:0,(anonymous_11)
FNDA:0,(anonymous_12)
FNDA:0,(anonymous_13)
FNDA:0,(anonymous_14)
FNDA:0,(anonymous_15)
FNDA:0,(anonymous_16)
FNDA:0,(anonymous_17)
DA:8,1
DA:9,1
DA:10,1
DA:11,1
DA:12,1
DA:13,1
DA:14,1
DA:17,1
DA:18,1
DA:19,1
DA:20,1
DA:21,1
DA:22,1
DA:88,1
DA:89,0
DA:90,0
DA:91,0
DA:95,1
DA:97,0
DA:101,1
DA:102,0
DA:103,0
DA:108,1
DA:109,0
DA:112,0
DA:113,0
DA:115,0
DA:116,0
DA:118,0
DA:119,0
DA:121,0
DA:122,0
DA:127,0
DA:128,0
DA:131,0
DA:167,0
DA:180,0
DA:181,0
DA:182,0
DA:187,0
DA:192,0
DA:193,0
DA:194,0
DA:196,0
DA:201,0
DA:202,0
DA:203,0
DA:204,0
DA:206,0
DA:214,0
DA:215,0
DA:216,0
DA:218,0
DA:223,0
DA:224,0
DA:226,0
DA:235,0
DA:236,0
DA:241,0
DA:243,0
DA:251,0
DA:252,0
DA:257,0
DA:259,0
DA:267,0
DA:268,0
DA:273,0
DA:275,0
DA:291,0
DA:298,0
DA:299,0
DA:300,0
DA:302,0
DA:307,0
DA:308,0
DA:309,0
DA:316,1
LF:77
LH:18
BRDA:8,0,0,1
BRDA:8,0,1,1
BRDA:17,1,0,1
BRDA:17,1,1,1
BRDA:112,2,0,0
BRDA:115,3,0,0
BRDA:118,4,0,0
BRDA:118,5,0,0
BRDA:118,5,1,0
BRDA:121,6,0,0
BRDA:127,7,0,0
BRDA:127,8,0,0
BRDA:127,8,1,0
BRDA:146,9,0,0
BRDA:146,9,1,0
BRDA:153,10,0,0
BRDA:168,11,0,0
BRDA:168,11,1,0
BRDA:169,12,0,0
BRDA:169,12,1,0
BRDA:170,13,0,0
BRDA:170,13,1,0
BRDA:171,14,0,0
BRDA:171,14,1,0
BRDA:172,15,0,0
BRDA:172,15,1,0
BRDA:173,16,0,0
BRDA:173,16,1,0
BRDA:174,17,0,0
BRDA:174,17,1,0
BRDA:175,18,0,0
BRDA:175,18,1,0
BRDA:176,19,0,0
BRDA:176,19,1,0
BRDA:177,20,0,0
BRDA:177,20,1,0
BRDA:184,21,0,0
BRDA:184,21,1,0
BRDA:184,22,0,0
BRDA:184,22,1,0
BRDA:184,23,0,0
BRDA:184,23,1,0
BRDA:279,24,0,0
BRDA:292,25,0,0
BRDA:292,25,1,0
BRDA:293,26,0,0
BRDA:293,26,1,0
BRDA:294,27,0,0
BRDA:294,27,1,0
BRDA:295,28,0,0
BRDA:295,28,1,0
BRDA:307,29,0,0
BRDA:307,30,0,0
BRDA:307,30,1,0
BRDA:308,31,0,0
BRF:55
BRH:4
end_of_record
TN:
SF:src/lib/resources/Workflow.ts
FN:4,(anonymous_0)
FN:12,(anonymous_1)
FN:20,(anonymous_2)
FN:30,(anonymous_3)
FN:189,(anonymous_4)
FN:196,(anonymous_5)
FN:203,(anonymous_6)
FN:211,(anonymous_7)
FN:218,(anonymous_8)
FN:242,(anonymous_9)
FN:259,(anonymous_10)
FN:279,(anonymous_11)
FN:298,(anonymous_12)
FN:315,(anonymous_13)
FN:337,(anonymous_14)
FN:354,(anonymous_15)
FN:383,(anonymous_16)
FN:402,(anonymous_17)
FN:420,(anonymous_18)
FN:421,(anonymous_19)
FN:422,(anonymous_20)
FN:432,(anonymous_21)
FN:433,(anonymous_22)
FN:435,(anonymous_23)
FN:436,(anonymous_24)
FNF:25
FNH:4
FNDA:1,(anonymous_0)
FNDA:1,(anonymous_1)
FNDA:1,(anonymous_2)
FNDA:1,(anonymous_3)
FNDA:0,(anonymous_4)
FNDA:0,(anonymous_5)
FNDA:0,(anonymous_6)
FNDA:0,(anonymous_7)
FNDA:0,(anonymous_8)
FNDA:0,(anonymous_9)
FNDA:0,(anonymous_10)
FNDA:0,(anonymous_11)
FNDA:0,(anonymous_12)
FNDA:0,(anonymous_13)
FNDA:0,(anonymous_14)
FNDA:0,(anonymous_15)
FNDA:0,(anonymous_16)
FNDA:0,(anonymous_17)
FNDA:0,(anonymous_18)
FNDA:0,(anonymous_19)
FNDA:0,(anonymous_20)
FNDA:0,(anonymous_21)
FNDA:0,(anonymous_22)
FNDA:0,(anonymous_23)
FNDA:0,(anonymous_24)
DA:4,1
DA:5,1
DA:6,1
DA:7,1
DA:8,1
DA:9,1
DA:12,1
DA:13,1
DA:14,1
DA:15,1
DA:16,1
DA:17,1
DA:20,1
DA:21,1
DA:22,1
DA:23,1
DA:24,1
DA:25,1
DA:26,1
DA:27,1
DA:30,1
DA:31,1
DA:32,1
DA:33,1
DA:34,1
DA:35,1
DA:188,1
DA:190,0
DA:191,0
DA:195,1
DA:197,0
DA:198,0
DA:202,1
DA:203,0
DA:204,0
DA:205,0
DA:211,0
DA:225,0
DA:227,0
DA:228,0
DA:229,0
DA:230,0
DA:231,0
DA:233,0
DA:234,0
DA:243,0
DA:244,0
DA:245,0
DA:247,0
DA:248,0
DA:250,0
DA:260,0
DA:262,0
DA:263,0
DA:264,0
DA:266,0
DA:267,0
DA:269,0
DA:283,0
DA:284,0
DA:285,0
DA:287,0
DA:288,0
DA:290,0
DA:299,0
DA:300,0
DA:302,0
DA:303,0
DA:305,0
DA:319,0
DA:320,0
DA:325,0
DA:327,0
DA:341,0
DA:345,0
DA:363,0
DA:365,0
DA:366,0
DA:367,0
DA:368,0
DA:370,0
DA:374,0
DA:390,0
DA:395,0
DA:403,0
DA:404,0
DA:407,0
DA:408,0
DA:411,0
DA:412,0
DA:415,0
DA:416,0
DA:420,0
DA:421,0
DA:422,0
DA:423,0
DA:424,0
DA:432,0
DA:433,0
DA:434,0
DA:435,0
DA:436,0
DA:437,0
DA:448,1
LF:104
LH:30
BRDA:4,0,0,1
BRDA:4,0,1,1
BRDA:12,1,0,1
BRDA:12,1,1,1
BRDA:20,2,0,1
BRDA:20,2,1,1
BRDA:30,3,0,1
BRDA:30,3,1,1
BRDA:227,4,0,0
BRDA:228,5,0,0
BRDA:229,6,0,0
BRDA:230,7,0,0
BRDA:231,8,0,0
BRDA:247,9,0,0
BRDA:266,10,0,0
BRDA:287,11,0,0
BRDA:302,12,0,0
BRDA:365,13,0,0
BRDA:366,14,0,0
BRDA:367,15,0,0
BRDA:368,16,0,0
BRDA:403,17,0,0
BRDA:407,18,0,0
BRDA:411,19,0,0
BRDA:415,20,0,0
BRDA:415,21,0,0
BRDA:415,21,1,0
BRDA:423,22,0,0
BRDA:423,23,0,0
BRDA:423,23,1,0
BRDA:434,24,0,0
BRDA:436,25,0,0
BRF:32
BRH:8
end_of_record
TN:
SF:src/resources/index.ts
FN:7,(anonymous_0)
FN:13,(anonymous_1)
FN:19,(anonymous_2)
FN:25,(anonymous_3)
FN:31,(anonymous_4)
FN:37,(anonymous_5)
FN:43,(anonymous_6)
FNF:7
FNH:7
FNDA:22,(anonymous_0)
FNDA:22,(anonymous_1)
FNDA:22,(anonymous_2)
FNDA:22,(anonymous_3)
FNDA:22,(anonymous_4)
FNDA:22,(anonymous_5)
FNDA:22,(anonymous_6)
DA:1,2
DA:6,2
DA:8,22
DA:12,2
DA:14,22
DA:18,2
DA:20,22
DA:24,2
DA:26,22
DA:30,2
DA:32,22
DA:36,2
DA:38,22
DA:42,2
DA:44,22
LF:15
LH:15
BRF:0
BRH:0
end_of_record
TN:
SF:src/resources/returns.ts
FN:36,(anonymous_0)
FN:43,(anonymous_1)
FN:63,(anonymous_2)
FN:80,(anonymous_3)
FN:97,(anonymous_4)
FN:116,(anonymous_5)
FN:137,(anonymous_6)
FN:156,(anonymous_7)
FN:175,(anonymous_8)
FN:195,(anonymous_9)
FN:213,(anonymous_10)
FN:225,(anonymous_11)
FN:254,(anonymous_12)
FN:277,(anonymous_13)
FNF:14
FNH:1
FNDA:22,(anonymous_0)
FNDA:0,(anonymous_1)
FNDA:0,(anonymous_2)
FNDA:0,(anonymous_3)
FNDA:0,(anonymous_4)
FNDA:0,(anonymous_5)
FNDA:0,(anonymous_6)
FNDA:0,(anonymous_7)
FNDA:0,(anonymous_8)
FNDA:0,(anonymous_9)
FNDA:0,(anonymous_10)
FNDA:0,(anonymous_11)
FNDA:0,(anonymous_12)
FNDA:0,(anonymous_13)
DA:1,2
DA:35,2
DA:37,22
DA:49,0
DA:51,0
DA:57,0
DA:68,0
DA:74,0
DA:85,0
DA:91,0
DA:102,0
DA:104,0
DA:110,0
DA:125,0
DA:131,0
DA:142,0
DA:144,0
DA:150,0
DA:161,0
DA:163,0
DA:169,0
DA:181,0
DA:183,0
DA:189,0
DA:200,0
DA:202,0
DA:207,0
DA:214,0
DA:219,0
DA:241,0
DA:243,0
DA:248,0
DA:265,0
DA:271,0
DA:289,0
DA:291,0
DA:297,0
LF:37
LH:3
BRDA:47,0,0,0
BRDA:66,1,0,0
BRDA:82,2,0,0
BRDA:83,3,0,0
BRDA:100,4,0,0
BRDA:123,5,0,0
BRDA:140,6,0,0
BRDA:159,7,0,0
BRDA:178,8,0,0
BRDA:179,9,0,0
BRDA:197,10,0,0
BRDA:198,11,0,0
BRDA:213,12,0,0
BRDA:232,13,0,0
BRDA:241,14,0,0
BRDA:241,14,1,0
BRDA:260,15,0,0
BRDA:279,16,0,0
BRF:18
BRH:0
end_of_record
TN:
SF:src/stateset/stateset.ts
FN:22,(anonymous_10)
FN:30,(anonymous_11)
FN:37,(anonymous_12)
FN:39,(anonymous_13)
FN:40,(anonymous_14)
FN:44,(anonymous_15)
FN:45,(anonymous_16)
FN:49,(anonymous_17)
FN:60,(anonymous_18)
FN:79,(anonymous_19)
FN:81,(anonymous_20)
FN:83,(anonymous_21)
FN:85,(anonymous_22)
FN:90,(anonymous_23)
FN:92,(anonymous_24)
FN:94,(anonymous_25)
FN:96,(anonymous_26)
FN:101,(anonymous_27)
FN:103,(anonymous_28)
FN:105,(anonymous_29)
FN:107,(anonymous_30)
FN:112,(anonymous_31)
FN:114,(anonymous_32)
FN:116,(anonymous_33)
FN:118,(anonymous_34)
FN:123,(anonymous_35)
FN:125,(anonymous_36)
FN:127,(anonymous_37)
FN:129,(anonymous_38)
FN:134,(anonymous_39)
FN:136,(anonymous_40)
FN:138,(anonymous_41)
FN:140,(anonymous_42)
FN:145,(anonymous_43)
FN:147,(anonymous_44)
FN:149,(anonymous_45)
FN:151,(anonymous_46)
FN:156,(anonymous_47)
FN:158,(anonymous_48)
FN:160,(anonymous_49)
FN:162,(anonymous_50)
FN:167,(anonymous_51)
FN:169,(anonymous_52)
FN:171,(anonymous_53)
FN:173,(anonymous_54)
FN:178,(anonymous_55)
FN:180,(anonymous_56)
FN:182,(anonymous_57)
FN:184,(anonymous_58)
FN:189,(anonymous_59)
FN:191,(anonymous_60)
FN:193,(anonymous_61)
FN:195,(anonymous_62)
FN:200,(anonymous_63)
FN:202,(anonymous_64)
FN:204,(anonymous_65)
FN:206,(anonymous_66)
FN:211,(anonymous_67)
FN:213,(anonymous_68)
FN:215,(anonymous_69)
FN:217,(anonymous_70)
FN:222,(anonymous_71)
FN:224,(anonymous_72)
FN:226,(anonymous_73)
FN:228,(anonymous_74)
FN:233,(anonymous_75)
FN:235,(anonymous_76)
FN:237,(anonymous_77)
FN:239,(anonymous_78)
FN:244,(anonymous_79)
FN:246,(anonymous_80)
FN:248,(anonymous_81)
FN:250,(anonymous_82)
FN:255,(anonymous_83)
FN:257,(anonymous_84)
FN:259,(anonymous_85)
FN:261,(anonymous_86)
FN:266,(anonymous_87)
FN:268,(anonymous_88)
FN:270,(anonymous_89)
FN:272,(anonymous_90)
FN:277,(anonymous_91)
FN:279,(anonymous_92)
FN:281,(anonymous_93)
FN:283,(anonymous_94)
FN:288,(anonymous_95)
FN:290,(anonymous_96)
FN:292,(anonymous_97)
FN:294,(anonymous_98)
FN:299,(anonymous_99)
FN:301,(anonymous_100)
FN:303,(anonymous_101)
FN:305,(anonymous_102)
FN:310,(anonymous_103)
FN:312,(anonymous_104)
FN:314,(anonymous_105)
FN:316,(anonymous_106)
FN:321,(anonymous_107)
FN:323,(anonymous_108)
FN:325,(anonymous_109)
FN:327,(anonymous_110)
FN:332,(anonymous_111)
FN:334,(anonymous_112)
FN:336,(anonymous_113)
FN:338,(anonymous_114)
FN:343,(anonymous_115)
FN:345,(anonymous_116)
FN:347,(anonymous_117)
FN:349,(anonymous_118)
FN:354,(anonymous_119)
FN:356,(anonymous_120)
FN:358,(anonymous_121)
FN:360,(anonymous_122)
FN:365,(anonymous_123)
FN:367,(anonymous_124)
FN:369,(anonymous_125)
FN:371,(anonymous_126)
FN:376,(anonymous_127)
FN:378,(anonymous_128)
FN:380,(anonymous_129)
FN:382,(anonymous_130)
FN:387,(anonymous_131)
FN:389,(anonymous_132)
FN:391,(anonymous_133)
FN:393,(anonymous_134)
FN:398,(anonymous_135)
FN:400,(anonymous_136)
FN:402,(anonymous_137)
FN:404,(anonymous_138)
FN:409,(anonymous_139)
FN:411,(anonymous_140)
FN:413,(anonymous_141)
FN:415,(anonymous_142)
FNF:133
FNH:0
FNDA:0,(anonymous_10)
FNDA:0,(anonymous_11)
FNDA:0,(anonymous_12)
FNDA:0,(anonymous_13)
FNDA:0,(anonymous_14)
FNDA:0,(anonymous_15)
FNDA:0,(anonymous_16)
FNDA:0,(anonymous_17)
FNDA:0,(anonymous_18)
FNDA:0,(anonymous_19)
FNDA:0,(anonymous_20)
FNDA:0,(anonymous_21)
FNDA:0,(anonymous_22)
FNDA:0,(anonymous_23)
FNDA:0,(anonymous_24)
FNDA:0,(anonymous_25)
FNDA:0,(anonymous_26)
FNDA:0,(anonymous_27)
FNDA:0,(anonymous_28)
FNDA:0,(anonymous_29)
FNDA:0,(anonymous_30)
FNDA:0,(anonymous_31)
FNDA:0,(anonymous_32)
FNDA:0,(anonymous_33)
FNDA:0,(anonymous_34)
FNDA:0,(anonymous_35)
FNDA:0,(anonymous_36)
FNDA:0,(anonymous_37)
FNDA:0,(anonymous_38)
FNDA:0,(anonymous_39)
FNDA:0,(anonymous_40)
FNDA:0,(anonymous_41)
FNDA:0,(anonymous_42)
FNDA:0,(anonymous_43)
FNDA:0,(anonymous_44)
FNDA:0,(anonymous_45)
FNDA:0,(anonymous_46)
FNDA:0,(anonymous_47)
FNDA:0,(anonymous_48)
FNDA:0,(anonymous_49)
FNDA:0,(anonymous_50)
FNDA:0,(anonymous_51)
FNDA:0,(anonymous_52)
FNDA:0,(anonymous_53)
FNDA:0,(anonymous_54)
FNDA:0,(anonymous_55)
FNDA:0,(anonymous_56)
FNDA:0,(anonymous_57)
FNDA:0,(anonymous_58)
FNDA:0,(anonymous_59)
FNDA:0,(anonymous_60)
FNDA:0,(anonymous_61)
FNDA:0,(anonymous_62)
FNDA:0,(anonymous_63)
FNDA:0,(anonymous_64)
FNDA:0,(anonymous_65)
FNDA:0,(anonymous_66)
FNDA:0,(anonymous_67)
FNDA:0,(anonymous_68)
FNDA:0,(anonymous_69)
FNDA:0,(anonymous_70)
FNDA:0,(anonymous_71)
FNDA:0,(anonymous_72)
FNDA:0,(anonymous_73)
FNDA:0,(anonymous_74)
FNDA:0,(anonymous_75)
FNDA:0,(anonymous_76)
FNDA:0,(anonymous_77)
FNDA:0,(anonymous_78)
FNDA:0,(anonymous_79)
FNDA:0,(anonymous_80)
FNDA:0,(anonymous_81)
FNDA:0,(anonymous_82)
FNDA:0,(anonymous_83)
FNDA:0,(anonymous_84)
FNDA:0,(anonymous_85)
FNDA:0,(anonymous_86)
FNDA:0,(anonymous_87)
FNDA:0,(anonymous_88)
FNDA:0,(anonymous_89)
FNDA:0,(anonymous_90)
FNDA:0,(anonymous_91)
FNDA:0,(anonymous_92)
FNDA:0,(anonymous_93)
FNDA:0,(anonymous_94)
FNDA:0,(anonymous_95)
FNDA:0,(anonymous_96)
FNDA:0,(anonymous_97)
FNDA:0,(anonymous_98)
FNDA:0,(anonymous_99)
FNDA:0,(anonymous_100)
FNDA:0,(anonymous_101)
FNDA:0,(anonymous_102)
FNDA:0,(anonymous_103)
FNDA:0,(anonymous_104)
FNDA:0,(anonymous_105)
FNDA:0,(anonymous_106)
FNDA:0,(anonymous_107)
FNDA:0,(anonymous_108)
FNDA:0,(anonymous_109)
FNDA:0,(anonymous_110)
FNDA:0,(anonymous_111)
FNDA:0,(anonymous_112)
FNDA:0,(anonymous_113)
FNDA:0,(anonymous_114)
FNDA:0,(anonymous_115)
FNDA:0,(anonymous_116)
FNDA:0,(anonymous_117)
FNDA:0,(anonymous_118)
FNDA:0,(anonymous_119)
FNDA:0,(anonymous_120)
FNDA:0,(anonymous_121)
FNDA:0,(anonymous_122)
FNDA:0,(anonymous_123)
FNDA:0,(anonymous_124)
FNDA:0,(anonymous_125)
FNDA:0,(anonymous_126)
FNDA:0,(anonymous_127)
FNDA:0,(anonymous_128)
FNDA:0,(anonymous_129)
FNDA:0,(anonymous_130)
FNDA:0,(anonymous_131)
FNDA:0,(anonymous_132)
FNDA:0,(anonymous_133)
FNDA:0,(anonymous_134)
FNDA:0,(anonymous_135)
FNDA:0,(anonymous_136)
FNDA:0,(anonymous_137)
FNDA:0,(anonymous_138)
FNDA:0,(anonymous_139)
FNDA:0,(anonymous_140)
FNDA:0,(anonymous_141)
FNDA:0,(anonymous_142)
DA:1,0
DA:2,0
DA:22,0
DA:23,0
DA:25,0
DA:31,0
DA:34,0
DA:38,0
DA:39,0
DA:40,0
DA:43,0
DA:44,0
DA:45,0
DA:50,0
DA:51,0
DA:52,0
DA:53,0
DA:55,0
DA:57,0
DA:61,0
DA:69,0
DA:70,0
DA:72,0
DA:75,0
DA:78,0
DA:80,0
DA:82,0
DA:84,0
DA:86,0
DA:89,0
DA:91,0
DA:93,0
DA:95,0
DA:97,0
DA:100,0
DA:102,0
DA:104,0
DA:106,0
DA:108,0
DA:111,0
DA:113,0
DA:115,0
DA:117,0
DA:119,0
DA:122,0
DA:124,0
DA:126,0
DA:128,0
DA:130,0
DA:133,0
DA:135,0
DA:137,0
DA:139,0
DA:141,0
DA:144,0
DA:146,0
DA:148,0
DA:150,0
DA:152,0
DA:155,0
DA:157,0
DA:159,0
DA:161,0
DA:163,0
DA:166,0
DA:168,0
DA:170,0
DA:172,0
DA:174,0
DA:177,0
DA:179,0
DA:181,0
DA:183,0
DA:185,0
DA:188,0
DA:190,0
DA:192,0
DA:194,0
DA:196,0
DA:199,0
DA:201,0
DA:203,0
DA:205,0
DA:207,0
DA:210,0
DA:212,0
DA:214,0
DA:216,0
DA:218,0
DA:221,0
DA:223,0
DA:225,0
DA:227,0
DA:229,0
DA:232,0
DA:234,0
DA:236,0
DA:238,0
DA:240,0
DA:243,0
DA:245,0
DA:247,0
DA:249,0
DA:251,0
DA:254,0
DA:256,0
DA:258,0
DA:260,0
DA:262,0
DA:265,0
DA:267,0
DA:269,0
DA:271,0
DA:273,0
DA:276,0
DA:278,0
DA:280,0
DA:282,0
DA:284,0
DA:287,0
DA:289,0
DA:291,0
DA:293,0
DA:295,0
DA:298,0
DA:300,0
DA:302,0
DA:304,0
DA:306,0
DA:309,0
DA:311,0
DA:313,0
DA:315,0
DA:317,0
DA:320,0
DA:322,0
DA:324,0
DA:326,0
DA:328,0
DA:331,0
DA:333,0
DA:335,0
DA:337,0
DA:339,0
DA:342,0
DA:344,0
DA:346,0
DA:348,0
DA:350,0
DA:353,0
DA:355,0
DA:357,0
DA:359,0
DA:361,0
DA:364,0
DA:366,0
DA:368,0
DA:370,0
DA:372,0
DA:375,0
DA:377,0
DA:379,0
DA:381,0
DA:383,0
DA:386,0
DA:388,0
DA:390,0
DA:392,0
DA:394,0
DA:397,0
DA:399,0
DA:401,0
DA:403,0
DA:405,0
DA:408,0
DA:410,0
DA:412,0
DA:414,0
DA:416,0
DA:420,0
LF:180
LH:0
BRDA:23,0,0,0
BRDA:23,0,1,0
BRDA:50,1,0,0
BRDA:50,1,1,0
BRDA:52,2,0,0
BRDA:52,2,1,0
BRDA:69,3,0,0
BRDA:69,3,1,0
BRF:8
BRH:0
end_of_record
TN:
SF:src/types/index.ts
FN:145,(anonymous_0)
FN:197,(anonymous_1)
FN:210,(anonymous_2)
FN:272,(anonymous_3)
FN:309,(anonymous_4)
FNF:5
FNH:5
FNDA:1,(anonymous_0)
FNDA:1,(anonymous_1)
FNDA:1,(anonymous_2)
FNDA:1,(anonymous_3)
FNDA:1,(anonymous_4)
DA:145,1
DA:146,1
DA:147,1
DA:148,1
DA:149,1
DA:150,1
DA:151,1
DA:152,1
DA:153,1
DA:197,1
DA:198,1
DA:199,1
DA:200,1
DA:201,1
DA:202,1
DA:203,1
DA:204,1
DA:205,1
DA:206,1
DA:207,1
DA:210,1
DA:211,1
DA:212,1
DA:213,1
DA:214,1
DA:215,1
DA:216,1
DA:217,1
DA:218,1
DA:219,1
DA:272,1
DA:273,1
DA:274,1
DA:275,1
DA:276,1
DA:277,1
DA:278,1
DA:279,1
DA:309,1
DA:310,1
DA:311,1
DA:312,1
DA:313,1
DA:314,1
DA:315,1
LF:45
LH:45
BRDA:145,0,0,1
BRDA:145,0,1,1
BRDA:197,1,0,1
BRDA:197,1,1,1
BRDA:210,2,0,1
BRDA:210,2,1,1
BRDA:272,3,0,1
BRDA:272,3,1,1
BRDA:309,4,0,1
BRDA:309,4,1,1
BRF:10
BRH:10
end_of_record
TN:
SF:src/utils/logger.ts
FN:9,(anonymous_0)
FN:30,(anonymous_1)
FN:37,(anonymous_2)
FN:41,(anonymous_3)
FN:45,(anonymous_4)
FN:52,(anonymous_5)
FN:62,(anonymous_6)
FN:73,(anonymous_7)
FN:77,(anonymous_8)
FN:81,(anonymous_9)
FN:85,(anonymous_10)
FN:90,(anonymous_11)
FN:124,(anonymous_12)
FN:129,(anonymous_13)
FN:130,(anonymous_14)
FNF:15
FNH:10
FNDA:3,(anonymous_0)
FNDA:3,(anonymous_1)
FNDA:3,(anonymous_2)
FNDA:3,(anonymous_3)
FNDA:0,(anonymous_4)
FNDA:36,(anonymous_5)
FNDA:1,(anonymous_6)
FNDA:1,(anonymous_7)
FNDA:3,(anonymous_8)
FNDA:32,(anonymous_9)
FNDA:0,(anonymous_10)
FNDA:1,(anonymous_11)
FNDA:0,(anonymous_12)
FNDA:0,(anonymous_13)
FNDA:0,(anonymous_14)
DA:9,3
DA:10,3
DA:11,3
DA:12,3
DA:13,3
DA:27,3
DA:28,3
DA:32,3
DA:33,3
DA:38,3
DA:42,3
DA:46,0
DA:47,0
DA:48,0
DA:53,36
DA:54,1
DA:62,1
DA:63,1
DA:64,1
DA:67,0
DA:74,1
DA:78,3
DA:82,32
DA:86,0
DA:90,3
DA:91,1
DA:92,1
DA:94,1
DA:96,1
DA:97,1
DA:100,1
DA:101,1
DA:102,1
DA:103,1
DA:107,1
DA:109,1
DA:110,1
DA:112,0
DA:113,0
DA:115,0
DA:116,0
DA:118,0
DA:119,0
DA:124,3
DA:125,0
DA:129,3
DA:130,0
DA:133,0
DA:139,3
DA:142,3
DA:143,0
DA:144,0
DA:145,0
DA:146,3
DA:147,0
DA:148,3
DA:149,3
DA:152,3
LF:58
LH:40
BRDA:9,0,0,3
BRDA:9,0,1,3
BRDA:32,1,0,3
BRDA:47,2,0,0
BRDA:53,3,0,1
BRDA:96,4,0,1
BRDA:100,5,0,1
BRDA:102,6,0,1
BRDA:107,7,0,1
BRDA:107,7,1,0
BRDA:107,7,2,0
BRDA:107,7,3,0
BRDA:142,8,0,0
BRDA:142,8,1,3
BRDA:146,9,0,0
BRDA:146,9,1,3
BRDA:148,10,0,3
BRF:17
BRH:11
end_of_record
TN:
SF:src/utils/retry.ts
FN:19,(anonymous_0)
FN:35,(anonymous_1)
FN:54,withRetry
FN:115,calculateDelay
FN:127,sleep
FN:128,(anonymous_5)
FN:132,retry
FN:133,(anonymous_7)
FN:140,(anonymous_8)
FN:141,(anonymous_9)
FN:154,(anonymous_10)
FN:160,(anonymous_11)
FN:180,(anonymous_12)
FN:188,(anonymous_13)
FN:201,(anonymous_14)
FN:205,(anonymous_15)
FNF:16
FNH:9
FNDA:1,(anonymous_0)
FNDA:6,(anonymous_1)
FNDA:5,withRetry
FNDA:0,calculateDelay
FNDA:0,sleep
FNDA:0,(anonymous_5)
FNDA:0,retry
FNDA:0,(anonymous_7)
FNDA:0,(anonymous_8)
FNDA:0,(anonymous_9)
FNDA:27,(anonymous_10)
FNDA:6,(anonymous_11)
FNDA:1,(anonymous_12)
FNDA:4,(anonymous_13)
FNDA:8,(anonymous_14)
FNDA:1,(anonymous_15)
DA:1,3
DA:18,3
DA:21,1
DA:22,1
DA:24,1
DA:25,1
DA:29,3
DA:37,6
DA:40,0
DA:44,6
DA:45,6
DA:46,0
DA:47,0
DA:50,6
DA:54,3
DA:58,5
DA:59,5
DA:62,5
DA:63,5
DA:64,5
DA:66,1
DA:67,0
DA:73,1
DA:75,4
DA:78,4
DA:79,4
DA:81,4
DA:82,4
DA:83,4
DA:86,0
DA:87,0
DA:89,0
DA:99,0
DA:104,4
DA:105,4
DA:108,0
DA:116,0
DA:117,0
DA:119,0
DA:121,0
DA:124,0
DA:128,0
DA:132,3
DA:133,0
DA:138,0
DA:140,0
DA:141,0
DA:144,0
DA:149,3
DA:150,27
DA:151,27
DA:152,27
DA:155,27
DA:156,27
DA:157,27
DA:161,6
DA:162,1
DA:163,0
DA:164,0
DA:166,1
DA:170,5
DA:171,5
DA:172,1
DA:173,1
DA:175,4
DA:176,4
DA:181,1
DA:182,1
DA:183,0
DA:184,0
DA:189,4
DA:190,4
DA:192,4
DA:193,2
DA:194,2
DA:202,8
DA:206,1
DA:207,1
DA:208,1
LF:79
LH:55
BRDA:37,0,0,0
BRDA:37,1,0,6
BRDA:37,1,1,6
BRDA:37,1,2,6
BRDA:45,2,0,0
BRDA:47,3,0,0
BRDA:47,3,1,0
BRDA:56,4,0,0
BRDA:66,5,0,0
BRDA:78,6,0,4
BRDA:78,6,1,0
BRDA:79,7,0,4
BRDA:79,7,1,4
BRDA:81,8,0,4
BRDA:104,9,0,4
BRDA:104,10,0,4
BRDA:104,10,1,4
BRDA:104,10,2,4
BRDA:119,11,0,0
BRDA:132,12,0,0
BRDA:155,13,0,22
BRDA:156,14,0,22
BRDA:157,15,0,22
BRDA:161,16,0,1
BRDA:162,17,0,0
BRDA:162,17,1,1
BRDA:182,18,0,0
BRDA:192,19,0,2
BRF:28
BRH:17
end_of_record
