TN:
SF:src/HttpClient.ts
FN:7,(anonymous_1)
FN:19,(anonymous_2)
FN:24,(anonymous_3)
FN:29,(anonymous_4)
FN:34,(anonymous_5)
FN:39,(anonymous_6)
FNF:6
FNH:0
FNDA:0,(anonymous_1)
FNDA:0,(anonymous_2)
FNDA:0,(anonymous_3)
FNDA:0,(anonymous_4)
FNDA:0,(anonymous_5)
FNDA:0,(anonymous_6)
DA:1,0
DA:4,0
DA:8,0
DA:20,0
DA:25,0
DA:30,0
DA:35,0
DA:40,0
DA:44,0
LF:9
LH:0
BRF:0
BRH:0
end_of_record
TN:
SF:src/Stateset.ts
FN:14,(anonymous_10)
FN:22,(anonymous_11)
FN:29,(anonymous_12)
FN:31,(anonymous_13)
FN:32,(anonymous_14)
FN:36,(anonymous_15)
FN:37,(anonymous_16)
FN:41,(anonymous_17)
FN:52,(anonymous_18)
FN:66,(anonymous_19)
FNF:10
FNH:0
FNDA:0,(anonymous_10)
FNDA:0,(anonymous_11)
FNDA:0,(anonymous_12)
FNDA:0,(anonymous_13)
FNDA:0,(anonymous_14)
FNDA:0,(anonymous_15)
FNDA:0,(anonymous_16)
FNDA:0,(anonymous_17)
FNDA:0,(anonymous_18)
FNDA:0,(anonymous_19)
DA:1,0
DA:2,0
DA:10,0
DA:14,0
DA:15,0
DA:17,0
DA:23,0
DA:26,0
DA:30,0
DA:31,0
DA:32,0
DA:35,0
DA:36,0
DA:37,0
DA:42,0
DA:44,0
DA:49,0
DA:53,0
DA:55,0
DA:58,0
DA:60,0
DA:62,0
DA:67,0
DA:76,0
LF:24
LH:0
BRDA:15,0,0,0
BRDA:15,0,1,0
BRDA:42,1,0,0
BRDA:42,1,1,0
BRDA:44,2,0,0
BRDA:44,2,1,0
BRDA:53,3,0,0
BRDA:53,3,1,0
BRDA:53,3,2,0
BRDA:53,3,3,0
BRDA:53,3,4,0
BRDA:58,4,0,0
BRDA:58,4,1,0
BRDA:66,5,0,0
BRF:14
BRH:0
end_of_record
TN:
SF:src/StatesetError.ts
FN:34,(anonymous_1)
FN:45,(anonymous_2)
FN:56,(anonymous_3)
FN:62,(anonymous_4)
FN:66,(anonymous_5)
FN:89,(anonymous_6)
FN:95,(anonymous_7)
FN:101,(anonymous_8)
FN:107,(anonymous_9)
FN:113,(anonymous_10)
FN:119,(anonymous_11)
FN:125,(anonymous_12)
FNF:12
FNH:4
FNDA:1,(anonymous_1)
FNDA:1,(anonymous_2)
FNDA:0,(anonymous_3)
FNDA:1,(anonymous_4)
FNDA:0,(anonymous_5)
FNDA:1,(anonymous_6)
FNDA:0,(anonymous_7)
FNDA:0,(anonymous_8)
FNDA:0,(anonymous_9)
FNDA:0,(anonymous_10)
FNDA:0,(anonymous_11)
FNDA:0,(anonymous_12)
DA:1,2
DA:35,1
DA:36,1
DA:37,1
DA:38,1
DA:40,1
DA:41,1
DA:46,1
DA:47,1
DA:48,1
DA:49,1
DA:50,1
DA:51,1
DA:52,1
DA:53,1
DA:57,0
DA:63,1
DA:67,0
DA:69,0
DA:71,0
DA:73,0
DA:75,0
DA:77,0
DA:79,0
DA:81,0
DA:83,0
DA:90,1
DA:96,0
DA:102,0
DA:108,0
DA:114,0
DA:120,0
DA:126,0
DA:131,2
DA:132,2
DA:133,2
DA:134,2
DA:135,2
DA:136,2
DA:137,2
DA:138,2
DA:139,2
LF:42
LH:26
BRDA:40,0,0,1
BRDA:67,1,0,0
BRDA:67,1,1,0
BRDA:67,1,2,0
BRDA:67,1,3,0
BRDA:67,1,4,0
BRDA:67,1,5,0
BRDA:67,1,6,0
BRDA:67,1,7,0
BRF:9
BRH:1
end_of_record
TN:
SF:src/StatesetMethod.basic.ts
FN:20,(anonymous_1)
FNF:1
FNH:0
FNDA:0,(anonymous_1)
DA:3,0
DA:20,0
DA:21,0
DA:34,0
DA:64,0
LF:5
LH:0
BRF:0
BRH:0
end_of_record
TN:
SF:src/StatesetMethod.ts
FN:34,statesetMethod
FN:41,(anonymous_2)
FNF:2
FNH:0
FNDA:0,statesetMethod
FNDA:0,(anonymous_2)
DA:3,0
DA:4,0
DA:5,0
DA:35,0
DA:36,0
DA:41,0
DA:42,0
DA:44,0
DA:48,0
DA:50,0
DA:55,0
DA:56,0
DA:62,0
DA:65,0
DA:69,0
LF:15
LH:0
BRDA:35,0,0,0
BRDA:35,1,0,0
BRDA:35,1,1,0
BRDA:42,2,0,0
BRDA:42,2,1,0
BRDA:45,3,0,0
BRDA:45,3,1,0
BRDA:45,4,0,0
BRDA:45,4,1,0
BRDA:51,5,0,0
BRDA:51,5,1,0
BRDA:51,6,0,0
BRDA:51,6,1,0
BRDA:51,7,0,0
BRDA:51,7,1,0
BRDA:55,8,0,0
BRDA:55,9,0,0
BRDA:55,9,1,0
BRF:18
BRH:0
end_of_record
TN:
SF:src/StatesetResource.ts
FN:16,(anonymous_0)
FN:21,(anonymous_1)
FN:26,(anonymous_2)
FN:27,(anonymous_3)
FN:36,(anonymous_4)
FN:52,(anonymous_5)
FN:67,(anonymous_6)
FNF:7
FNH:0
FNDA:0,(anonymous_0)
FNDA:0,(anonymous_1)
FNDA:0,(anonymous_2)
FNDA:0,(anonymous_3)
FNDA:0,(anonymous_4)
FNDA:0,(anonymous_5)
FNDA:0,(anonymous_6)
DA:17,0
DA:18,0
DA:19,0
DA:21,0
DA:22,0
DA:27,0
DA:28,0
DA:29,0
DA:30,0
DA:32,0
DA:37,0
DA:40,0
DA:42,0
DA:44,0
DA:46,0
DA:48,0
DA:53,0
DA:55,0
DA:59,0
DA:61,0
DA:63,0
DA:68,0
DA:71,0
DA:74,0
DA:76,0
DA:78,0
DA:83,0
LF:27
LH:0
BRDA:37,0,0,0
BRDA:37,0,1,0
BRDA:37,0,2,0
BRDA:37,0,3,0
BRDA:37,0,4,0
BRDA:37,0,5,0
BRDA:53,1,0,0
BRDA:53,1,1,0
BRDA:53,1,2,0
BRDA:53,1,3,0
BRDA:53,1,4,0
BRDA:53,1,5,0
BRDA:68,2,0,0
BRDA:68,2,1,0
BRDA:68,2,2,0
BRDA:68,2,3,0
BRDA:68,2,4,0
BRDA:68,2,5,0
BRF:18
BRH:0
end_of_record
TN:
SF:src/autoPagination.ts
FN:8,(anonymous_0)
FN:14,(anonymous_1)
FN:34,(anonymous_2)
FNF:3
FNH:0
FNDA:0,(anonymous_0)
FNDA:0,(anonymous_1)
FNDA:0,(anonymous_2)
DA:8,0
DA:14,0
DA:15,0
DA:16,0
DA:17,0
DA:18,0
DA:20,0
DA:21,0
DA:22,0
DA:23,0
DA:24,0
DA:26,0
DA:27,0
DA:31,0
DA:34,0
DA:35,0
DA:36,0
DA:38,0
DA:39,0
DA:40,0
DA:41,0
DA:42,0
DA:43,0
DA:46,0
DA:47,0
DA:49,0
DA:50,0
DA:55,0
LF:28
LH:0
BRDA:20,0,0,0
BRDA:20,0,1,0
BRDA:26,1,0,0
BRDA:42,2,0,0
BRDA:49,3,0,0
BRF:5
BRH:0
end_of_record
TN:
SF:src/client.ts
FN:240,(anonymous_1)
FN:273,(anonymous_2)
FN:291,(anonymous_3)
FN:300,(anonymous_4)
FN:328,(anonymous_5)
FN:345,(anonymous_6)
FN:364,(anonymous_7)
FN:385,(anonymous_8)
FN:387,(anonymous_9)
FN:392,(anonymous_10)
FN:397,(anonymous_11)
FN:402,(anonymous_12)
FN:504,(anonymous_13)
FN:517,(anonymous_14)
FN:524,(anonymous_15)
FN:538,(anonymous_16)
FN:545,(anonymous_17)
FN:559,(anonymous_18)
FN:566,(anonymous_19)
FN:586,(anonymous_20)
FN:593,(anonymous_21)
FN:603,(anonymous_22)
FN:610,(anonymous_23)
FN:622,(anonymous_24)
FN:629,(anonymous_25)
FN:636,(anonymous_26)
FN:643,(anonymous_27)
FN:650,(anonymous_28)
FN:675,(anonymous_29)
FN:682,(anonymous_30)
FN:693,(anonymous_31)
FN:702,(anonymous_32)
FN:762,(anonymous_33)
FN:769,(anonymous_34)
FN:779,(anonymous_35)
FN:786,(anonymous_36)
FN:797,(anonymous_37)
FN:808,(anonymous_38)
FN:819,(anonymous_39)
FN:829,(anonymous_40)
FNF:40
FNH:26
FNDA:26,(anonymous_1)
FNDA:26,(anonymous_2)
FNDA:22,(anonymous_3)
FNDA:22,(anonymous_4)
FNDA:23,(anonymous_5)
FNDA:22,(anonymous_6)
FNDA:0,(anonymous_7)
FNDA:22,(anonymous_8)
FNDA:0,(anonymous_9)
FNDA:0,(anonymous_10)
FNDA:0,(anonymous_11)
FNDA:22,(anonymous_12)
FNDA:2,(anonymous_13)
FNDA:2,(anonymous_14)
FNDA:2,(anonymous_15)
FNDA:2,(anonymous_16)
FNDA:2,(anonymous_17)
FNDA:2,(anonymous_18)
FNDA:3,(anonymous_19)
FNDA:3,(anonymous_20)
FNDA:1,(anonymous_21)
FNDA:1,(anonymous_22)
FNDA:1,(anonymous_23)
FNDA:1,(anonymous_24)
FNDA:0,(anonymous_25)
FNDA:0,(anonymous_26)
FNDA:0,(anonymous_27)
FNDA:2,(anonymous_28)
FNDA:1,(anonymous_29)
FNDA:1,(anonymous_30)
FNDA:7,(anonymous_31)
FNDA:1,(anonymous_32)
FNDA:0,(anonymous_33)
FNDA:0,(anonymous_34)
FNDA:0,(anonymous_35)
FNDA:0,(anonymous_36)
FNDA:0,(anonymous_37)
FNDA:0,(anonymous_38)
FNDA:0,(anonymous_39)
FNDA:1,(anonymous_40)
DA:1,2
DA:2,2
DA:3,2
DA:4,2
DA:8,2
DA:9,2
DA:10,2
DA:11,2
DA:12,2
DA:13,2
DA:14,2
DA:15,2
DA:16,2
DA:17,2
DA:18,2
DA:19,2
DA:20,2
DA:21,2
DA:22,2
DA:23,2
DA:24,2
DA:25,2
DA:26,2
DA:27,2
DA:28,2
DA:29,2
DA:30,2
DA:31,2
DA:32,2
DA:33,2
DA:34,2
DA:35,2
DA:36,2
DA:37,2
DA:38,2
DA:39,2
DA:40,2
DA:41,2
DA:42,2
DA:43,2
DA:44,2
DA:45,2
DA:46,2
DA:47,2
DA:48,2
DA:49,2
DA:50,2
DA:51,2
DA:52,2
DA:53,2
DA:54,2
DA:55,2
DA:56,2
DA:57,2
DA:58,2
DA:59,2
DA:60,2
DA:61,2
DA:62,2
DA:63,2
DA:64,2
DA:65,2
DA:66,2
DA:67,2
DA:68,2
DA:69,2
DA:70,2
DA:71,2
DA:72,2
DA:73,2
DA:74,2
DA:75,2
DA:76,2
DA:77,2
DA:78,2
DA:79,2
DA:142,2
DA:242,26
DA:245,22
DA:248,22
DA:254,22
DA:257,22
DA:260,22
DA:262,22
DA:274,26
DA:275,1
DA:278,25
DA:279,1
DA:282,24
DA:283,1
DA:286,23
DA:287,1
DA:292,22
DA:293,22
DA:294,20
DA:296,2
DA:301,22
DA:329,23
DA:330,23
DA:332,23
DA:333,1
DA:334,1
DA:335,1
DA:337,1
DA:338,1
DA:342,23
DA:346,22
DA:348,22
DA:365,0
DA:366,0
DA:367,0
DA:377,0
DA:381,0
DA:387,22
DA:388,0
DA:392,22
DA:393,0
DA:397,22
DA:398,0
DA:405,22
DA:408,22
DA:409,22
DA:410,22
DA:411,22
DA:412,22
DA:413,22
DA:414,22
DA:415,22
DA:416,22
DA:417,22
DA:418,22
DA:419,22
DA:422,22
DA:423,22
DA:424,22
DA:425,22
DA:426,22
DA:427,22
DA:428,22
DA:429,22
DA:430,22
DA:431,22
DA:432,22
DA:435,22
DA:436,22
DA:437,22
DA:438,22
DA:439,22
DA:440,22
DA:441,22
DA:442,22
DA:443,22
DA:444,22
DA:445,22
DA:448,22
DA:449,22
DA:450,22
DA:451,22
DA:452,22
DA:453,22
DA:456,22
DA:457,22
DA:458,22
DA:459,22
DA:460,22
DA:461,22
DA:462,22
DA:463,22
DA:466,22
DA:467,22
DA:468,22
DA:469,22
DA:470,22
DA:471,22
DA:472,22
DA:475,22
DA:476,22
DA:477,22
DA:478,22
DA:481,22
DA:482,22
DA:483,22
DA:486,22
DA:487,22
DA:488,22
DA:489,22
DA:490,22
DA:491,22
DA:492,22
DA:493,22
DA:494,22
DA:495,22
DA:498,22
DA:505,2
DA:506,0
DA:509,2
DA:510,2
DA:512,2
DA:518,2
DA:525,2
DA:526,1
DA:529,1
DA:530,1
DA:532,1
DA:539,2
DA:546,2
DA:547,1
DA:550,1
DA:551,1
DA:553,1
DA:560,2
DA:567,3
DA:569,3
DA:570,1
DA:573,2
DA:574,1
DA:577,1
DA:578,1
DA:580,1
DA:587,3
DA:594,1
DA:595,1
DA:597,1
DA:604,1
DA:611,1
DA:612,1
DA:613,1
DA:614,1
DA:616,1
DA:623,1
DA:630,0
DA:637,0
DA:644,0
DA:651,2
DA:655,2
DA:656,2
DA:658,1
DA:663,1
DA:665,1
DA:668,1
DA:676,1
DA:683,1
DA:685,1
DA:695,7
DA:696,7
DA:703,1
DA:707,1
DA:709,1
DA:714,1
DA:715,1
DA:716,1
DA:717,0
DA:718,0
DA:722,0
DA:726,1
DA:731,1
DA:738,1
DA:739,1
DA:742,1
DA:743,1
DA:746,1
DA:748,1
DA:750,0
DA:751,0
DA:755,0
DA:763,0
DA:770,0
DA:771,0
DA:780,0
DA:787,0
DA:788,0
DA:798,0
DA:799,0
DA:809,0
DA:810,0
DA:813,0
DA:814,0
DA:818,0
DA:819,0
DA:820,0
DA:823,0
DA:830,1
DA:831,1
DA:833,1
DA:839,2
LF:285
LH:251
BRDA:240,0,0,1
BRDA:267,1,0,22
BRDA:267,1,1,20
BRDA:274,2,0,1
BRDA:274,3,0,26
BRDA:274,3,1,2
BRDA:278,4,0,1
BRDA:278,5,0,25
BRDA:278,5,1,20
BRDA:282,6,0,1
BRDA:282,7,0,24
BRDA:282,7,1,20
BRDA:282,7,2,19
BRDA:286,8,0,1
BRDA:286,9,0,23
BRDA:286,9,1,20
BRDA:286,9,2,20
BRDA:302,10,0,22
BRDA:302,10,1,1
BRDA:302,10,2,0
BRDA:303,11,0,22
BRDA:303,11,1,3
BRDA:303,11,2,2
BRDA:304,12,0,22
BRDA:304,12,1,3
BRDA:305,13,0,22
BRDA:305,13,1,3
BRDA:305,14,0,3
BRDA:305,14,1,2
BRDA:306,15,0,22
BRDA:306,15,1,3
BRDA:306,16,0,3
BRDA:306,16,1,2
BRDA:307,17,0,22
BRDA:307,17,1,22
BRDA:308,18,0,22
BRDA:308,18,1,22
BRDA:309,19,0,22
BRDA:309,19,1,22
BRDA:309,19,2,22
BRDA:309,19,3,22
BRDA:311,20,0,22
BRDA:311,20,1,22
BRDA:312,21,0,22
BRDA:312,21,1,22
BRDA:313,22,0,22
BRDA:313,22,1,22
BRDA:314,23,0,22
BRDA:314,23,1,22
BRDA:315,24,0,22
BRDA:315,24,1,22
BRDA:317,25,0,22
BRDA:317,25,1,22
BRDA:318,26,0,22
BRDA:318,26,1,22
BRDA:319,27,0,22
BRDA:319,27,1,22
BRDA:322,28,0,22
BRDA:322,28,1,22
BRDA:323,29,0,22
BRDA:323,29,1,22
BRDA:329,30,0,23
BRDA:329,30,1,0
BRDA:332,31,0,1
BRDA:334,32,0,1
BRDA:337,33,0,1
BRDA:346,34,0,0
BRDA:346,34,1,22
BRDA:353,35,0,22
BRDA:353,35,1,2
BRDA:370,36,0,0
BRDA:370,36,1,0
BRDA:370,37,0,0
BRDA:370,37,1,0
BRDA:371,38,0,0
BRDA:371,38,1,0
BRDA:371,39,0,0
BRDA:371,39,1,0
BRDA:505,40,0,0
BRDA:525,41,0,1
BRDA:546,42,0,1
BRDA:546,43,0,2
BRDA:546,43,1,1
BRDA:567,44,0,3
BRDA:567,44,1,0
BRDA:567,44,2,0
BRDA:569,45,0,1
BRDA:569,46,0,3
BRDA:569,46,1,3
BRDA:573,47,0,1
BRDA:573,48,0,2
BRDA:573,48,1,1
BRDA:702,49,0,0
BRDA:703,50,0,1
BRDA:703,50,1,0
BRDA:709,51,0,1
BRDA:709,51,1,0
BRDA:710,52,0,1
BRDA:710,52,1,1
BRDA:714,53,0,1
BRDA:714,54,0,1
BRDA:714,54,1,1
BRDA:716,55,0,0
BRDA:742,56,0,1
BRDA:742,57,0,1
BRDA:742,57,1,1
BRDA:742,57,2,1
BRDA:788,58,0,0
BRDA:788,58,1,0
BRDA:799,59,0,0
BRDA:799,59,1,0
BRDA:808,60,0,0
BRF:112
BRH:89
end_of_record
TN:
SF:src/index.ts
FN:24,(anonymous_5)
FN:26,(anonymous_6)
FN:27,(anonymous_7)
FN:28,(anonymous_8)
FN:29,(anonymous_9)
FN:30,(anonymous_10)
FN:31,(anonymous_11)
FN:32,(anonymous_12)
FN:33,(anonymous_13)
FN:40,(anonymous_14)
FN:40,(anonymous_15)
FN:41,(anonymous_16)
FN:41,(anonymous_17)
FN:41,(anonymous_18)
FN:42,(anonymous_19)
FN:42,(anonymous_20)
FN:43,(anonymous_21)
FN:43,(anonymous_22)
FN:43,(anonymous_23)
FN:44,(anonymous_24)
FN:44,(anonymous_25)
FN:44,(anonymous_26)
FN:45,(anonymous_27)
FNF:23
FNH:1
FNDA:0,(anonymous_5)
FNDA:0,(anonymous_6)
FNDA:0,(anonymous_7)
FNDA:0,(anonymous_8)
FNDA:0,(anonymous_9)
FNDA:0,(anonymous_10)
FNDA:1,(anonymous_11)
FNDA:0,(anonymous_12)
FNDA:0,(anonymous_13)
FNDA:0,(anonymous_14)
FNDA:0,(anonymous_15)
FNDA:0,(anonymous_16)
FNDA:0,(anonymous_17)
FNDA:0,(anonymous_18)
FNDA:0,(anonymous_19)
FNDA:0,(anonymous_20)
FNDA:0,(anonymous_21)
FNDA:0,(anonymous_22)
FNDA:0,(anonymous_23)
FNDA:0,(anonymous_24)
FNDA:0,(anonymous_25)
FNDA:0,(anonymous_26)
FNDA:0,(anonymous_27)
DA:1,1
DA:2,1
DA:3,1
DA:4,1
DA:16,1
DA:19,1
DA:20,1
DA:24,1
DA:25,1
DA:26,1
DA:27,1
DA:28,1
DA:29,1
DA:30,1
DA:31,2
DA:32,1
DA:33,1
DA:37,1
DA:40,1
DA:41,1
DA:42,1
DA:43,1
DA:44,1
DA:45,1
LF:24
LH:24
BRF:0
BRH:0
end_of_record
TN:
SF:src/makeRequest.ts
FN:13,(anonymous_0)
FNF:1
FNH:0
FNDA:0,(anonymous_0)
DA:13,0
DA:18,0
DA:27,0
LF:3
LH:0
BRF:0
BRH:0
end_of_record
TN:
SF:src/stateset-client.ts
FN:210,(anonymous_1)
FN:267,(anonymous_2)
FN:268,(anonymous_3)
FN:278,(anonymous_4)
FN:360,(anonymous_5)
FN:369,(anonymous_6)
FN:378,(anonymous_7)
FN:388,(anonymous_8)
FN:397,(anonymous_9)
FN:413,(anonymous_10)
FN:431,(anonymous_11)
FN:440,(anonymous_12)
FN:445,(anonymous_13)
FNF:13
FNH:0
FNDA:0,(anonymous_1)
FNDA:0,(anonymous_2)
FNDA:0,(anonymous_3)
FNDA:0,(anonymous_4)
FNDA:0,(anonymous_5)
FNDA:0,(anonymous_6)
FNDA:0,(anonymous_7)
FNDA:0,(anonymous_8)
FNDA:0,(anonymous_9)
FNDA:0,(anonymous_10)
FNDA:0,(anonymous_11)
FNDA:0,(anonymous_12)
FNDA:0,(anonymous_13)
DA:1,1
DA:2,1
DA:11,1
DA:12,1
DA:13,1
DA:14,1
DA:15,1
DA:16,1
DA:17,1
DA:18,1
DA:19,1
DA:20,1
DA:21,1
DA:22,1
DA:23,1
DA:24,1
DA:25,1
DA:26,1
DA:27,1
DA:28,1
DA:29,1
DA:30,1
DA:31,1
DA:32,1
DA:33,1
DA:34,1
DA:35,1
DA:36,1
DA:37,1
DA:38,1
DA:39,1
DA:40,1
DA:41,1
DA:42,1
DA:43,1
DA:44,1
DA:45,1
DA:46,1
DA:47,1
DA:48,1
DA:49,1
DA:50,1
DA:51,1
DA:52,1
DA:53,1
DA:54,1
DA:55,1
DA:56,1
DA:57,1
DA:58,1
DA:59,1
DA:60,1
DA:61,1
DA:62,1
DA:63,1
DA:64,1
DA:65,1
DA:66,1
DA:67,1
DA:68,1
DA:69,1
DA:70,1
DA:71,1
DA:72,1
DA:73,1
DA:74,1
DA:75,1
DA:76,1
DA:77,1
DA:78,1
DA:79,1
DA:80,1
DA:81,1
DA:82,1
DA:83,1
DA:126,1
DA:211,0
DA:212,0
DA:217,0
DA:218,0
DA:220,0
DA:223,0
DA:227,0
DA:228,0
DA:229,0
DA:230,0
DA:231,0
DA:232,0
DA:235,0
DA:239,0
DA:240,0
DA:241,0
DA:246,0
DA:247,0
DA:254,0
DA:266,0
DA:267,0
DA:269,0
DA:270,0
DA:271,0
DA:273,0
DA:274,0
DA:275,0
DA:277,0
DA:278,0
DA:279,0
DA:282,0
DA:283,0
DA:284,0
DA:285,0
DA:286,0
DA:287,0
DA:288,0
DA:289,0
DA:290,0
DA:291,0
DA:292,0
DA:293,0
DA:294,0
DA:295,0
DA:296,0
DA:297,0
DA:298,0
DA:299,0
DA:300,0
DA:301,0
DA:302,0
DA:303,0
DA:304,0
DA:305,0
DA:306,0
DA:307,0
DA:308,0
DA:309,0
DA:310,0
DA:311,0
DA:312,0
DA:313,0
DA:314,0
DA:315,0
DA:316,0
DA:317,0
DA:318,0
DA:319,0
DA:320,0
DA:321,0
DA:322,0
DA:323,0
DA:324,0
DA:325,0
DA:326,0
DA:327,0
DA:328,0
DA:329,0
DA:330,0
DA:331,0
DA:332,0
DA:333,0
DA:334,0
DA:335,0
DA:336,0
DA:337,0
DA:338,0
DA:339,0
DA:340,0
DA:341,0
DA:342,0
DA:343,0
DA:344,0
DA:345,0
DA:346,0
DA:347,0
DA:348,0
DA:349,0
DA:350,0
DA:351,0
DA:352,0
DA:353,0
DA:361,0
DA:362,0
DA:370,0
DA:371,0
DA:379,0
DA:380,0
DA:389,0
DA:390,0
DA:398,0
DA:399,0
DA:404,0
DA:405,0
DA:410,0
DA:414,0
DA:415,0
DA:416,0
DA:417,0
DA:418,0
DA:420,0
DA:421,0
DA:424,0
DA:432,0
DA:433,0
DA:441,0
DA:442,0
DA:446,0
DA:447,0
DA:453,0
DA:456,0
DA:457,0
DA:458,0
DA:466,0
DA:467,0
DA:469,0
DA:470,0
DA:472,0
DA:473,0
DA:475,0
DA:476,0
DA:478,0
DA:480,0
DA:490,1
LF:220
LH:77
BRDA:211,0,0,0
BRDA:211,0,1,0
BRDA:211,0,2,0
BRDA:213,1,0,0
BRDA:213,1,1,0
BRDA:213,1,2,0
BRDA:217,2,0,0
BRDA:220,3,0,0
BRDA:220,3,1,0
BRDA:223,4,0,0
BRDA:223,4,1,0
BRDA:227,5,0,0
BRDA:227,5,1,0
BRDA:227,5,2,0
BRDA:228,6,0,0
BRDA:228,6,1,0
BRDA:228,6,2,0
BRDA:229,7,0,0
BRDA:229,7,1,0
BRDA:231,8,0,0
BRDA:231,8,1,0
BRDA:232,9,0,0
BRDA:232,9,1,0
BRDA:235,10,0,0
BRDA:235,10,1,0
BRDA:235,10,2,0
BRDA:235,10,3,0
BRDA:239,11,0,0
BRDA:244,12,0,0
BRDA:244,12,1,0
BRDA:244,13,0,0
BRDA:244,13,1,0
BRDA:246,14,0,0
BRDA:246,15,0,0
BRDA:246,15,1,0
BRDA:270,16,0,0
BRDA:270,17,0,0
BRDA:270,17,1,0
BRDA:273,18,0,0
BRDA:273,18,1,0
BRDA:274,19,0,0
BRDA:388,20,0,0
BRDA:402,21,0,0
BRDA:402,21,1,0
BRDA:402,22,0,0
BRDA:402,22,1,0
BRDA:404,23,0,0
BRDA:404,24,0,0
BRDA:404,24,1,0
BRDA:415,25,0,0
BRDA:417,26,0,0
BRDA:420,27,0,0
BRDA:445,28,0,0
BRDA:456,29,0,0
BRDA:460,30,0,0
BRDA:460,30,1,0
BRDA:466,31,0,0
BRDA:469,32,0,0
BRDA:469,33,0,0
BRDA:469,33,1,0
BRDA:472,34,0,0
BRDA:475,35,0,0
BRF:62
BRH:0
end_of_record
TN:
SF:src/utils.ts
FN:8,(anonymous_1)
FN:59,(anonymous_2)
FN:63,(anonymous_3)
FN:64,(anonymous_4)
FN:68,(anonymous_5)
FN:71,(anonymous_6)
FN:82,(anonymous_7)
FN:85,(anonymous_8)
FN:91,(anonymous_9)
FN:98,(anonymous_10)
FN:99,(anonymous_11)
FN:100,(anonymous_12)
FN:106,(anonymous_13)
FN:108,(anonymous_14)
FN:111,(anonymous_15)
FN:121,(anonymous_16)
FN:134,(anonymous_17)
FN:160,(anonymous_18)
FN:163,(anonymous_19)
FN:210,(anonymous_20)
FN:229,(anonymous_21)
FN:234,(anonymous_22)
FN:242,(anonymous_23)
FN:247,(anonymous_24)
FN:253,(anonymous_25)
FN:257,(anonymous_26)
FN:262,(anonymous_27)
FN:266,(anonymous_28)
FN:272,(anonymous_29)
FN:273,(anonymous_30)
FN:277,(anonymous_31)
FN:278,(anonymous_32)
FN:288,(anonymous_33)
FN:296,(anonymous_34)
FN:305,(anonymous_35)
FN:313,(anonymous_36)
FN:318,(anonymous_37)
FN:321,(anonymous_38)
FN:322,(anonymous_39)
FN:343,(anonymous_40)
FN:344,(anonymous_41)
FN:351,(anonymous_42)
FN:363,(anonymous_43)
FNF:43
FNH:0
FNDA:0,(anonymous_1)
FNDA:0,(anonymous_2)
FNDA:0,(anonymous_3)
FNDA:0,(anonymous_4)
FNDA:0,(anonymous_5)
FNDA:0,(anonymous_6)
FNDA:0,(anonymous_7)
FNDA:0,(anonymous_8)
FNDA:0,(anonymous_9)
FNDA:0,(anonymous_10)
FNDA:0,(anonymous_11)
FNDA:0,(anonymous_12)
FNDA:0,(anonymous_13)
FNDA:0,(anonymous_14)
FNDA:0,(anonymous_15)
FNDA:0,(anonymous_16)
FNDA:0,(anonymous_17)
FNDA:0,(anonymous_18)
FNDA:0,(anonymous_19)
FNDA:0,(anonymous_20)
FNDA:0,(anonymous_21)
FNDA:0,(anonymous_22)
FNDA:0,(anonymous_23)
FNDA:0,(anonymous_24)
FNDA:0,(anonymous_25)
FNDA:0,(anonymous_26)
FNDA:0,(anonymous_27)
FNDA:0,(anonymous_28)
FNDA:0,(anonymous_29)
FNDA:0,(anonymous_30)
FNDA:0,(anonymous_31)
FNDA:0,(anonymous_32)
FNDA:0,(anonymous_33)
FNDA:0,(anonymous_34)
FNDA:0,(anonymous_35)
FNDA:0,(anonymous_36)
FNDA:0,(anonymous_37)
FNDA:0,(anonymous_38)
FNDA:0,(anonymous_39)
FNDA:0,(anonymous_40)
FNDA:0,(anonymous_41)
FNDA:0,(anonymous_42)
FNDA:0,(anonymous_43)
DA:3,2
DA:4,2
DA:5,2
DA:6,2
DA:8,2
DA:9,0
DA:11,2
DA:21,2
DA:28,2
DA:58,2
DA:60,0
DA:63,0
DA:64,0
DA:69,0
DA:71,0
DA:72,0
DA:75,0
DA:76,0
DA:77,0
DA:79,0
DA:83,0
DA:85,0
DA:92,0
DA:98,0
DA:99,0
DA:100,0
DA:101,0
DA:107,0
DA:108,0
DA:112,0
DA:113,0
DA:116,0
DA:117,0
DA:120,0
DA:121,0
DA:123,0
DA:124,0
DA:131,0
DA:139,0
DA:149,0
DA:150,0
DA:151,0
DA:153,0
DA:154,0
DA:155,0
DA:156,0
DA:157,0
DA:158,0
DA:160,0
DA:162,0
DA:163,0
DA:164,0
DA:165,0
DA:167,0
DA:168,0
DA:169,0
DA:173,0
DA:174,0
DA:175,0
DA:177,0
DA:178,0
DA:184,0
DA:185,0
DA:187,0
DA:188,0
DA:190,0
DA:191,0
DA:193,0
DA:194,0
DA:196,0
DA:197,0
DA:199,0
DA:200,0
DA:202,0
DA:203,0
DA:207,0
DA:211,0
DA:212,0
DA:214,0
DA:215,0
DA:218,0
DA:219,0
DA:222,0
DA:223,0
DA:224,0
DA:226,0
DA:230,0
DA:231,0
DA:234,0
DA:235,0
DA:236,0
DA:238,0
DA:243,0
DA:244,0
DA:247,0
DA:248,0
DA:249,0
DA:254,0
DA:257,0
DA:263,0
DA:270,0
DA:271,0
DA:273,0
DA:274,0
DA:278,0
DA:279,0
DA:285,0
DA:289,0
DA:290,0
DA:292,0
DA:297,0
DA:299,0
DA:302,0
DA:306,0
DA:307,0
DA:309,0
DA:314,0
DA:315,0
DA:319,0
DA:321,0
DA:322,0
DA:323,0
DA:324,0
DA:326,0
DA:327,0
DA:328,0
DA:330,0
DA:333,0
DA:338,0
DA:340,0
DA:344,0
DA:345,0
DA:346,0
DA:347,0
DA:352,0
DA:353,0
DA:354,0
DA:356,0
DA:360,0
DA:364,0
DA:373,2
LF:141
LH:10
BRDA:61,0,0,0
BRDA:61,0,1,0
BRDA:61,0,2,0
BRDA:61,0,3,0
BRDA:101,1,0,0
BRDA:101,1,1,0
BRDA:108,2,0,0
BRDA:108,2,1,0
BRDA:112,3,0,0
BRDA:112,4,0,0
BRDA:112,4,1,0
BRDA:112,4,2,0
BRDA:116,5,0,0
BRDA:123,6,0,0
BRDA:123,7,0,0
BRDA:123,7,1,0
BRDA:153,8,0,0
BRDA:155,9,0,0
BRDA:155,9,1,0
BRDA:157,10,0,0
BRDA:162,11,0,0
BRDA:164,12,0,0
BRDA:168,13,0,0
BRDA:177,14,0,0
BRDA:184,15,0,0
BRDA:187,16,0,0
BRDA:190,17,0,0
BRDA:193,18,0,0
BRDA:196,19,0,0
BRDA:199,20,0,0
BRDA:202,21,0,0
BRDA:214,22,0,0
BRDA:218,23,0,0
BRDA:230,24,0,0
BRDA:230,25,0,0
BRDA:230,25,1,0
BRDA:235,26,0,0
BRDA:243,27,0,0
BRDA:243,28,0,0
BRDA:243,28,1,0
BRDA:270,29,0,0
BRDA:289,30,0,0
BRDA:289,30,1,0
BRDA:297,31,0,0
BRDA:315,32,0,0
BRDA:315,32,1,0
BRDA:315,32,2,0
BRDA:324,33,0,0
BRDA:324,33,1,0
BRDA:326,34,0,0
BRDA:326,34,1,0
BRDA:327,35,0,0
BRDA:327,35,1,0
BRDA:327,36,0,0
BRDA:327,36,1,0
BRDA:346,37,0,0
BRDA:346,37,1,0
BRDA:352,38,0,0
BRDA:353,39,0,0
BRDA:353,39,1,0
BRDA:364,40,0,0
BRDA:364,40,1,0
BRF:62
BRH:0
end_of_record
TN:
SF:src/core/base-resource.ts
FN:45,(anonymous_0)
FN:57,(anonymous_1)
FN:89,(anonymous_2)
FN:134,(anonymous_3)
FN:169,(anonymous_4)
FN:204,(anonymous_5)
FN:239,(anonymous_6)
FN:272,(anonymous_7)
FN:318,(anonymous_8)
FN:352,(anonymous_9)
FN:367,(anonymous_10)
FN:404,(anonymous_11)
FN:441,(anonymous_12)
FN:478,(anonymous_13)
FN:520,(anonymous_14)
FN:552,(anonymous_15)
FN:572,(anonymous_16)
FN:579,(anonymous_17)
FNF:18
FNH:0
FNDA:0,(anonymous_0)
FNDA:0,(anonymous_1)
FNDA:0,(anonymous_2)
FNDA:0,(anonymous_3)
FNDA:0,(anonymous_4)
FNDA:0,(anonymous_5)
FNDA:0,(anonymous_6)
FNDA:0,(anonymous_7)
FNDA:0,(anonymous_8)
FNDA:0,(anonymous_9)
FNDA:0,(anonymous_10)
FNDA:0,(anonymous_11)
FNDA:0,(anonymous_12)
FNDA:0,(anonymous_13)
FNDA:0,(anonymous_14)
FNDA:0,(anonymous_15)
FNDA:0,(anonymous_16)
FNDA:0,(anonymous_17)
DA:2,0
DA:41,0
DA:46,0
DA:50,0
DA:51,0
DA:58,0
DA:60,0
DA:65,0
DA:66,0
DA:71,0
DA:76,0
DA:78,0
DA:82,0
DA:90,0
DA:92,0
DA:97,0
DA:98,0
DA:106,0
DA:112,0
DA:121,0
DA:123,0
DA:127,0
DA:135,0
DA:137,0
DA:142,0
DA:143,0
DA:148,0
DA:156,0
DA:158,0
DA:162,0
DA:170,0
DA:172,0
DA:177,0
DA:178,0
DA:183,0
DA:191,0
DA:193,0
DA:197,0
DA:205,0
DA:207,0
DA:212,0
DA:213,0
DA:218,0
DA:226,0
DA:228,0
DA:232,0
DA:240,0
DA:242,0
DA:247,0
DA:248,0
DA:253,0
DA:261,0
DA:265,0
DA:273,0
DA:275,0
DA:280,0
DA:281,0
DA:289,0
DA:295,0
DA:305,0
DA:307,0
DA:311,0
DA:319,0
DA:324,0
DA:325,0
DA:331,0
DA:339,0
DA:341,0
DA:345,0
DA:353,0
DA:354,0
DA:355,0
DA:357,0
DA:358,0
DA:360,0
DA:368,0
DA:373,0
DA:374,0
DA:382,0
DA:391,0
DA:393,0
DA:397,0
DA:405,0
DA:410,0
DA:411,0
DA:419,0
DA:428,0
DA:430,0
DA:434,0
DA:442,0
DA:447,0
DA:448,0
DA:456,0
DA:465,0
DA:467,0
DA:471,0
DA:479,0
DA:481,0
DA:486,0
DA:487,0
DA:497,0
DA:507,0
DA:509,0
DA:513,0
DA:521,0
DA:525,0
DA:526,0
DA:531,0
DA:540,0
DA:542,0
DA:545,0
DA:553,0
DA:554,0
DA:557,0
DA:558,0
DA:560,0
DA:561,0
DA:562,0
DA:566,0
DA:573,0
DA:580,0
LF:121
LH:0
BRDA:51,0,0,0
BRDA:51,0,1,0
BRDA:58,1,0,0
BRDA:89,2,0,0
BRDA:90,3,0,0
BRDA:90,4,0,0
BRDA:90,5,0,0
BRDA:101,6,0,0
BRDA:101,6,1,0
BRDA:102,7,0,0
BRDA:102,7,1,0
BRDA:135,8,0,0
BRDA:170,9,0,0
BRDA:205,10,0,0
BRDA:240,11,0,0
BRDA:273,12,0,0
BRDA:273,13,0,0
BRDA:273,14,0,0
BRDA:285,15,0,0
BRDA:285,15,1,0
BRDA:318,16,0,0
BRDA:318,17,0,0
BRDA:352,18,0,0
BRDA:357,19,0,0
BRDA:367,20,0,0
BRDA:404,21,0,0
BRDA:441,22,0,0
BRDA:478,23,0,0
BRDA:479,24,0,0
BRDA:479,25,0,0
BRDA:479,26,0,0
BRDA:493,27,0,0
BRDA:493,27,1,0
BRDA:520,28,0,0
BRDA:553,29,0,0
BRDA:553,30,0,0
BRDA:553,30,1,0
BRDA:561,31,0,0
BRF:38
BRH:0
end_of_record
TN:
SF:src/core/http-client.ts
FN:55,(anonymous_10)
FN:89,(anonymous_11)
FN:92,(anonymous_12)
FN:124,(anonymous_13)
FN:135,(anonymous_14)
FN:162,(anonymous_15)
FN:189,(anonymous_16)
FN:197,(anonymous_17)
FN:205,(anonymous_18)
FN:211,(anonymous_19)
FN:255,(anonymous_20)
FN:265,(anonymous_21)
FN:269,(anonymous_22)
FN:273,(anonymous_23)
FN:278,(anonymous_24)
FN:282,(anonymous_25)
FN:286,(anonymous_26)
FN:290,(anonymous_27)
FN:294,(anonymous_28)
FN:298,(anonymous_29)
FN:299,(anonymous_30)
FN:299,(anonymous_31)
FN:309,(anonymous_32)
FN:333,(anonymous_33)
FN:337,(anonymous_34)
FN:341,(anonymous_35)
FN:345,(anonymous_36)
FN:349,(anonymous_37)
FN:353,(anonymous_38)
FN:358,(anonymous_39)
FNF:30
FNH:7
FNDA:22,(anonymous_10)
FNDA:22,(anonymous_11)
FNDA:0,(anonymous_12)
FNDA:0,(anonymous_13)
FNDA:0,(anonymous_14)
FNDA:0,(anonymous_15)
FNDA:0,(anonymous_16)
FNDA:0,(anonymous_17)
FNDA:0,(anonymous_18)
FNDA:0,(anonymous_19)
FNDA:0,(anonymous_20)
FNDA:0,(anonymous_21)
FNDA:0,(anonymous_22)
FNDA:0,(anonymous_23)
FNDA:0,(anonymous_24)
FNDA:0,(anonymous_25)
FNDA:0,(anonymous_26)
FNDA:0,(anonymous_27)
FNDA:0,(anonymous_28)
FNDA:0,(anonymous_29)
FNDA:0,(anonymous_30)
FNDA:0,(anonymous_31)
FNDA:0,(anonymous_32)
FNDA:2,(anonymous_33)
FNDA:1,(anonymous_34)
FNDA:1,(anonymous_35)
FNDA:2,(anonymous_36)
FNDA:0,(anonymous_37)
FNDA:0,(anonymous_38)
FNDA:1,(anonymous_39)
DA:1,2
DA:2,2
DA:3,2
DA:4,2
DA:5,2
DA:6,2
DA:47,2
DA:51,22
DA:52,22
DA:53,22
DA:56,22
DA:57,22
DA:60,22
DA:67,22
DA:86,22
DA:91,22
DA:93,0
DA:94,0
DA:95,0
DA:104,0
DA:105,0
DA:109,0
DA:111,0
DA:122,0
DA:125,0
DA:129,0
DA:134,22
DA:136,0
DA:137,0
DA:138,0
DA:147,0
DA:149,0
DA:160,0
DA:163,0
DA:165,0
DA:166,0
DA:167,0
DA:181,0
DA:184,0
DA:190,0
DA:191,0
DA:192,0
DA:194,0
DA:198,0
DA:199,0
DA:200,0
DA:202,0
DA:206,0
DA:207,0
DA:212,0
DA:213,0
DA:224,0
DA:225,0
DA:226,0
DA:227,0
DA:229,0
DA:230,0
DA:232,0
DA:233,0
DA:235,0
DA:236,0
DA:241,0
DA:242,0
DA:249,0
DA:256,0
DA:258,0
DA:259,0
DA:261,0
DA:266,0
DA:270,0
DA:274,0
DA:279,0
DA:283,0
DA:287,0
DA:291,0
DA:295,0
DA:299,0
DA:301,0
DA:302,0
DA:305,0
DA:310,0
DA:311,0
DA:312,0
DA:321,0
DA:334,2
DA:338,1
DA:342,1
DA:346,2
DA:350,0
DA:354,0
DA:360,1
DA:361,1
DA:362,1
DA:365,1
LF:94
LH:25
BRDA:56,0,0,22
BRDA:56,0,1,0
BRDA:61,1,0,22
BRDA:61,1,1,0
BRDA:62,2,0,22
BRDA:62,2,1,0
BRDA:64,3,0,22
BRDA:64,3,1,0
BRDA:69,4,0,22
BRDA:69,4,1,0
BRDA:75,5,0,22
BRDA:75,5,1,0
BRDA:78,6,0,0
BRDA:78,6,1,22
BRDA:98,7,0,0
BRDA:98,7,1,0
BRDA:99,8,0,0
BRDA:99,8,1,0
BRDA:104,9,0,0
BRDA:165,10,0,0
BRDA:217,11,0,0
BRDA:217,11,1,0
BRDA:224,12,0,0
BRDA:226,13,0,0
BRDA:229,14,0,0
BRDA:229,15,0,0
BRDA:229,15,1,0
BRDA:232,16,0,0
BRDA:235,17,0,0
BRDA:241,18,0,0
BRDA:241,19,0,0
BRDA:241,19,1,0
BRDA:258,20,0,0
BRDA:301,21,0,0
BRDA:301,22,0,0
BRDA:301,22,1,0
BRDA:326,23,0,0
BRDA:326,23,1,0
BRF:38
BRH:7
end_of_record
TN:
SF:src/lib/integrations/AmazonIntegration.ts
FN:8,(anonymous_1)
FN:17,(anonymous_2)
FN:101,(anonymous_3)
FN:108,(anonymous_4)
FN:112,(anonymous_5)
FN:113,(anonymous_6)
FN:120,(anonymous_7)
FN:147,(anonymous_8)
FN:156,(anonymous_9)
FN:186,(anonymous_10)
FN:195,(anonymous_11)
FN:220,(anonymous_12)
FN:232,(anonymous_13)
FN:262,(anonymous_14)
FNF:14
FNH:0
FNDA:0,(anonymous_1)
FNDA:0,(anonymous_2)
FNDA:0,(anonymous_3)
FNDA:0,(anonymous_4)
FNDA:0,(anonymous_5)
FNDA:0,(anonymous_6)
FNDA:0,(anonymous_7)
FNDA:0,(anonymous_8)
FNDA:0,(anonymous_9)
FNDA:0,(anonymous_10)
FNDA:0,(anonymous_11)
FNDA:0,(anonymous_12)
FNDA:0,(anonymous_13)
FNDA:0,(anonymous_14)
DA:1,0
DA:8,0
DA:9,0
DA:10,0
DA:11,0
DA:12,0
DA:13,0
DA:14,0
DA:17,0
DA:18,0
DA:19,0
DA:100,0
DA:101,0
DA:102,0
DA:103,0
DA:107,0
DA:109,0
DA:113,0
DA:114,0
DA:115,0
DA:129,0
DA:136,0
DA:137,0
DA:138,0
DA:143,0
DA:148,0
DA:149,0
DA:150,0
DA:152,0
DA:166,0
DA:175,0
DA:176,0
DA:177,0
DA:182,0
DA:187,0
DA:188,0
DA:189,0
DA:191,0
DA:203,0
DA:209,0
DA:210,0
DA:211,0
DA:216,0
DA:221,0
DA:222,0
DA:223,0
DA:225,0
DA:226,0
DA:228,0
DA:242,0
DA:251,0
DA:252,0
DA:253,0
DA:258,0
DA:263,0
DA:264,0
DA:265,0
DA:267,0
LF:58
LH:0
BRDA:8,0,0,0
BRDA:8,0,1,0
BRDA:17,1,0,0
BRDA:17,1,1,0
BRDA:108,2,0,0
BRDA:114,3,0,0
BRDA:114,4,0,0
BRDA:114,4,1,0
BRDA:120,5,0,0
BRDA:130,6,0,0
BRDA:130,6,1,0
BRDA:131,7,0,0
BRDA:131,7,1,0
BRDA:132,8,0,0
BRDA:132,8,1,0
BRDA:133,9,0,0
BRDA:133,9,1,0
BRDA:140,10,0,0
BRDA:140,10,1,0
BRDA:140,11,0,0
BRDA:140,11,1,0
BRDA:140,12,0,0
BRDA:140,12,1,0
BRDA:156,13,0,0
BRDA:167,14,0,0
BRDA:167,14,1,0
BRDA:168,15,0,0
BRDA:168,15,1,0
BRDA:169,16,0,0
BRDA:169,16,1,0
BRDA:170,17,0,0
BRDA:170,17,1,0
BRDA:171,18,0,0
BRDA:171,18,1,0
BRDA:172,19,0,0
BRDA:172,19,1,0
BRDA:179,20,0,0
BRDA:179,20,1,0
BRDA:179,21,0,0
BRDA:179,21,1,0
BRDA:179,22,0,0
BRDA:179,22,1,0
BRDA:195,23,0,0
BRDA:204,24,0,0
BRDA:204,24,1,0
BRDA:205,25,0,0
BRDA:205,25,1,0
BRDA:206,26,0,0
BRDA:206,26,1,0
BRDA:213,27,0,0
BRDA:213,27,1,0
BRDA:213,28,0,0
BRDA:213,28,1,0
BRDA:213,29,0,0
BRDA:213,29,1,0
BRDA:222,30,0,0
BRDA:232,31,0,0
BRDA:243,32,0,0
BRDA:243,32,1,0
BRDA:244,33,0,0
BRDA:244,33,1,0
BRDA:245,34,0,0
BRDA:245,34,1,0
BRDA:246,35,0,0
BRDA:246,35,1,0
BRDA:247,36,0,0
BRDA:247,36,1,0
BRDA:248,37,0,0
BRDA:248,37,1,0
BRDA:255,38,0,0
BRDA:255,38,1,0
BRDA:255,39,0,0
BRDA:255,39,1,0
BRDA:255,40,0,0
BRDA:255,40,1,0
BRF:75
BRH:0
end_of_record
TN:
SF:src/lib/integrations/BaseIntegration.ts
FN:8,(anonymous_1)
FN:13,(anonymous_2)
FNF:2
FNH:0
FNDA:0,(anonymous_1)
FNDA:0,(anonymous_2)
DA:2,0
DA:4,0
DA:9,0
DA:10,0
DA:14,0
DA:15,0
DA:24,0
LF:7
LH:0
BRF:0
BRH:0
end_of_record
TN:
SF:src/lib/integrations/BigCommerceIntegration.ts
FN:8,(anonymous_1)
FN:14,(anonymous_2)
FN:119,(anonymous_3)
FN:126,(anonymous_4)
FN:130,(anonymous_5)
FN:131,(anonymous_6)
FN:138,(anonymous_7)
FN:170,(anonymous_8)
FN:180,(anonymous_9)
FN:213,(anonymous_10)
FN:223,(anonymous_11)
FN:253,(anonymous_12)
FN:263,(anonymous_13)
FN:272,(anonymous_14)
FNF:14
FNH:0
FNDA:0,(anonymous_1)
FNDA:0,(anonymous_2)
FNDA:0,(anonymous_3)
FNDA:0,(anonymous_4)
FNDA:0,(anonymous_5)
FNDA:0,(anonymous_6)
FNDA:0,(anonymous_7)
FNDA:0,(anonymous_8)
FNDA:0,(anonymous_9)
FNDA:0,(anonymous_10)
FNDA:0,(anonymous_11)
FNDA:0,(anonymous_12)
FNDA:0,(anonymous_13)
FNDA:0,(anonymous_14)
DA:1,0
DA:8,0
DA:9,0
DA:10,0
DA:11,0
DA:14,0
DA:15,0
DA:16,0
DA:17,0
DA:18,0
DA:19,0
DA:20,0
DA:21,0
DA:22,0
DA:118,0
DA:119,0
DA:120,0
DA:121,0
DA:125,0
DA:127,0
DA:131,0
DA:132,0
DA:133,0
DA:147,0
DA:154,0
DA:155,0
DA:156,0
DA:166,0
DA:171,0
DA:172,0
DA:173,0
DA:174,0
DA:176,0
DA:189,0
DA:197,0
DA:198,0
DA:199,0
DA:209,0
DA:214,0
DA:215,0
DA:216,0
DA:217,0
DA:219,0
DA:231,0
DA:237,0
DA:238,0
DA:239,0
DA:249,0
DA:254,0
DA:255,0
DA:256,0
DA:257,0
DA:259,0
DA:264,0
DA:265,0
DA:266,0
DA:268,0
DA:276,0
DA:277,0
DA:278,0
DA:281,0
DA:283,0
LF:62
LH:0
BRDA:8,0,0,0
BRDA:8,0,1,0
BRDA:14,1,0,0
BRDA:14,1,1,0
BRDA:126,2,0,0
BRDA:132,3,0,0
BRDA:132,4,0,0
BRDA:132,4,1,0
BRDA:138,5,0,0
BRDA:148,6,0,0
BRDA:148,6,1,0
BRDA:149,7,0,0
BRDA:149,7,1,0
BRDA:150,8,0,0
BRDA:150,8,1,0
BRDA:151,9,0,0
BRDA:151,9,1,0
BRDA:180,10,0,0
BRDA:190,11,0,0
BRDA:190,11,1,0
BRDA:191,12,0,0
BRDA:191,12,1,0
BRDA:192,13,0,0
BRDA:192,13,1,0
BRDA:193,14,0,0
BRDA:193,14,1,0
BRDA:194,15,0,0
BRDA:194,15,1,0
BRDA:223,16,0,0
BRDA:232,17,0,0
BRDA:232,17,1,0
BRDA:233,18,0,0
BRDA:233,18,1,0
BRDA:234,19,0,0
BRDA:234,19,1,0
BRF:35
BRH:0
end_of_record
TN:
SF:src/lib/integrations/DHLIntegration.ts
FN:4,(anonymous_1)
FN:8,(anonymous_2)
FN:12,(anonymous_3)
FN:16,(anonymous_4)
FN:20,(anonymous_5)
FN:24,(anonymous_6)
FN:28,(anonymous_7)
FNF:7
FNH:0
FNDA:0,(anonymous_1)
FNDA:0,(anonymous_2)
FNDA:0,(anonymous_3)
FNDA:0,(anonymous_4)
FNDA:0,(anonymous_5)
FNDA:0,(anonymous_6)
FNDA:0,(anonymous_7)
DA:1,0
DA:3,0
DA:5,0
DA:9,0
DA:13,0
DA:17,0
DA:21,0
DA:25,0
DA:29,0
LF:9
LH:0
BRF:0
BRH:0
end_of_record
TN:
SF:src/lib/integrations/FedExIntegration.ts
FN:4,(anonymous_1)
FN:8,(anonymous_2)
FN:12,(anonymous_3)
FN:16,(anonymous_4)
FN:20,(anonymous_5)
FN:24,(anonymous_6)
FN:28,(anonymous_7)
FNF:7
FNH:0
FNDA:0,(anonymous_1)
FNDA:0,(anonymous_2)
FNDA:0,(anonymous_3)
FNDA:0,(anonymous_4)
FNDA:0,(anonymous_5)
FNDA:0,(anonymous_6)
FNDA:0,(anonymous_7)
DA:1,0
DA:3,0
DA:5,0
DA:9,0
DA:13,0
DA:17,0
DA:21,0
DA:25,0
DA:29,0
LF:9
LH:0
BRF:0
BRH:0
end_of_record
TN:
SF:src/lib/integrations/GorgiasIntegration.ts
FN:8,(anonymous_1)
FN:15,(anonymous_2)
FN:23,(anonymous_3)
FN:74,(anonymous_4)
FN:81,(anonymous_5)
FN:85,(anonymous_6)
FN:86,(anonymous_7)
FN:93,(anonymous_8)
FN:126,(anonymous_9)
FN:136,(anonymous_10)
FN:168,(anonymous_11)
FN:181,(anonymous_12)
FN:193,(anonymous_13)
FNF:13
FNH:0
FNDA:0,(anonymous_1)
FNDA:0,(anonymous_2)
FNDA:0,(anonymous_3)
FNDA:0,(anonymous_4)
FNDA:0,(anonymous_5)
FNDA:0,(anonymous_6)
FNDA:0,(anonymous_7)
FNDA:0,(anonymous_8)
FNDA:0,(anonymous_9)
FNDA:0,(anonymous_10)
FNDA:0,(anonymous_11)
FNDA:0,(anonymous_12)
FNDA:0,(anonymous_13)
DA:1,0
DA:8,0
DA:9,0
DA:10,0
DA:11,0
DA:12,0
DA:15,0
DA:16,0
DA:17,0
DA:18,0
DA:19,0
DA:20,0
DA:23,0
DA:24,0
DA:25,0
DA:26,0
DA:73,0
DA:74,0
DA:75,0
DA:76,0
DA:80,0
DA:82,0
DA:86,0
DA:87,0
DA:88,0
DA:103,0
DA:111,0
DA:112,0
DA:113,0
DA:122,0
DA:127,0
DA:128,0
DA:129,0
DA:130,0
DA:132,0
DA:147,0
DA:153,0
DA:154,0
DA:155,0
DA:164,0
DA:172,0
DA:173,0
DA:174,0
DA:175,0
DA:177,0
DA:185,0
DA:186,0
DA:187,0
DA:189,0
DA:194,0
DA:195,0
DA:199,0
DA:201,0
LF:53
LH:0
BRDA:8,0,0,0
BRDA:8,0,1,0
BRDA:15,1,0,0
BRDA:15,1,1,0
BRDA:23,2,0,0
BRDA:23,2,1,0
BRDA:81,3,0,0
BRDA:87,4,0,0
BRDA:87,5,0,0
BRDA:87,5,1,0
BRDA:93,6,0,0
BRDA:104,7,0,0
BRDA:104,7,1,0
BRDA:105,8,0,0
BRDA:105,8,1,0
BRDA:106,9,0,0
BRDA:106,9,1,0
BRDA:107,10,0,0
BRDA:107,10,1,0
BRDA:108,11,0,0
BRDA:108,11,1,0
BRDA:116,12,0,0
BRDA:116,12,1,0
BRDA:138,13,0,0
BRDA:148,14,0,0
BRDA:148,14,1,0
BRDA:149,15,0,0
BRDA:149,15,1,0
BRDA:150,16,0,0
BRDA:150,16,1,0
BRDA:158,17,0,0
BRDA:158,17,1,0
BRDA:197,18,0,0
BRDA:197,18,1,0
BRF:34
BRH:0
end_of_record
TN:
SF:src/lib/integrations/KlaviyoIntegration.ts
FN:8,(anonymous_1)
FN:17,(anonymous_2)
FN:67,(anonymous_3)
FN:74,(anonymous_4)
FN:78,(anonymous_5)
FN:102,(anonymous_6)
FN:126,(anonymous_7)
FN:168,(anonymous_8)
FN:190,(anonymous_9)
FN:210,(anonymous_10)
FNF:10
FNH:0
FNDA:0,(anonymous_1)
FNDA:0,(anonymous_2)
FNDA:0,(anonymous_3)
FNDA:0,(anonymous_4)
FNDA:0,(anonymous_5)
FNDA:0,(anonymous_6)
FNDA:0,(anonymous_7)
FNDA:0,(anonymous_8)
FNDA:0,(anonymous_9)
FNDA:0,(anonymous_10)
DA:1,0
DA:8,0
DA:9,0
DA:10,0
DA:11,0
DA:12,0
DA:13,0
DA:14,0
DA:17,0
DA:18,0
DA:19,0
DA:20,0
DA:21,0
DA:22,0
DA:23,0
DA:24,0
DA:66,0
DA:67,0
DA:68,0
DA:69,0
DA:73,0
DA:75,0
DA:89,0
DA:99,0
DA:100,0
DA:101,0
DA:102,0
DA:122,0
DA:127,0
DA:128,0
DA:130,0
DA:131,0
DA:149,0
DA:150,0
DA:164,0
DA:178,0
DA:187,0
DA:188,0
DA:189,0
DA:190,0
DA:206,0
DA:211,0
DA:212,0
DA:213,0
DA:216,0
DA:217,0
DA:230,0
DA:231,0
DA:241,0
LF:49
LH:0
BRDA:8,0,0,0
BRDA:8,0,1,0
BRDA:17,1,0,0
BRDA:17,1,1,0
BRDA:74,2,0,0
BRDA:78,3,0,0
BRDA:90,4,0,0
BRDA:90,4,1,0
BRDA:91,5,0,0
BRDA:91,5,1,0
BRDA:92,6,0,0
BRDA:92,6,1,0
BRDA:93,7,0,0
BRDA:93,7,1,0
BRDA:94,8,0,0
BRDA:94,8,1,0
BRDA:95,9,0,0
BRDA:95,9,1,0
BRDA:96,10,0,0
BRDA:96,10,1,0
BRDA:116,11,0,0
BRDA:116,11,1,0
BRDA:127,12,0,0
BRDA:128,13,0,0
BRDA:136,14,0,0
BRDA:136,14,1,0
BRDA:142,15,0,0
BRDA:142,15,1,0
BRDA:168,16,0,0
BRDA:179,17,0,0
BRDA:179,17,1,0
BRDA:180,18,0,0
BRDA:180,18,1,0
BRDA:181,19,0,0
BRDA:181,19,1,0
BRDA:182,20,0,0
BRDA:182,20,1,0
BRDA:183,21,0,0
BRDA:183,21,1,0
BRDA:184,22,0,0
BRDA:184,22,1,0
BRDA:200,23,0,0
BRDA:200,23,1,0
BRDA:211,24,0,0
BRDA:212,25,0,0
BRDA:212,26,0,0
BRDA:212,26,1,0
BRDA:212,26,2,0
BRDA:222,27,0,0
BRDA:222,27,1,0
BRDA:224,28,0,0
BRDA:224,28,1,0
BRDA:225,29,0,0
BRDA:225,29,1,0
BRDA:226,30,0,0
BRDA:226,30,1,0
BRF:56
BRH:0
end_of_record
TN:
SF:src/lib/integrations/NetsuiteIntegration.ts
FN:8,(anonymous_1)
FN:16,(anonymous_2)
FN:79,(anonymous_3)
FN:86,(anonymous_4)
FN:90,(anonymous_5)
FN:91,(anonymous_6)
FN:98,(anonymous_7)
FN:119,(anonymous_8)
FN:144,(anonymous_9)
FN:154,(anonymous_10)
FN:165,(anonymous_11)
FN:175,(anonymous_12)
FN:186,(anonymous_13)
FN:196,(anonymous_14)
FN:207,(anonymous_15)
FN:217,(anonymous_16)
FN:228,(anonymous_17)
FN:238,(anonymous_18)
FN:249,(anonymous_19)
FN:259,(anonymous_20)
FN:270,(anonymous_21)
FN:280,(anonymous_22)
FN:291,(anonymous_23)
FN:301,(anonymous_24)
FN:310,(anonymous_25)
FN:320,(anonymous_26)
FN:331,(anonymous_27)
FN:341,(anonymous_28)
FN:352,(anonymous_29)
FN:362,(anonymous_30)
FN:373,(anonymous_31)
FN:383,(anonymous_32)
FN:394,(anonymous_33)
FN:404,(anonymous_34)
FN:415,(anonymous_35)
FN:425,(anonymous_36)
FN:436,(anonymous_37)
FN:446,(anonymous_38)
FN:457,(anonymous_39)
FN:467,(anonymous_40)
FN:478,(anonymous_41)
FNF:41
FNH:0
FNDA:0,(anonymous_1)
FNDA:0,(anonymous_2)
FNDA:0,(anonymous_3)
FNDA:0,(anonymous_4)
FNDA:0,(anonymous_5)
FNDA:0,(anonymous_6)
FNDA:0,(anonymous_7)
FNDA:0,(anonymous_8)
FNDA:0,(anonymous_9)
FNDA:0,(anonymous_10)
FNDA:0,(anonymous_11)
FNDA:0,(anonymous_12)
FNDA:0,(anonymous_13)
FNDA:0,(anonymous_14)
FNDA:0,(anonymous_15)
FNDA:0,(anonymous_16)
FNDA:0,(anonymous_17)
FNDA:0,(anonymous_18)
FNDA:0,(anonymous_19)
FNDA:0,(anonymous_20)
FNDA:0,(anonymous_21)
FNDA:0,(anonymous_22)
FNDA:0,(anonymous_23)
FNDA:0,(anonymous_24)
FNDA:0,(anonymous_25)
FNDA:0,(anonymous_26)
FNDA:0,(anonymous_27)
FNDA:0,(anonymous_28)
FNDA:0,(anonymous_29)
FNDA:0,(anonymous_30)
FNDA:0,(anonymous_31)
FNDA:0,(anonymous_32)
FNDA:0,(anonymous_33)
FNDA:0,(anonymous_34)
FNDA:0,(anonymous_35)
FNDA:0,(anonymous_36)
FNDA:0,(anonymous_37)
FNDA:0,(anonymous_38)
FNDA:0,(anonymous_39)
FNDA:0,(anonymous_40)
FNDA:0,(anonymous_41)
DA:1,0
DA:8,0
DA:9,0
DA:10,0
DA:11,0
DA:12,0
DA:13,0
DA:16,0
DA:17,0
DA:18,0
DA:19,0
DA:20,0
DA:78,0
DA:79,0
DA:80,0
DA:81,0
DA:85,0
DA:87,0
DA:91,0
DA:92,0
DA:93,0
DA:103,0
DA:108,0
DA:109,0
DA:123,0
DA:129,0
DA:130,0
DA:131,0
DA:140,0
DA:145,0
DA:146,0
DA:147,0
DA:148,0
DA:150,0
DA:158,0
DA:159,0
DA:166,0
DA:167,0
DA:168,0
DA:169,0
DA:171,0
DA:179,0
DA:180,0
DA:187,0
DA:188,0
DA:189,0
DA:190,0
DA:192,0
DA:200,0
DA:201,0
DA:208,0
DA:209,0
DA:210,0
DA:211,0
DA:213,0
DA:221,0
DA:222,0
DA:229,0
DA:230,0
DA:231,0
DA:232,0
DA:234,0
DA:242,0
DA:243,0
DA:250,0
DA:251,0
DA:252,0
DA:253,0
DA:255,0
DA:263,0
DA:264,0
DA:271,0
DA:272,0
DA:273,0
DA:274,0
DA:276,0
DA:284,0
DA:285,0
DA:292,0
DA:293,0
DA:294,0
DA:295,0
DA:297,0
DA:302,0
DA:303,0
DA:304,0
DA:306,0
DA:311,0
DA:312,0
DA:313,0
DA:314,0
DA:316,0
DA:324,0
DA:325,0
DA:332,0
DA:333,0
DA:334,0
DA:335,0
DA:337,0
DA:345,0
DA:346,0
DA:353,0
DA:354,0
DA:355,0
DA:356,0
DA:358,0
DA:366,0
DA:367,0
DA:374,0
DA:375,0
DA:376,0
DA:377,0
DA:379,0
DA:387,0
DA:388,0
DA:395,0
DA:396,0
DA:397,0
DA:398,0
DA:400,0
DA:408,0
DA:409,0
DA:416,0
DA:417,0
DA:418,0
DA:419,0
DA:421,0
DA:429,0
DA:430,0
DA:437,0
DA:438,0
DA:439,0
DA:440,0
DA:442,0
DA:450,0
DA:451,0
DA:458,0
DA:459,0
DA:460,0
DA:461,0
DA:463,0
DA:471,0
DA:472,0
DA:479,0
DA:480,0
DA:481,0
DA:482,0
DA:484,0
LF:148
LH:0
BRDA:8,0,0,0
BRDA:8,0,1,0
BRDA:16,1,0,0
BRDA:16,1,1,0
BRDA:86,2,0,0
BRDA:92,3,0,0
BRDA:92,4,0,0
BRDA:92,4,1,0
BRDA:101,5,0,0
BRDA:104,6,0,0
BRDA:104,6,1,0
BRDA:105,7,0,0
BRDA:105,7,1,0
BRDA:113,8,0,0
BRDA:113,8,1,0
BRDA:114,9,0,0
BRDA:114,9,1,0
BRDA:119,10,0,0
BRDA:124,11,0,0
BRDA:124,11,1,0
BRDA:125,12,0,0
BRDA:125,12,1,0
BRDA:126,13,0,0
BRDA:126,13,1,0
BRDA:135,14,0,0
BRDA:135,14,1,0
BRDA:136,15,0,0
BRDA:136,15,1,0
BRDA:154,16,0,0
BRDA:175,17,0,0
BRDA:196,18,0,0
BRDA:217,19,0,0
BRDA:238,20,0,0
BRDA:259,21,0,0
BRDA:280,22,0,0
BRDA:320,23,0,0
BRDA:341,24,0,0
BRDA:362,25,0,0
BRDA:383,26,0,0
BRDA:404,27,0,0
BRDA:425,28,0,0
BRDA:446,29,0,0
BRDA:467,30,0,0
BRF:43
BRH:0
end_of_record
TN:
SF:src/lib/integrations/OpenAIIntegration.ts
FN:31,(anonymous_1)
FN:41,(anonymous_2)
FNF:2
FNH:2
FNDA:1,(anonymous_1)
FNDA:1,(anonymous_2)
DA:1,1
DA:28,1
DA:32,1
DA:45,1
DA:50,1
DA:51,1
LF:6
LH:6
BRDA:31,0,0,0
BRDA:43,1,0,1
BRDA:46,2,0,1
BRDA:46,2,1,1
BRF:4
BRH:3
end_of_record
TN:
SF:src/lib/integrations/PayPalIntegration.ts
FN:4,(anonymous_1)
FN:8,(anonymous_2)
FN:12,(anonymous_3)
FN:16,(anonymous_4)
FN:20,(anonymous_5)
FN:24,(anonymous_6)
FN:28,(anonymous_7)
FN:32,(anonymous_8)
FN:36,(anonymous_9)
FN:40,(anonymous_10)
FN:44,(anonymous_11)
FN:48,(anonymous_12)
FN:52,(anonymous_13)
FNF:13
FNH:0
FNDA:0,(anonymous_1)
FNDA:0,(anonymous_2)
FNDA:0,(anonymous_3)
FNDA:0,(anonymous_4)
FNDA:0,(anonymous_5)
FNDA:0,(anonymous_6)
FNDA:0,(anonymous_7)
FNDA:0,(anonymous_8)
FNDA:0,(anonymous_9)
FNDA:0,(anonymous_10)
FNDA:0,(anonymous_11)
FNDA:0,(anonymous_12)
FNDA:0,(anonymous_13)
DA:1,0
DA:3,0
DA:5,0
DA:9,0
DA:13,0
DA:17,0
DA:21,0
DA:25,0
DA:29,0
DA:33,0
DA:37,0
DA:41,0
DA:45,0
DA:49,0
DA:53,0
LF:15
LH:0
BRF:0
BRH:0
end_of_record
TN:
SF:src/lib/integrations/QuickbooksIntegration.ts
FN:8,(anonymous_1)
FN:16,(anonymous_2)
FN:115,(anonymous_3)
FN:122,(anonymous_4)
FN:126,(anonymous_5)
FN:127,(anonymous_6)
FN:134,(anonymous_7)
FN:163,(anonymous_8)
FN:173,(anonymous_9)
FN:202,(anonymous_10)
FN:212,(anonymous_11)
FN:241,(anonymous_12)
FN:252,(anonymous_13)
FN:281,(anonymous_14)
FNF:14
FNH:0
FNDA:0,(anonymous_1)
FNDA:0,(anonymous_2)
FNDA:0,(anonymous_3)
FNDA:0,(anonymous_4)
FNDA:0,(anonymous_5)
FNDA:0,(anonymous_6)
FNDA:0,(anonymous_7)
FNDA:0,(anonymous_8)
FNDA:0,(anonymous_9)
FNDA:0,(anonymous_10)
FNDA:0,(anonymous_11)
FNDA:0,(anonymous_12)
FNDA:0,(anonymous_13)
FNDA:0,(anonymous_14)
DA:1,0
DA:8,0
DA:9,0
DA:10,0
DA:11,0
DA:12,0
DA:13,0
DA:16,0
DA:17,0
DA:18,0
DA:19,0
DA:20,0
DA:21,0
DA:114,0
DA:115,0
DA:116,0
DA:117,0
DA:121,0
DA:123,0
DA:127,0
DA:128,0
DA:129,0
DA:142,0
DA:148,0
DA:149,0
DA:150,0
DA:159,0
DA:164,0
DA:165,0
DA:166,0
DA:167,0
DA:169,0
DA:181,0
DA:187,0
DA:188,0
DA:189,0
DA:198,0
DA:203,0
DA:204,0
DA:205,0
DA:206,0
DA:208,0
DA:220,0
DA:226,0
DA:227,0
DA:228,0
DA:237,0
DA:242,0
DA:243,0
DA:244,0
DA:245,0
DA:246,0
DA:248,0
DA:260,0
DA:266,0
DA:267,0
DA:268,0
DA:277,0
DA:282,0
DA:283,0
DA:284,0
DA:285,0
DA:287,0
LF:63
LH:0
BRDA:8,0,0,0
BRDA:8,0,1,0
BRDA:16,1,0,0
BRDA:16,1,1,0
BRDA:122,2,0,0
BRDA:128,3,0,0
BRDA:128,4,0,0
BRDA:128,4,1,0
BRDA:134,5,0,0
BRDA:143,6,0,0
BRDA:143,6,1,0
BRDA:144,7,0,0
BRDA:144,7,1,0
BRDA:145,8,0,0
BRDA:145,8,1,0
BRDA:151,9,0,0
BRDA:151,9,1,0
BRDA:153,10,0,0
BRDA:153,10,1,0
BRDA:153,10,2,0
BRDA:154,11,0,0
BRDA:154,11,1,0
BRDA:155,12,0,0
BRDA:155,12,1,0
BRDA:173,13,0,0
BRDA:182,14,0,0
BRDA:182,14,1,0
BRDA:183,15,0,0
BRDA:183,15,1,0
BRDA:184,16,0,0
BRDA:184,16,1,0
BRDA:190,17,0,0
BRDA:190,17,1,0
BRDA:192,18,0,0
BRDA:192,18,1,0
BRDA:192,18,2,0
BRDA:193,19,0,0
BRDA:193,19,1,0
BRDA:194,20,0,0
BRDA:194,20,1,0
BRDA:212,21,0,0
BRDA:221,22,0,0
BRDA:221,22,1,0
BRDA:222,23,0,0
BRDA:222,23,1,0
BRDA:223,24,0,0
BRDA:223,24,1,0
BRDA:229,25,0,0
BRDA:229,25,1,0
BRDA:229,25,2,0
BRDA:231,26,0,0
BRDA:231,26,1,0
BRDA:231,26,2,0
BRDA:231,27,0,0
BRDA:231,27,1,0
BRDA:232,28,0,0
BRDA:232,28,1,0
BRDA:233,29,0,0
BRDA:233,29,1,0
BRDA:244,30,0,0
BRDA:244,30,1,0
BRDA:252,31,0,0
BRDA:261,32,0,0
BRDA:261,32,1,0
BRDA:262,33,0,0
BRDA:262,33,1,0
BRDA:263,34,0,0
BRDA:263,34,1,0
BRDA:269,35,0,0
BRDA:269,35,1,0
BRDA:271,36,0,0
BRDA:271,36,1,0
BRDA:271,36,2,0
BRDA:272,37,0,0
BRDA:272,37,1,0
BRDA:273,38,0,0
BRDA:273,38,1,0
BRF:77
BRH:0
end_of_record
TN:
SF:src/lib/integrations/ShipStationIntegration.ts
FN:8,(anonymous_1)
FN:16,(anonymous_2)
FN:111,(anonymous_3)
FN:118,(anonymous_4)
FN:122,(anonymous_5)
FN:123,(anonymous_6)
FN:130,(anonymous_7)
FN:160,(anonymous_8)
FN:170,(anonymous_9)
FN:204,(anonymous_10)
FN:214,(anonymous_11)
FN:250,(anonymous_12)
FN:260,(anonymous_13)
FN:269,(anonymous_14)
FNF:14
FNH:0
FNDA:0,(anonymous_1)
FNDA:0,(anonymous_2)
FNDA:0,(anonymous_3)
FNDA:0,(anonymous_4)
FNDA:0,(anonymous_5)
FNDA:0,(anonymous_6)
FNDA:0,(anonymous_7)
FNDA:0,(anonymous_8)
FNDA:0,(anonymous_9)
FNDA:0,(anonymous_10)
FNDA:0,(anonymous_11)
FNDA:0,(anonymous_12)
FNDA:0,(anonymous_13)
FNDA:0,(anonymous_14)
DA:1,0
DA:8,0
DA:9,0
DA:10,0
DA:11,0
DA:12,0
DA:13,0
DA:16,0
DA:17,0
DA:18,0
DA:19,0
DA:20,0
DA:110,0
DA:111,0
DA:112,0
DA:113,0
DA:117,0
DA:119,0
DA:123,0
DA:124,0
DA:125,0
DA:138,0
DA:144,0
DA:145,0
DA:146,0
DA:156,0
DA:161,0
DA:162,0
DA:163,0
DA:164,0
DA:166,0
DA:180,0
DA:188,0
DA:189,0
DA:190,0
DA:200,0
DA:205,0
DA:206,0
DA:207,0
DA:208,0
DA:210,0
DA:225,0
DA:234,0
DA:235,0
DA:236,0
DA:246,0
DA:251,0
DA:252,0
DA:253,0
DA:254,0
DA:256,0
DA:261,0
DA:262,0
DA:263,0
DA:265,0
DA:277,0
DA:278,0
DA:279,0
DA:280,0
DA:282,0
LF:60
LH:0
BRDA:8,0,0,0
BRDA:8,0,1,0
BRDA:16,1,0,0
BRDA:16,1,1,0
BRDA:118,2,0,0
BRDA:124,3,0,0
BRDA:124,4,0,0
BRDA:124,4,1,0
BRDA:130,5,0,0
BRDA:139,6,0,0
BRDA:139,6,1,0
BRDA:140,7,0,0
BRDA:140,7,1,0
BRDA:141,8,0,0
BRDA:141,8,1,0
BRDA:152,9,0,0
BRDA:152,9,1,0
BRDA:170,10,0,0
BRDA:181,11,0,0
BRDA:181,11,1,0
BRDA:182,12,0,0
BRDA:182,12,1,0
BRDA:183,13,0,0
BRDA:183,13,1,0
BRDA:184,14,0,0
BRDA:184,14,1,0
BRDA:185,15,0,0
BRDA:185,15,1,0
BRDA:196,16,0,0
BRDA:196,16,1,0
BRDA:214,17,0,0
BRDA:226,18,0,0
BRDA:226,18,1,0
BRDA:227,19,0,0
BRDA:227,19,1,0
BRDA:228,20,0,0
BRDA:228,20,1,0
BRDA:229,21,0,0
BRDA:229,21,1,0
BRDA:230,22,0,0
BRDA:230,22,1,0
BRDA:231,23,0,0
BRDA:231,23,1,0
BRDA:242,24,0,0
BRDA:242,24,1,0
BRF:45
BRH:0
end_of_record
TN:
SF:src/lib/integrations/ShipfusionIntegration.ts
FN:4,(anonymous_1)
FN:8,(anonymous_2)
FN:12,(anonymous_3)
FN:16,(anonymous_4)
FN:20,(anonymous_5)
FN:24,(anonymous_6)
FN:28,(anonymous_7)
FN:32,(anonymous_8)
FN:36,(anonymous_9)
FNF:9
FNH:0
FNDA:0,(anonymous_1)
FNDA:0,(anonymous_2)
FNDA:0,(anonymous_3)
FNDA:0,(anonymous_4)
FNDA:0,(anonymous_5)
FNDA:0,(anonymous_6)
FNDA:0,(anonymous_7)
FNDA:0,(anonymous_8)
FNDA:0,(anonymous_9)
DA:1,0
DA:3,0
DA:5,0
DA:9,0
DA:13,0
DA:17,0
DA:21,0
DA:25,0
DA:29,0
DA:33,0
DA:37,0
LF:11
LH:0
BRF:0
BRH:0
end_of_record
TN:
SF:src/lib/integrations/ShopifyIntegration.ts
FN:8,(anonymous_1)
FN:14,(anonymous_2)
FN:21,(anonymous_3)
FN:110,(anonymous_4)
FN:117,(anonymous_5)
FN:121,(anonymous_6)
FN:122,(anonymous_7)
FN:129,(anonymous_8)
FN:156,(anonymous_9)
FN:166,(anonymous_10)
FN:175,(anonymous_11)
FN:183,(anonymous_12)
FN:211,(anonymous_13)
FN:221,(anonymous_14)
FN:230,(anonymous_15)
FN:238,(anonymous_16)
FN:263,(anonymous_17)
FN:273,(anonymous_18)
FN:282,(anonymous_19)
FN:290,(anonymous_20)
FN:315,(anonymous_21)
FN:332,(anonymous_22)
FN:351,(anonymous_23)
FNF:23
FNH:0
FNDA:0,(anonymous_1)
FNDA:0,(anonymous_2)
FNDA:0,(anonymous_3)
FNDA:0,(anonymous_4)
FNDA:0,(anonymous_5)
FNDA:0,(anonymous_6)
FNDA:0,(anonymous_7)
FNDA:0,(anonymous_8)
FNDA:0,(anonymous_9)
FNDA:0,(anonymous_10)
FNDA:0,(anonymous_11)
FNDA:0,(anonymous_12)
FNDA:0,(anonymous_13)
FNDA:0,(anonymous_14)
FNDA:0,(anonymous_15)
FNDA:0,(anonymous_16)
FNDA:0,(anonymous_17)
FNDA:0,(anonymous_18)
FNDA:0,(anonymous_19)
FNDA:0,(anonymous_20)
FNDA:0,(anonymous_21)
FNDA:0,(anonymous_22)
FNDA:0,(anonymous_23)
DA:1,0
DA:8,0
DA:9,0
DA:10,0
DA:11,0
DA:14,0
DA:15,0
DA:16,0
DA:17,0
DA:18,0
DA:21,0
DA:22,0
DA:23,0
DA:24,0
DA:109,0
DA:110,0
DA:111,0
DA:112,0
DA:116,0
DA:118,0
DA:122,0
DA:123,0
DA:124,0
DA:138,0
DA:145,0
DA:146,0
DA:147,0
DA:152,0
DA:157,0
DA:158,0
DA:159,0
DA:160,0
DA:162,0
DA:167,0
DA:168,0
DA:169,0
DA:171,0
DA:176,0
DA:177,0
DA:179,0
DA:192,0
DA:200,0
DA:201,0
DA:202,0
DA:207,0
DA:212,0
DA:213,0
DA:214,0
DA:215,0
DA:217,0
DA:222,0
DA:223,0
DA:224,0
DA:226,0
DA:231,0
DA:232,0
DA:234,0
DA:246,0
DA:252,0
DA:253,0
DA:254,0
DA:259,0
DA:264,0
DA:265,0
DA:266,0
DA:267,0
DA:269,0
DA:274,0
DA:275,0
DA:276,0
DA:278,0
DA:283,0
DA:284,0
DA:286,0
DA:298,0
DA:304,0
DA:305,0
DA:306,0
DA:311,0
DA:320,0
DA:321,0
DA:322,0
DA:324,0
DA:325,0
DA:326,0
DA:328,0
DA:336,0
DA:337,0
DA:338,0
DA:340,0
DA:341,0
DA:344,0
DA:345,0
DA:347,0
DA:352,0
DA:353,0
DA:355,0
LF:97
LH:0
BRDA:8,0,0,0
BRDA:8,0,1,0
BRDA:14,1,0,0
BRDA:14,1,1,0
BRDA:21,2,0,0
BRDA:21,2,1,0
BRDA:117,3,0,0
BRDA:123,4,0,0
BRDA:123,5,0,0
BRDA:123,5,1,0
BRDA:129,6,0,0
BRDA:139,7,0,0
BRDA:139,7,1,0
BRDA:140,8,0,0
BRDA:140,8,1,0
BRDA:141,9,0,0
BRDA:141,9,1,0
BRDA:142,10,0,0
BRDA:142,10,1,0
BRDA:149,11,0,0
BRDA:149,11,1,0
BRDA:183,12,0,0
BRDA:193,13,0,0
BRDA:193,13,1,0
BRDA:194,14,0,0
BRDA:194,14,1,0
BRDA:195,15,0,0
BRDA:195,15,1,0
BRDA:196,16,0,0
BRDA:196,16,1,0
BRDA:197,17,0,0
BRDA:197,17,1,0
BRDA:204,18,0,0
BRDA:204,18,1,0
BRDA:238,19,0,0
BRDA:247,20,0,0
BRDA:247,20,1,0
BRDA:248,21,0,0
BRDA:248,21,1,0
BRDA:249,22,0,0
BRDA:249,22,1,0
BRDA:256,23,0,0
BRDA:256,23,1,0
BRDA:290,24,0,0
BRDA:299,25,0,0
BRDA:299,25,1,0
BRDA:300,26,0,0
BRDA:300,26,1,0
BRDA:301,27,0,0
BRDA:301,27,1,0
BRDA:308,28,0,0
BRDA:308,28,1,0
BRDA:321,29,0,0
BRDA:337,30,0,0
BRDA:341,31,0,0
BRDA:341,31,1,0
BRF:56
BRH:0
end_of_record
TN:
SF:src/lib/integrations/SlackIntegration.ts
FN:4,(anonymous_1)
FN:8,(anonymous_2)
FN:12,(anonymous_3)
FN:16,(anonymous_4)
FN:20,(anonymous_5)
FN:24,(anonymous_6)
FNF:6
FNH:0
FNDA:0,(anonymous_1)
FNDA:0,(anonymous_2)
FNDA:0,(anonymous_3)
FNDA:0,(anonymous_4)
FNDA:0,(anonymous_5)
FNDA:0,(anonymous_6)
DA:1,0
DA:3,0
DA:5,0
DA:9,0
DA:13,0
DA:17,0
DA:21,0
DA:25,0
LF:8
LH:0
BRF:0
BRH:0
end_of_record
TN:
SF:src/lib/integrations/SquareIntegration.ts
FN:4,(anonymous_1)
FN:8,(anonymous_2)
FN:12,(anonymous_3)
FN:16,(anonymous_4)
FN:20,(anonymous_5)
FN:24,(anonymous_6)
FN:28,(anonymous_7)
FN:32,(anonymous_8)
FN:36,(anonymous_9)
FN:40,(anonymous_10)
FN:44,(anonymous_11)
FN:48,(anonymous_12)
FN:52,(anonymous_13)
FNF:13
FNH:0
FNDA:0,(anonymous_1)
FNDA:0,(anonymous_2)
FNDA:0,(anonymous_3)
FNDA:0,(anonymous_4)
FNDA:0,(anonymous_5)
FNDA:0,(anonymous_6)
FNDA:0,(anonymous_7)
FNDA:0,(anonymous_8)
FNDA:0,(anonymous_9)
FNDA:0,(anonymous_10)
FNDA:0,(anonymous_11)
FNDA:0,(anonymous_12)
FNDA:0,(anonymous_13)
DA:1,0
DA:3,0
DA:5,0
DA:9,0
DA:13,0
DA:17,0
DA:21,0
DA:25,0
DA:29,0
DA:33,0
DA:37,0
DA:41,0
DA:45,0
DA:49,0
DA:53,0
LF:15
LH:0
BRF:0
BRH:0
end_of_record
TN:
SF:src/lib/integrations/StripeIntegration.ts
FN:4,(anonymous_1)
FN:8,(anonymous_2)
FN:12,(anonymous_3)
FNF:3
FNH:0
FNDA:0,(anonymous_1)
FNDA:0,(anonymous_2)
FNDA:0,(anonymous_3)
DA:1,0
DA:3,0
DA:5,0
DA:9,0
DA:13,0
LF:5
LH:0
BRF:0
BRH:0
end_of_record
TN:
SF:src/lib/integrations/TikTokShopIntegration.ts
FN:8,(anonymous_1)
FN:17,(anonymous_2)
FN:103,(anonymous_3)
FN:110,(anonymous_4)
FN:114,(anonymous_5)
FN:115,(anonymous_6)
FN:122,(anonymous_7)
FN:149,(anonymous_8)
FN:158,(anonymous_9)
FN:186,(anonymous_10)
FN:195,(anonymous_11)
FN:223,(anonymous_12)
FN:232,(anonymous_13)
FN:262,(anonymous_14)
FN:271,(anonymous_15)
FN:298,(anonymous_16)
FNF:16
FNH:0
FNDA:0,(anonymous_1)
FNDA:0,(anonymous_2)
FNDA:0,(anonymous_3)
FNDA:0,(anonymous_4)
FNDA:0,(anonymous_5)
FNDA:0,(anonymous_6)
FNDA:0,(anonymous_7)
FNDA:0,(anonymous_8)
FNDA:0,(anonymous_9)
FNDA:0,(anonymous_10)
FNDA:0,(anonymous_11)
FNDA:0,(anonymous_12)
FNDA:0,(anonymous_13)
FNDA:0,(anonymous_14)
FNDA:0,(anonymous_15)
FNDA:0,(anonymous_16)
DA:1,0
DA:8,0
DA:9,0
DA:10,0
DA:11,0
DA:12,0
DA:13,0
DA:14,0
DA:17,0
DA:18,0
DA:19,0
DA:20,0
DA:21,0
DA:22,0
DA:102,0
DA:103,0
DA:104,0
DA:105,0
DA:109,0
DA:111,0
DA:115,0
DA:116,0
DA:117,0
DA:131,0
DA:138,0
DA:139,0
DA:140,0
DA:145,0
DA:150,0
DA:151,0
DA:152,0
DA:154,0
DA:167,0
DA:175,0
DA:176,0
DA:177,0
DA:182,0
DA:187,0
DA:188,0
DA:189,0
DA:191,0
DA:204,0
DA:212,0
DA:213,0
DA:214,0
DA:219,0
DA:224,0
DA:225,0
DA:226,0
DA:228,0
DA:242,0
DA:251,0
DA:252,0
DA:253,0
DA:258,0
DA:263,0
DA:264,0
DA:265,0
DA:267,0
DA:280,0
DA:287,0
DA:288,0
DA:289,0
DA:294,0
DA:299,0
DA:300,0
DA:301,0
DA:303,0
LF:68
LH:0
BRDA:8,0,0,0
BRDA:8,0,1,0
BRDA:17,1,0,0
BRDA:17,1,1,0
BRDA:110,2,0,0
BRDA:116,3,0,0
BRDA:116,4,0,0
BRDA:116,4,1,0
BRDA:122,5,0,0
BRDA:132,6,0,0
BRDA:132,6,1,0
BRDA:133,7,0,0
BRDA:133,7,1,0
BRDA:134,8,0,0
BRDA:134,8,1,0
BRDA:135,9,0,0
BRDA:135,9,1,0
BRDA:142,10,0,0
BRDA:142,10,1,0
BRDA:142,11,0,0
BRDA:142,11,1,0
BRDA:142,12,0,0
BRDA:142,12,1,0
BRDA:158,13,0,0
BRDA:168,14,0,0
BRDA:168,14,1,0
BRDA:169,15,0,0
BRDA:169,15,1,0
BRDA:170,16,0,0
BRDA:170,16,1,0
BRDA:171,17,0,0
BRDA:171,17,1,0
BRDA:172,18,0,0
BRDA:172,18,1,0
BRDA:179,19,0,0
BRDA:179,19,1,0
BRDA:179,20,0,0
BRDA:179,20,1,0
BRDA:179,21,0,0
BRDA:179,21,1,0
BRDA:195,22,0,0
BRDA:205,23,0,0
BRDA:205,23,1,0
BRDA:206,24,0,0
BRDA:206,24,1,0
BRDA:207,25,0,0
BRDA:207,25,1,0
BRDA:208,26,0,0
BRDA:208,26,1,0
BRDA:209,27,0,0
BRDA:209,27,1,0
BRDA:216,28,0,0
BRDA:216,28,1,0
BRDA:216,29,0,0
BRDA:216,29,1,0
BRDA:216,30,0,0
BRDA:216,30,1,0
BRDA:232,31,0,0
BRDA:243,32,0,0
BRDA:243,32,1,0
BRDA:244,33,0,0
BRDA:244,33,1,0
BRDA:245,34,0,0
BRDA:245,34,1,0
BRDA:246,35,0,0
BRDA:246,35,1,0
BRDA:247,36,0,0
BRDA:247,36,1,0
BRDA:248,37,0,0
BRDA:248,37,1,0
BRDA:255,38,0,0
BRDA:255,38,1,0
BRDA:255,39,0,0
BRDA:255,39,1,0
BRDA:255,40,0,0
BRDA:255,40,1,0
BRDA:271,41,0,0
BRDA:281,42,0,0
BRDA:281,42,1,0
BRDA:282,43,0,0
BRDA:282,43,1,0
BRDA:283,44,0,0
BRDA:283,44,1,0
BRDA:284,45,0,0
BRDA:284,45,1,0
BRDA:291,46,0,0
BRDA:291,46,1,0
BRDA:291,47,0,0
BRDA:291,47,1,0
BRDA:291,48,0,0
BRDA:291,48,1,0
BRF:91
BRH:0
end_of_record
TN:
SF:src/lib/integrations/TwilioIntegration.ts
FN:4,(anonymous_1)
FN:8,(anonymous_2)
FN:12,(anonymous_3)
FN:16,(anonymous_4)
FNF:4
FNH:0
FNDA:0,(anonymous_1)
FNDA:0,(anonymous_2)
FNDA:0,(anonymous_3)
FNDA:0,(anonymous_4)
DA:1,0
DA:3,0
DA:5,0
DA:9,0
DA:13,0
DA:17,0
LF:6
LH:0
BRF:0
BRH:0
end_of_record
TN:
SF:src/lib/integrations/UPSIntegration.ts
FN:4,(anonymous_1)
FN:8,(anonymous_2)
FN:12,(anonymous_3)
FN:16,(anonymous_4)
FN:20,(anonymous_5)
FN:24,(anonymous_6)
FN:28,(anonymous_7)
FNF:7
FNH:0
FNDA:0,(anonymous_1)
FNDA:0,(anonymous_2)
FNDA:0,(anonymous_3)
FNDA:0,(anonymous_4)
FNDA:0,(anonymous_5)
FNDA:0,(anonymous_6)
FNDA:0,(anonymous_7)
DA:1,0
DA:3,0
DA:5,0
DA:9,0
DA:13,0
DA:17,0
DA:21,0
DA:25,0
DA:29,0
LF:9
LH:0
BRF:0
BRH:0
end_of_record
TN:
SF:src/lib/integrations/WooCommerceIntegration.ts
FN:8,(anonymous_1)
FN:15,(anonymous_2)
FN:119,(anonymous_3)
FN:126,(anonymous_4)
FN:130,(anonymous_5)
FN:131,(anonymous_6)
FN:138,(anonymous_7)
FN:170,(anonymous_8)
FN:180,(anonymous_9)
FN:213,(anonymous_10)
FN:223,(anonymous_11)
FN:254,(anonymous_12)
FN:265,(anonymous_13)
FN:275,(anonymous_14)
FNF:14
FNH:0
FNDA:0,(anonymous_1)
FNDA:0,(anonymous_2)
FNDA:0,(anonymous_3)
FNDA:0,(anonymous_4)
FNDA:0,(anonymous_5)
FNDA:0,(anonymous_6)
FNDA:0,(anonymous_7)
FNDA:0,(anonymous_8)
FNDA:0,(anonymous_9)
FNDA:0,(anonymous_10)
FNDA:0,(anonymous_11)
FNDA:0,(anonymous_12)
FNDA:0,(anonymous_13)
FNDA:0,(anonymous_14)
DA:1,0
DA:8,0
DA:9,0
DA:10,0
DA:11,0
DA:12,0
DA:15,0
DA:16,0
DA:17,0
DA:18,0
DA:19,0
DA:20,0
DA:21,0
DA:22,0
DA:118,0
DA:119,0
DA:120,0
DA:121,0
DA:125,0
DA:127,0
DA:131,0
DA:132,0
DA:133,0
DA:147,0
DA:154,0
DA:155,0
DA:156,0
DA:166,0
DA:171,0
DA:172,0
DA:173,0
DA:174,0
DA:176,0
DA:189,0
DA:197,0
DA:198,0
DA:199,0
DA:209,0
DA:214,0
DA:215,0
DA:216,0
DA:217,0
DA:219,0
DA:231,0
DA:237,0
DA:239,0
DA:240,0
DA:250,0
DA:255,0
DA:256,0
DA:258,0
DA:259,0
DA:261,0
DA:266,0
DA:268,0
DA:269,0
DA:271,0
DA:279,0
DA:280,0
DA:282,0
DA:283,0
DA:285,0
LF:62
LH:0
BRDA:8,0,0,0
BRDA:8,0,1,0
BRDA:15,1,0,0
BRDA:15,1,1,0
BRDA:126,2,0,0
BRDA:132,3,0,0
BRDA:132,4,0,0
BRDA:132,4,1,0
BRDA:138,5,0,0
BRDA:148,6,0,0
BRDA:148,6,1,0
BRDA:149,7,0,0
BRDA:149,7,1,0
BRDA:150,8,0,0
BRDA:150,8,1,0
BRDA:151,9,0,0
BRDA:151,9,1,0
BRDA:160,10,0,0
BRDA:160,10,1,0
BRDA:161,11,0,0
BRDA:161,11,1,0
BRDA:180,12,0,0
BRDA:190,13,0,0
BRDA:190,13,1,0
BRDA:191,14,0,0
BRDA:191,14,1,0
BRDA:192,15,0,0
BRDA:192,15,1,0
BRDA:193,16,0,0
BRDA:193,16,1,0
BRDA:194,17,0,0
BRDA:194,17,1,0
BRDA:203,18,0,0
BRDA:203,18,1,0
BRDA:204,19,0,0
BRDA:204,19,1,0
BRDA:223,20,0,0
BRDA:232,21,0,0
BRDA:232,21,1,0
BRDA:233,22,0,0
BRDA:233,22,1,0
BRDA:234,23,0,0
BRDA:234,23,1,0
BRDA:244,24,0,0
BRDA:244,24,1,0
BRDA:245,25,0,0
BRDA:245,25,1,0
BRF:47
BRH:0
end_of_record
TN:
SF:src/lib/integrations/XeroIntegration.ts
FN:4,(anonymous_1)
FN:8,(anonymous_2)
FN:12,(anonymous_3)
FN:16,(anonymous_4)
FN:20,(anonymous_5)
FN:24,(anonymous_6)
FN:28,(anonymous_7)
FN:32,(anonymous_8)
FN:36,(anonymous_9)
FNF:9
FNH:0
FNDA:0,(anonymous_1)
FNDA:0,(anonymous_2)
FNDA:0,(anonymous_3)
FNDA:0,(anonymous_4)
FNDA:0,(anonymous_5)
FNDA:0,(anonymous_6)
FNDA:0,(anonymous_7)
FNDA:0,(anonymous_8)
FNDA:0,(anonymous_9)
DA:1,0
DA:3,0
DA:5,0
DA:9,0
DA:13,0
DA:17,0
DA:21,0
DA:25,0
DA:29,0
DA:33,0
DA:37,0
LF:11
LH:0
BRF:0
BRH:0
end_of_record
TN:
SF:src/lib/integrations/ZendeskIntegration.ts
FN:4,(anonymous_1)
FN:8,(anonymous_2)
FN:12,(anonymous_3)
FNF:3
FNH:0
FNDA:0,(anonymous_1)
FNDA:0,(anonymous_2)
FNDA:0,(anonymous_3)
DA:1,0
DA:3,0
DA:5,0
DA:9,0
DA:13,0
LF:5
LH:0
BRF:0
BRH:0
end_of_record
TN:
SF:src/lib/resources/Activities.ts
FN:4,(anonymous_0)
FN:43,(anonymous_1)
FN:54,(anonymous_2)
FN:203,(anonymous_3)
FN:210,(anonymous_4)
FN:217,(anonymous_5)
FN:225,(anonymous_6)
FN:232,(anonymous_7)
FN:258,(anonymous_8)
FN:275,(anonymous_9)
FN:295,(anonymous_10)
FN:314,(anonymous_11)
FN:331,(anonymous_12)
FN:353,(anonymous_13)
FN:371,(anonymous_14)
FN:393,(anonymous_15)
FN:407,(anonymous_16)
FN:420,(anonymous_17)
FN:432,(anonymous_18)
FNF:19
FNH:4
FNDA:2,(anonymous_0)
FNDA:2,(anonymous_1)
FNDA:2,(anonymous_2)
FNDA:0,(anonymous_3)
FNDA:0,(anonymous_4)
FNDA:0,(anonymous_5)
FNDA:22,(anonymous_6)
FNDA:0,(anonymous_7)
FNDA:0,(anonymous_8)
FNDA:0,(anonymous_9)
FNDA:0,(anonymous_10)
FNDA:0,(anonymous_11)
FNDA:0,(anonymous_12)
FNDA:0,(anonymous_13)
FNDA:0,(anonymous_14)
FNDA:0,(anonymous_15)
FNDA:0,(anonymous_16)
FNDA:0,(anonymous_17)
FNDA:0,(anonymous_18)
DA:4,2
DA:6,2
DA:7,2
DA:8,2
DA:9,2
DA:10,2
DA:13,2
DA:14,2
DA:15,2
DA:16,2
DA:19,2
DA:20,2
DA:21,2
DA:22,2
DA:25,2
DA:26,2
DA:27,2
DA:28,2
DA:29,2
DA:32,2
DA:33,2
DA:34,2
DA:37,2
DA:38,2
DA:39,2
DA:40,2
DA:43,2
DA:44,2
DA:45,2
DA:46,2
DA:47,2
DA:48,2
DA:49,2
DA:50,2
DA:51,2
DA:54,2
DA:55,2
DA:56,2
DA:57,2
DA:58,2
DA:202,2
DA:204,0
DA:205,0
DA:209,2
DA:211,0
DA:212,0
DA:216,2
DA:217,0
DA:218,0
DA:219,0
DA:225,22
DA:240,0
DA:242,0
DA:243,0
DA:244,0
DA:245,0
DA:246,0
DA:247,0
DA:249,0
DA:250,0
DA:259,0
DA:260,0
DA:261,0
DA:263,0
DA:264,0
DA:266,0
DA:276,0
DA:278,0
DA:279,0
DA:280,0
DA:282,0
DA:283,0
DA:285,0
DA:299,0
DA:300,0
DA:301,0
DA:303,0
DA:304,0
DA:306,0
DA:315,0
DA:316,0
DA:318,0
DA:319,0
DA:321,0
DA:335,0
DA:336,0
DA:341,0
DA:343,0
DA:357,0
DA:362,0
DA:379,0
DA:384,0
DA:394,0
DA:399,0
DA:408,0
DA:412,0
DA:421,0
DA:425,0
DA:433,0
DA:434,0
DA:437,0
DA:438,0
DA:441,0
DA:442,0
DA:445,0
DA:446,0
DA:450,0
DA:455,0
DA:456,0
DA:457,0
DA:459,0
DA:464,0
DA:465,0
DA:466,0
DA:468,0
DA:473,0
DA:474,0
DA:475,0
DA:477,0
DA:483,2
LF:120
LH:45
BRDA:4,0,0,2
BRDA:4,0,1,2
BRDA:43,1,0,2
BRDA:43,1,1,2
BRDA:54,2,0,2
BRDA:54,2,1,2
BRDA:242,3,0,0
BRDA:243,4,0,0
BRDA:244,5,0,0
BRDA:245,6,0,0
BRDA:246,7,0,0
BRDA:247,8,0,0
BRDA:263,9,0,0
BRDA:282,10,0,0
BRDA:303,11,0,0
BRDA:318,12,0,0
BRDA:433,13,0,0
BRDA:437,14,0,0
BRDA:441,15,0,0
BRDA:445,16,0,0
BRDA:450,17,0,0
BRDA:450,17,1,0
BRDA:450,17,2,0
BRDA:450,17,3,0
BRDA:450,17,4,0
BRDA:450,17,5,0
BRDA:450,17,6,0
BRDA:450,17,7,0
BRDA:456,18,0,0
BRDA:456,19,0,0
BRDA:456,19,1,0
BRDA:465,20,0,0
BRDA:474,21,0,0
BRF:33
BRH:6
end_of_record
TN:
SF:src/lib/resources/AdvancedShippingNotice.ts
FN:4,(anonymous_0)
FN:61,(anonymous_1)
FN:68,(anonymous_2)
FN:74,(anonymous_3)
FN:81,(anonymous_4)
FN:83,(anonymous_5)
FN:102,(anonymous_6)
FN:115,(anonymous_7)
FN:122,(anonymous_8)
FN:135,(anonymous_9)
FN:139,(anonymous_10)
FN:146,(anonymous_11)
FN:150,(anonymous_12)
FN:154,(anonymous_13)
FN:158,(anonymous_14)
FN:173,(anonymous_15)
FN:188,(anonymous_16)
FN:201,(anonymous_17)
FN:208,(anonymous_18)
FN:215,(anonymous_19)
FN:230,(anonymous_20)
FNF:21
FNH:2
FNDA:2,(anonymous_0)
FNDA:0,(anonymous_1)
FNDA:0,(anonymous_2)
FNDA:0,(anonymous_3)
FNDA:22,(anonymous_4)
FNDA:0,(anonymous_5)
FNDA:0,(anonymous_6)
FNDA:0,(anonymous_7)
FNDA:0,(anonymous_8)
FNDA:0,(anonymous_9)
FNDA:0,(anonymous_10)
FNDA:0,(anonymous_11)
FNDA:0,(anonymous_12)
FNDA:0,(anonymous_13)
FNDA:0,(anonymous_14)
FNDA:0,(anonymous_15)
FNDA:0,(anonymous_16)
FNDA:0,(anonymous_17)
FNDA:0,(anonymous_18)
FNDA:0,(anonymous_19)
FNDA:0,(anonymous_20)
DA:4,2
DA:5,2
DA:6,2
DA:7,2
DA:8,2
DA:9,2
DA:60,2
DA:62,0
DA:63,0
DA:67,2
DA:69,0
DA:73,2
DA:75,0
DA:80,2
DA:81,22
DA:88,0
DA:89,0
DA:90,0
DA:92,0
DA:93,0
DA:95,0
DA:96,0
DA:98,0
DA:103,0
DA:104,0
DA:107,0
DA:108,0
DA:109,0
DA:112,0
DA:121,0
DA:122,0
DA:123,0
DA:124,0
DA:128,0
DA:132,0
DA:136,0
DA:140,0
DA:141,0
DA:143,0
DA:147,0
DA:151,0
DA:155,0
DA:166,0
DA:181,0
DA:194,0
DA:202,0
DA:203,0
DA:205,0
DA:209,0
DA:223,0
DA:241,0
DA:245,2
LF:52
LH:12
BRDA:4,0,0,2
BRDA:4,0,1,2
BRDA:92,1,0,0
BRDA:93,2,0,0
BRDA:93,2,1,0
BRDA:95,3,0,0
BRDA:103,4,0,0
BRDA:107,5,0,0
BRDA:107,5,1,0
BRDA:108,6,0,0
BRDA:108,7,0,0
BRDA:108,7,1,0
BRDA:115,8,0,0
BRDA:123,9,0,0
BRDA:140,10,0,0
BRDA:160,11,0,0
BRDA:190,12,0,0
BRDA:202,13,0,0
BRF:18
BRH:2
end_of_record
TN:
SF:src/lib/resources/AdvancedShippingNoticeLine.ts
FN:4,(anonymous_0)
FN:9,(anonymous_1)
FN:45,(anonymous_2)
FN:52,(anonymous_3)
FN:58,(anonymous_4)
FN:70,(anonymous_5)
FN:72,(anonymous_6)
FN:90,(anonymous_7)
FN:96,(anonymous_8)
FN:104,(anonymous_9)
FN:120,(anonymous_10)
FN:124,(anonymous_11)
FN:132,(anonymous_12)
FN:137,(anonymous_13)
FN:141,(anonymous_14)
FN:153,(anonymous_15)
FN:160,(anonymous_16)
FN:175,(anonymous_17)
FN:190,(anonymous_18)
FNF:19
FNH:3
FNDA:2,(anonymous_0)
FNDA:2,(anonymous_1)
FNDA:0,(anonymous_2)
FNDA:0,(anonymous_3)
FNDA:0,(anonymous_4)
FNDA:22,(anonymous_5)
FNDA:0,(anonymous_6)
FNDA:0,(anonymous_7)
FNDA:0,(anonymous_8)
FNDA:0,(anonymous_9)
FNDA:0,(anonymous_10)
FNDA:0,(anonymous_11)
FNDA:0,(anonymous_12)
FNDA:0,(anonymous_13)
FNDA:0,(anonymous_14)
FNDA:0,(anonymous_15)
FNDA:0,(anonymous_16)
FNDA:0,(anonymous_17)
FNDA:0,(anonymous_18)
DA:4,2
DA:5,2
DA:6,2
DA:9,2
DA:10,2
DA:11,2
DA:12,2
DA:44,2
DA:46,0
DA:47,0
DA:51,2
DA:53,0
DA:57,2
DA:59,0
DA:69,2
DA:70,22
DA:77,0
DA:78,0
DA:80,0
DA:81,0
DA:83,0
DA:84,0
DA:86,0
DA:91,0
DA:92,0
DA:103,0
DA:104,0
DA:105,0
DA:106,0
DA:110,0
DA:114,0
DA:121,0
DA:125,0
DA:126,0
DA:133,0
DA:134,0
DA:138,0
DA:145,0
DA:146,0
DA:148,0
DA:150,0
DA:153,0
DA:168,0
DA:183,0
DA:204,0
DA:205,0
DA:206,0
DA:208,0
DA:215,2
LF:49
LH:13
BRDA:4,0,0,2
BRDA:4,0,1,2
BRDA:9,1,0,2
BRDA:9,1,1,2
BRDA:80,2,0,0
BRDA:81,3,0,0
BRDA:81,3,1,0
BRDA:83,4,0,0
BRDA:91,5,0,0
BRDA:91,6,0,0
BRDA:91,6,1,0
BRDA:96,7,0,0
BRDA:105,8,0,0
BRDA:110,9,0,0
BRDA:110,9,1,0
BRDA:128,10,0,0
BRDA:128,10,1,0
BRDA:145,11,0,0
BRDA:155,12,0,0
BRDA:155,12,1,0
BRDA:178,13,0,0
BRDA:192,14,0,0
BRDA:205,15,0,0
BRDA:206,16,0,0
BRF:24
BRH:4
end_of_record
TN:
SF:src/lib/resources/Agent.ts
FN:79,(anonymous_0)
FN:86,(anonymous_1)
FN:93,(anonymous_2)
FN:101,(anonymous_3)
FN:106,(anonymous_4)
FN:151,(anonymous_5)
FN:162,(anonymous_6)
FN:168,(anonymous_7)
FN:185,(anonymous_8)
FN:196,(anonymous_9)
FN:212,(anonymous_10)
FN:228,(anonymous_11)
FN:233,(anonymous_12)
FN:238,(anonymous_13)
FN:243,(anonymous_14)
FN:251,(anonymous_15)
FN:256,(anonymous_16)
FN:270,(anonymous_17)
FN:281,(anonymous_18)
FNF:19
FNH:1
FNDA:0,(anonymous_0)
FNDA:0,(anonymous_1)
FNDA:0,(anonymous_2)
FNDA:22,(anonymous_3)
FNDA:0,(anonymous_4)
FNDA:0,(anonymous_5)
FNDA:0,(anonymous_6)
FNDA:0,(anonymous_7)
FNDA:0,(anonymous_8)
FNDA:0,(anonymous_9)
FNDA:0,(anonymous_10)
FNDA:0,(anonymous_11)
FNDA:0,(anonymous_12)
FNDA:0,(anonymous_13)
FNDA:0,(anonymous_14)
FNDA:0,(anonymous_15)
FNDA:0,(anonymous_16)
FNDA:0,(anonymous_17)
FNDA:0,(anonymous_18)
DA:78,2
DA:80,0
DA:81,0
DA:85,2
DA:87,0
DA:88,0
DA:92,2
DA:93,0
DA:94,0
DA:95,0
DA:101,22
DA:107,0
DA:108,0
DA:111,0
DA:112,0
DA:115,0
DA:117,0
DA:129,0
DA:131,0
DA:133,0
DA:140,0
DA:142,0
DA:144,0
DA:156,0
DA:157,0
DA:158,0
DA:159,0
DA:161,0
DA:162,0
DA:169,0
DA:170,0
DA:171,0
DA:173,0
DA:174,0
DA:176,0
DA:186,0
DA:187,0
DA:197,0
DA:198,0
DA:199,0
DA:201,0
DA:202,0
DA:204,0
DA:213,0
DA:214,0
DA:216,0
DA:217,0
DA:219,0
DA:229,0
DA:230,0
DA:234,0
DA:235,0
DA:239,0
DA:240,0
DA:244,0
DA:245,0
DA:252,0
DA:253,0
DA:257,0
DA:261,0
DA:271,0
DA:282,0
DA:286,0
DA:290,2
LF:64
LH:5
BRDA:107,0,0,0
BRDA:111,1,0,0
BRDA:125,2,0,0
BRDA:125,2,1,0
BRDA:129,3,0,0
BRDA:129,3,1,0
BRDA:129,3,2,0
BRDA:129,3,3,0
BRDA:129,3,4,0
BRDA:157,4,0,0
BRDA:158,5,0,0
BRDA:159,6,0,0
BRDA:173,7,0,0
BRDA:201,8,0,0
BRDA:216,9,0,0
BRDA:270,10,0,0
BRF:16
BRH:0
end_of_record
TN:
SF:src/lib/resources/Asset.ts
FN:41,(anonymous_0)
FN:43,(anonymous_1)
FN:79,(anonymous_2)
FN:89,(anonymous_3)
FN:100,(anonymous_4)
FN:110,(anonymous_5)
FN:112,(anonymous_6)
FN:119,(anonymous_7)
FN:128,(anonymous_8)
FN:138,(anonymous_9)
FN:147,(anonymous_10)
FN:157,(anonymous_11)
FN:167,(anonymous_12)
FN:177,(anonymous_13)
FNF:14
FNH:1
FNDA:22,(anonymous_0)
FNDA:0,(anonymous_1)
FNDA:0,(anonymous_2)
FNDA:0,(anonymous_3)
FNDA:0,(anonymous_4)
FNDA:0,(anonymous_5)
FNDA:0,(anonymous_6)
FNDA:0,(anonymous_7)
FNDA:0,(anonymous_8)
FNDA:0,(anonymous_9)
FNDA:0,(anonymous_10)
FNDA:0,(anonymous_11)
FNDA:0,(anonymous_12)
FNDA:0,(anonymous_13)
DA:40,2
DA:41,22
DA:44,0
DA:45,0
DA:48,0
DA:49,0
DA:52,0
DA:54,0
DA:60,0
DA:62,0
DA:64,0
DA:66,0
DA:68,0
DA:70,0
DA:80,0
DA:81,0
DA:90,0
DA:91,0
DA:101,0
DA:102,0
DA:111,0
DA:112,0
DA:120,0
DA:129,0
DA:139,0
DA:148,0
DA:149,0
DA:158,0
DA:159,0
DA:168,0
DA:169,0
DA:178,0
DA:179,0
LF:33
LH:2
BRDA:44,0,0,0
BRDA:48,1,0,0
BRDA:60,2,0,0
BRDA:60,2,1,0
BRDA:60,2,2,0
BRDA:60,2,3,0
BRDA:60,2,4,0
BRF:7
BRH:0
end_of_record
TN:
SF:src/lib/resources/Attribute.ts
FN:4,(anonymous_0)
FN:12,(anonymous_1)
FN:20,(anonymous_2)
FN:83,(anonymous_3)
FN:90,(anonymous_4)
FN:97,(anonymous_5)
FN:105,(anonymous_6)
FN:110,(anonymous_7)
FN:129,(anonymous_8)
FN:151,(anonymous_9)
FN:166,(anonymous_10)
FN:184,(anonymous_11)
FN:212,(anonymous_12)
FN:226,(anonymous_13)
FN:228,(anonymous_14)
FN:239,(anonymous_15)
FN:250,(anonymous_16)
FNF:17
FNH:4
FNDA:2,(anonymous_0)
FNDA:2,(anonymous_1)
FNDA:2,(anonymous_2)
FNDA:0,(anonymous_3)
FNDA:0,(anonymous_4)
FNDA:0,(anonymous_5)
FNDA:22,(anonymous_6)
FNDA:0,(anonymous_7)
FNDA:0,(anonymous_8)
FNDA:0,(anonymous_9)
FNDA:0,(anonymous_10)
FNDA:0,(anonymous_11)
FNDA:0,(anonymous_12)
FNDA:0,(anonymous_13)
FNDA:0,(anonymous_14)
FNDA:0,(anonymous_15)
FNDA:0,(anonymous_16)
DA:4,2
DA:5,2
DA:6,2
DA:7,2
DA:8,2
DA:9,2
DA:12,2
DA:13,2
DA:14,2
DA:15,2
DA:16,2
DA:17,2
DA:20,2
DA:21,2
DA:22,2
DA:23,2
DA:82,2
DA:84,0
DA:85,0
DA:89,2
DA:91,0
DA:92,0
DA:96,2
DA:97,0
DA:98,0
DA:99,0
DA:105,22
DA:111,0
DA:113,0
DA:114,0
DA:119,0
DA:120,0
DA:136,0
DA:138,0
DA:139,0
DA:140,0
DA:141,0
DA:142,0
DA:144,0
DA:145,0
DA:152,0
DA:153,0
DA:154,0
DA:156,0
DA:157,0
DA:159,0
DA:168,0
DA:170,0
DA:171,0
DA:172,0
DA:174,0
DA:185,0
DA:187,0
DA:190,0
DA:191,0
DA:194,0
DA:196,0
DA:197,0
DA:199,0
DA:200,0
DA:202,0
DA:213,0
DA:214,0
DA:216,0
DA:217,0
DA:219,0
DA:228,0
DA:229,0
DA:232,0
DA:233,0
DA:240,0
DA:244,0
DA:255,0
DA:257,0
DA:258,0
DA:259,0
DA:261,0
DA:265,0
DA:269,2
LF:79
LH:21
BRDA:4,0,0,2
BRDA:4,0,1,2
BRDA:12,1,0,2
BRDA:12,1,1,2
BRDA:20,2,0,2
BRDA:20,2,1,2
BRDA:111,3,0,0
BRDA:113,4,0,0
BRDA:113,5,0,0
BRDA:113,5,1,0
BRDA:119,6,0,0
BRDA:119,7,0,0
BRDA:119,7,1,0
BRDA:138,8,0,0
BRDA:139,9,0,0
BRDA:140,10,0,0
BRDA:141,11,0,0
BRDA:142,12,0,0
BRDA:156,13,0,0
BRDA:175,14,0,0
BRDA:175,14,1,0
BRDA:176,15,0,0
BRDA:176,15,1,0
BRDA:190,16,0,0
BRDA:190,16,1,0
BRDA:191,17,0,0
BRDA:191,17,1,0
BRDA:199,18,0,0
BRDA:203,19,0,0
BRDA:203,19,1,0
BRDA:204,20,0,0
BRDA:204,20,1,0
BRDA:216,21,0,0
BRDA:257,22,0,0
BRDA:258,23,0,0
BRDA:259,24,0,0
BRF:36
BRH:6
end_of_record
TN:
SF:src/lib/resources/BaseResource.ts
FN:22,(anonymous_0)
FN:31,(anonymous_1)
FN:61,(anonymous_2)
FN:87,(anonymous_3)
FN:118,(anonymous_4)
FN:149,(anonymous_5)
FN:179,(anonymous_6)
FN:215,(anonymous_7)
FN:245,(anonymous_8)
FN:278,(anonymous_9)
FN:305,(anonymous_10)
FN:332,(anonymous_11)
FN:362,(anonymous_12)
FN:381,(anonymous_13)
FNF:14
FNH:0
FNDA:0,(anonymous_0)
FNDA:0,(anonymous_1)
FNDA:0,(anonymous_2)
FNDA:0,(anonymous_3)
FNDA:0,(anonymous_4)
FNDA:0,(anonymous_5)
FNDA:0,(anonymous_6)
FNDA:0,(anonymous_7)
FNDA:0,(anonymous_8)
FNDA:0,(anonymous_9)
FNDA:0,(anonymous_10)
FNDA:0,(anonymous_11)
FNDA:0,(anonymous_12)
FNDA:0,(anonymous_13)
DA:3,1
DA:4,1
DA:17,1
DA:23,0
DA:24,0
DA:25,0
DA:32,0
DA:34,0
DA:35,0
DA:40,0
DA:42,0
DA:43,0
DA:48,0
DA:50,0
DA:51,0
DA:54,0
DA:62,0
DA:64,0
DA:65,0
DA:70,0
DA:72,0
DA:73,0
DA:75,0
DA:76,0
DA:80,0
DA:88,0
DA:90,0
DA:91,0
DA:96,0
DA:98,0
DA:99,0
DA:104,0
DA:106,0
DA:107,0
DA:111,0
DA:119,0
DA:121,0
DA:122,0
DA:127,0
DA:129,0
DA:130,0
DA:135,0
DA:137,0
DA:138,0
DA:142,0
DA:150,0
DA:152,0
DA:153,0
DA:158,0
DA:163,0
DA:165,0
DA:166,0
DA:168,0
DA:169,0
DA:172,0
DA:180,0
DA:182,0
DA:183,0
DA:188,0
DA:193,0
DA:198,0
DA:200,0
DA:201,0
DA:203,0
DA:204,0
DA:208,0
DA:216,0
DA:218,0
DA:219,0
DA:224,0
DA:229,0
DA:231,0
DA:232,0
DA:234,0
DA:235,0
DA:238,0
DA:246,0
DA:248,0
DA:249,0
DA:254,0
DA:255,0
DA:256,0
DA:257,0
DA:259,0
DA:260,0
DA:261,0
DA:263,0
DA:266,0
DA:267,0
DA:271,0
DA:279,0
DA:281,0
DA:282,0
DA:287,0
DA:289,0
DA:290,0
DA:295,0
DA:297,0
DA:298,0
DA:301,0
DA:306,0
DA:308,0
DA:309,0
DA:314,0
DA:316,0
DA:317,0
DA:322,0
DA:324,0
DA:325,0
DA:328,0
DA:333,0
DA:335,0
DA:336,0
DA:341,0
DA:343,0
DA:344,0
DA:349,0
DA:351,0
DA:352,0
DA:355,0
DA:363,0
DA:364,0
DA:366,0
DA:367,0
DA:369,0
DA:370,0
DA:373,0
DA:374,0
DA:382,0
DA:384,0
DA:385,0
DA:388,0
LF:132
LH:3
BRDA:31,0,0,0
BRDA:61,1,0,0
BRDA:87,2,0,0
BRDA:118,3,0,0
BRDA:149,4,0,0
BRDA:149,5,0,0
BRDA:179,6,0,0
BRDA:179,7,0,0
BRDA:215,8,0,0
BRDA:215,9,0,0
BRDA:245,10,0,0
BRDA:259,11,0,0
BRDA:278,12,0,0
BRDA:305,13,0,0
BRDA:332,14,0,0
BRDA:362,15,0,0
BRDA:362,16,0,0
BRDA:381,17,0,0
BRDA:381,18,0,0
BRF:19
BRH:0
end_of_record
TN:
SF:src/lib/resources/BillOfMaterial.ts
FN:4,(anonymous_0)
FN:11,(anonymous_1)
FN:77,(anonymous_2)
FN:84,(anonymous_3)
FN:90,(anonymous_4)
FN:96,(anonymous_5)
FN:103,(anonymous_6)
FN:105,(anonymous_7)
FN:127,(anonymous_8)
FN:142,(anonymous_9)
FN:152,(anonymous_10)
FN:164,(anonymous_11)
FN:168,(anonymous_12)
FN:176,(anonymous_13)
FN:183,(anonymous_14)
FN:188,(anonymous_15)
FN:192,(anonymous_16)
FN:196,(anonymous_17)
FN:204,(anonymous_18)
FN:209,(anonymous_19)
FN:214,(anonymous_20)
FN:219,(anonymous_21)
FN:224,(anonymous_22)
FN:233,(anonymous_23)
FN:244,(anonymous_24)
FN:253,(anonymous_25)
FNF:26
FNH:3
FNDA:2,(anonymous_0)
FNDA:2,(anonymous_1)
FNDA:0,(anonymous_2)
FNDA:0,(anonymous_3)
FNDA:0,(anonymous_4)
FNDA:0,(anonymous_5)
FNDA:22,(anonymous_6)
FNDA:0,(anonymous_7)
FNDA:0,(anonymous_8)
FNDA:0,(anonymous_9)
FNDA:0,(anonymous_10)
FNDA:0,(anonymous_11)
FNDA:0,(anonymous_12)
FNDA:0,(anonymous_13)
FNDA:0,(anonymous_14)
FNDA:0,(anonymous_15)
FNDA:0,(anonymous_16)
FNDA:0,(anonymous_17)
FNDA:0,(anonymous_18)
FNDA:0,(anonymous_19)
FNDA:0,(anonymous_20)
FNDA:0,(anonymous_21)
FNDA:0,(anonymous_22)
FNDA:0,(anonymous_23)
FNDA:0,(anonymous_24)
FNDA:0,(anonymous_25)
DA:4,2
DA:5,2
DA:6,2
DA:7,2
DA:8,2
DA:11,2
DA:12,2
DA:13,2
DA:14,2
DA:15,2
DA:76,2
DA:78,0
DA:79,0
DA:83,2
DA:85,0
DA:89,2
DA:91,0
DA:95,2
DA:97,0
DA:102,2
DA:103,22
DA:110,0
DA:111,0
DA:112,0
DA:114,0
DA:115,0
DA:117,0
DA:118,0
DA:120,0
DA:121,0
DA:123,0
DA:128,0
DA:129,0
DA:131,0
DA:132,0
DA:134,0
DA:135,0
DA:137,0
DA:138,0
DA:151,0
DA:152,0
DA:153,0
DA:154,0
DA:158,0
DA:165,0
DA:169,0
DA:170,0
DA:172,0
DA:173,0
DA:177,0
DA:178,0
DA:180,0
DA:184,0
DA:189,0
DA:193,0
DA:197,0
DA:205,0
DA:210,0
DA:211,0
DA:215,0
DA:216,0
DA:220,0
DA:229,0
DA:240,0
DA:249,0
DA:262,0
DA:266,2
LF:67
LH:17
BRDA:4,0,0,2
BRDA:4,0,1,2
BRDA:11,1,0,2
BRDA:11,1,1,2
BRDA:112,2,0,0
BRDA:112,2,1,0
BRDA:114,3,0,0
BRDA:117,4,0,0
BRDA:118,5,0,0
BRDA:118,5,1,0
BRDA:120,6,0,0
BRDA:128,7,0,0
BRDA:131,8,0,0
BRDA:131,9,0,0
BRDA:131,9,1,0
BRDA:134,10,0,0
BRDA:134,11,0,0
BRDA:134,11,1,0
BRDA:137,12,0,0
BRDA:137,13,0,0
BRDA:137,13,1,0
BRDA:142,14,0,0
BRDA:153,15,0,0
BRDA:154,16,0,0
BRDA:154,16,1,0
BRDA:169,17,0,0
BRDA:177,18,0,0
BRDA:215,19,0,0
BRDA:215,19,1,0
BRF:29
BRH:4
end_of_record
TN:
SF:src/lib/resources/Carrier.ts
FN:8,(anonymous_0)
FN:14,(anonymous_1)
FN:54,(anonymous_2)
FN:61,(anonymous_3)
FN:67,(anonymous_4)
FN:73,(anonymous_5)
FN:75,(anonymous_6)
FN:78,(anonymous_7)
FN:83,(anonymous_8)
FN:105,(anonymous_9)
FN:139,(anonymous_10)
FN:148,(anonymous_11)
FN:158,(anonymous_12)
FN:167,(anonymous_13)
FN:175,(anonymous_14)
FN:187,(anonymous_15)
FNF:16
FNH:3
FNDA:2,(anonymous_0)
FNDA:2,(anonymous_1)
FNDA:0,(anonymous_2)
FNDA:0,(anonymous_3)
FNDA:0,(anonymous_4)
FNDA:22,(anonymous_5)
FNDA:0,(anonymous_6)
FNDA:0,(anonymous_7)
FNDA:0,(anonymous_8)
FNDA:0,(anonymous_9)
FNDA:0,(anonymous_10)
FNDA:0,(anonymous_11)
FNDA:0,(anonymous_12)
FNDA:0,(anonymous_13)
FNDA:0,(anonymous_14)
FNDA:0,(anonymous_15)
DA:8,2
DA:9,2
DA:10,2
DA:11,2
DA:14,2
DA:15,2
DA:16,2
DA:17,2
DA:53,2
DA:54,0
DA:55,0
DA:56,0
DA:60,2
DA:62,0
DA:66,2
DA:67,0
DA:68,0
DA:72,2
DA:73,22
DA:76,0
DA:77,0
DA:78,0
DA:79,0
DA:84,0
DA:85,0
DA:115,0
DA:116,0
DA:117,0
DA:118,0
DA:119,0
DA:120,0
DA:121,0
DA:124,0
DA:125,0
DA:126,0
DA:135,0
DA:140,0
DA:141,0
DA:142,0
DA:144,0
DA:149,0
DA:150,0
DA:151,0
DA:152,0
DA:154,0
DA:159,0
DA:160,0
DA:161,0
DA:163,0
DA:168,0
DA:169,0
DA:171,0
DA:179,0
DA:180,0
DA:181,0
DA:183,0
DA:188,0
DA:189,0
DA:190,0
LF:59
LH:13
BRDA:8,0,0,2
BRDA:8,0,1,2
BRDA:14,1,0,2
BRDA:14,1,1,2
BRDA:76,2,0,0
BRDA:77,3,0,0
BRDA:78,4,0,0
BRDA:84,5,0,0
BRDA:116,6,0,0
BRDA:117,7,0,0
BRDA:118,8,0,0
BRDA:119,9,0,0
BRDA:120,10,0,0
BRDA:121,11,0,0
BRDA:129,12,0,0
BRDA:129,12,1,0
BRDA:130,13,0,0
BRDA:130,13,1,0
BRDA:131,14,0,0
BRDA:131,14,1,0
BRDA:188,15,0,0
BRDA:188,16,0,0
BRDA:188,16,1,0
BRDA:189,17,0,0
BRF:24
BRH:4
end_of_record
TN:
SF:src/lib/resources/CaseTicket.ts
FN:8,(anonymous_0)
FN:16,(anonymous_1)
FN:23,(anonymous_2)
FN:57,(anonymous_3)
FN:64,(anonymous_4)
FN:70,(anonymous_5)
FN:76,(anonymous_6)
FN:78,(anonymous_7)
FN:84,(anonymous_8)
FN:108,(anonymous_9)
FN:150,(anonymous_10)
FN:188,(anonymous_11)
FN:197,(anonymous_12)
FN:207,(anonymous_13)
FN:216,(anonymous_14)
FN:224,(anonymous_15)
FN:233,(anonymous_16)
FN:242,(anonymous_17)
FN:251,(anonymous_18)
FN:260,(anonymous_19)
FN:269,(anonymous_20)
FN:278,(anonymous_21)
FN:287,(anonymous_22)
FNF:23
FNH:4
FNDA:2,(anonymous_0)
FNDA:2,(anonymous_1)
FNDA:2,(anonymous_2)
FNDA:0,(anonymous_3)
FNDA:0,(anonymous_4)
FNDA:0,(anonymous_5)
FNDA:22,(anonymous_6)
FNDA:0,(anonymous_7)
FNDA:0,(anonymous_8)
FNDA:0,(anonymous_9)
FNDA:0,(anonymous_10)
FNDA:0,(anonymous_11)
FNDA:0,(anonymous_12)
FNDA:0,(anonymous_13)
FNDA:0,(anonymous_14)
FNDA:0,(anonymous_15)
FNDA:0,(anonymous_16)
FNDA:0,(anonymous_17)
FNDA:0,(anonymous_18)
FNDA:0,(anonymous_19)
FNDA:0,(anonymous_20)
FNDA:0,(anonymous_21)
FNDA:0,(anonymous_22)
DA:8,2
DA:9,2
DA:10,2
DA:11,2
DA:12,2
DA:13,2
DA:16,2
DA:17,2
DA:18,2
DA:19,2
DA:20,2
DA:23,2
DA:24,2
DA:25,2
DA:26,2
DA:27,2
DA:56,2
DA:57,0
DA:58,0
DA:59,0
DA:63,2
DA:65,0
DA:69,2
DA:70,0
DA:71,0
DA:75,2
DA:76,22
DA:79,0
DA:80,0
DA:81,0
DA:85,0
DA:86,0
DA:122,0
DA:123,0
DA:124,0
DA:125,0
DA:126,0
DA:127,0
DA:128,0
DA:129,0
DA:130,0
DA:131,0
DA:132,0
DA:135,0
DA:136,0
DA:137,0
DA:146,0
DA:163,0
DA:164,0
DA:165,0
DA:166,0
DA:167,0
DA:168,0
DA:170,0
DA:171,0
DA:175,0
DA:184,0
DA:189,0
DA:190,0
DA:191,0
DA:193,0
DA:198,0
DA:199,0
DA:200,0
DA:201,0
DA:203,0
DA:208,0
DA:209,0
DA:210,0
DA:212,0
DA:217,0
DA:218,0
DA:220,0
DA:225,0
DA:226,0
DA:227,0
DA:229,0
DA:234,0
DA:235,0
DA:236,0
DA:238,0
DA:243,0
DA:244,0
DA:245,0
DA:247,0
DA:252,0
DA:253,0
DA:254,0
DA:256,0
DA:261,0
DA:262,0
DA:263,0
DA:265,0
DA:270,0
DA:271,0
DA:272,0
DA:274,0
DA:279,0
DA:280,0
DA:281,0
DA:283,0
DA:288,0
DA:289,0
DA:290,0
LF:104
LH:21
BRDA:8,0,0,2
BRDA:8,0,1,2
BRDA:16,1,0,2
BRDA:16,1,1,2
BRDA:23,2,0,2
BRDA:23,2,1,2
BRDA:79,3,0,0
BRDA:80,4,0,0
BRDA:81,5,0,0
BRDA:85,6,0,0
BRDA:123,7,0,0
BRDA:124,8,0,0
BRDA:125,9,0,0
BRDA:126,10,0,0
BRDA:127,11,0,0
BRDA:128,12,0,0
BRDA:129,13,0,0
BRDA:130,14,0,0
BRDA:131,15,0,0
BRDA:132,16,0,0
BRDA:140,17,0,0
BRDA:140,17,1,0
BRDA:141,18,0,0
BRDA:141,18,1,0
BRDA:142,19,0,0
BRDA:142,19,1,0
BRDA:152,20,0,0
BRDA:164,21,0,0
BRDA:165,22,0,0
BRDA:166,23,0,0
BRDA:167,24,0,0
BRDA:168,25,0,0
BRDA:178,26,0,0
BRDA:178,26,1,0
BRDA:179,27,0,0
BRDA:179,27,1,0
BRDA:180,28,0,0
BRDA:180,28,1,0
BRDA:254,29,0,0
BRDA:254,29,1,0
BRDA:288,30,0,0
BRDA:288,31,0,0
BRDA:288,31,1,0
BRDA:289,32,0,0
BRF:44
BRH:6
end_of_record
TN:
SF:src/lib/resources/CashSale.ts
FN:51,(anonymous_0)
FN:53,(anonymous_1)
FN:84,(anonymous_2)
FN:86,(anonymous_3)
FN:91,(anonymous_4)
FN:96,(anonymous_5)
FN:101,(anonymous_6)
FN:106,(anonymous_7)
FN:110,(anonymous_8)
FN:115,(anonymous_9)
FN:120,(anonymous_10)
FNF:11
FNH:1
FNDA:22,(anonymous_0)
FNDA:0,(anonymous_1)
FNDA:0,(anonymous_2)
FNDA:0,(anonymous_3)
FNDA:0,(anonymous_4)
FNDA:0,(anonymous_5)
FNDA:0,(anonymous_6)
FNDA:0,(anonymous_7)
FNDA:0,(anonymous_8)
FNDA:0,(anonymous_9)
FNDA:0,(anonymous_10)
DA:51,22
DA:54,0
DA:55,0
DA:58,0
DA:59,0
DA:62,0
DA:64,0
DA:70,0
DA:72,0
DA:74,0
DA:76,0
DA:78,0
DA:80,0
DA:85,0
DA:86,0
DA:87,0
DA:92,0
DA:93,0
DA:97,0
DA:98,0
DA:102,0
DA:103,0
DA:107,0
DA:111,0
DA:112,0
DA:116,0
DA:117,0
DA:121,0
DA:122,0
DA:126,2
LF:30
LH:2
BRDA:54,0,0,0
BRDA:58,1,0,0
BRDA:70,2,0,0
BRDA:70,2,1,0
BRDA:70,2,2,0
BRDA:70,2,3,0
BRDA:70,2,4,0
BRF:7
BRH:0
end_of_record
TN:
SF:src/lib/resources/Channel.ts
FN:4,(anonymous_0)
FN:16,(anonymous_1)
FN:24,(anonymous_2)
FN:32,(anonymous_3)
FN:39,(anonymous_4)
FN:45,(anonymous_5)
FN:158,(anonymous_6)
FN:165,(anonymous_7)
FN:172,(anonymous_8)
FN:180,(anonymous_9)
FN:187,(anonymous_10)
FN:211,(anonymous_11)
FN:228,(anonymous_12)
FN:248,(anonymous_13)
FN:267,(anonymous_14)
FN:285,(anonymous_15)
FN:304,(anonymous_16)
FN:329,(anonymous_17)
FN:354,(anonymous_18)
FN:372,(anonymous_19)
FN:388,(anonymous_20)
FNF:21
FNH:7
FNDA:2,(anonymous_0)
FNDA:2,(anonymous_1)
FNDA:2,(anonymous_2)
FNDA:2,(anonymous_3)
FNDA:2,(anonymous_4)
FNDA:2,(anonymous_5)
FNDA:0,(anonymous_6)
FNDA:0,(anonymous_7)
FNDA:0,(anonymous_8)
FNDA:22,(anonymous_9)
FNDA:0,(anonymous_10)
FNDA:0,(anonymous_11)
FNDA:0,(anonymous_12)
FNDA:0,(anonymous_13)
FNDA:0,(anonymous_14)
FNDA:0,(anonymous_15)
FNDA:0,(anonymous_16)
FNDA:0,(anonymous_17)
FNDA:0,(anonymous_18)
FNDA:0,(anonymous_19)
FNDA:0,(anonymous_20)
DA:4,2
DA:5,2
DA:6,2
DA:7,2
DA:8,2
DA:9,2
DA:10,2
DA:11,2
DA:12,2
DA:13,2
DA:16,2
DA:17,2
DA:18,2
DA:19,2
DA:20,2
DA:21,2
DA:24,2
DA:25,2
DA:26,2
DA:27,2
DA:28,2
DA:29,2
DA:32,2
DA:33,2
DA:34,2
DA:35,2
DA:36,2
DA:39,2
DA:40,2
DA:41,2
DA:42,2
DA:45,2
DA:46,2
DA:47,2
DA:48,2
DA:49,2
DA:157,2
DA:159,0
DA:160,0
DA:164,2
DA:166,0
DA:167,0
DA:171,2
DA:172,0
DA:173,0
DA:174,0
DA:180,22
DA:194,0
DA:196,0
DA:197,0
DA:198,0
DA:199,0
DA:200,0
DA:202,0
DA:203,0
DA:212,0
DA:213,0
DA:214,0
DA:216,0
DA:217,0
DA:219,0
DA:229,0
DA:231,0
DA:232,0
DA:233,0
DA:235,0
DA:236,0
DA:238,0
DA:252,0
DA:253,0
DA:254,0
DA:256,0
DA:257,0
DA:259,0
DA:268,0
DA:269,0
DA:271,0
DA:272,0
DA:274,0
DA:290,0
DA:295,0
DA:311,0
DA:313,0
DA:314,0
DA:316,0
DA:320,0
DA:340,0
DA:345,0
DA:358,0
DA:363,0
DA:376,0
DA:381,0
DA:389,0
DA:390,0
DA:393,0
DA:394,0
DA:397,0
DA:398,0
DA:401,0
DA:402,0
DA:405,0
DA:406,0
DA:411,2
LF:103
LH:41
BRDA:4,0,0,2
BRDA:4,0,1,2
BRDA:16,1,0,2
BRDA:16,1,1,2
BRDA:24,2,0,2
BRDA:24,2,1,2
BRDA:32,3,0,2
BRDA:32,3,1,2
BRDA:39,4,0,2
BRDA:39,4,1,2
BRDA:45,5,0,2
BRDA:45,5,1,2
BRDA:196,6,0,0
BRDA:197,7,0,0
BRDA:198,8,0,0
BRDA:199,9,0,0
BRDA:200,10,0,0
BRDA:216,11,0,0
BRDA:235,12,0,0
BRDA:256,13,0,0
BRDA:271,14,0,0
BRDA:313,15,0,0
BRDA:314,16,0,0
BRDA:389,17,0,0
BRDA:393,18,0,0
BRDA:397,19,0,0
BRDA:401,20,0,0
BRDA:401,21,0,0
BRDA:401,21,1,0
BRDA:405,22,0,0
BRF:30
BRH:12
end_of_record
TN:
SF:src/lib/resources/Compliance.ts
FN:6,(anonymous_0)
FN:10,(anonymous_1)
FN:14,(anonymous_2)
FN:18,(anonymous_3)
FN:22,(anonymous_4)
FN:26,(anonymous_5)
FNF:6
FNH:1
FNDA:22,(anonymous_0)
FNDA:0,(anonymous_1)
FNDA:0,(anonymous_2)
FNDA:0,(anonymous_3)
FNDA:0,(anonymous_4)
FNDA:0,(anonymous_5)
DA:3,2
DA:7,22
DA:11,0
DA:15,0
DA:19,0
DA:23,0
DA:27,0
LF:7
LH:2
BRF:0
BRH:0
end_of_record
TN:
SF:src/lib/resources/Contact.ts
FN:8,(anonymous_0)
FN:15,(anonymous_1)
FN:55,(anonymous_2)
FN:62,(anonymous_3)
FN:68,(anonymous_4)
FN:74,(anonymous_5)
FN:76,(anonymous_6)
FN:82,(anonymous_7)
FN:107,(anonymous_8)
FN:143,(anonymous_9)
FN:152,(anonymous_10)
FN:162,(anonymous_11)
FN:171,(anonymous_12)
FN:179,(anonymous_13)
FN:188,(anonymous_14)
FNF:15
FNH:3
FNDA:2,(anonymous_0)
FNDA:2,(anonymous_1)
FNDA:0,(anonymous_2)
FNDA:0,(anonymous_3)
FNDA:0,(anonymous_4)
FNDA:22,(anonymous_5)
FNDA:0,(anonymous_6)
FNDA:0,(anonymous_7)
FNDA:0,(anonymous_8)
FNDA:0,(anonymous_9)
FNDA:0,(anonymous_10)
FNDA:0,(anonymous_11)
FNDA:0,(anonymous_12)
FNDA:0,(anonymous_13)
FNDA:0,(anonymous_14)
DA:8,2
DA:9,2
DA:10,2
DA:11,2
DA:12,2
DA:15,2
DA:16,2
DA:17,2
DA:18,2
DA:54,2
DA:55,0
DA:56,0
DA:57,0
DA:61,2
DA:63,0
DA:67,2
DA:68,0
DA:69,0
DA:73,2
DA:74,22
DA:77,0
DA:78,0
DA:79,0
DA:83,0
DA:84,0
DA:118,0
DA:119,0
DA:120,0
DA:121,0
DA:122,0
DA:123,0
DA:124,0
DA:125,0
DA:128,0
DA:129,0
DA:130,0
DA:139,0
DA:144,0
DA:145,0
DA:146,0
DA:148,0
DA:153,0
DA:154,0
DA:155,0
DA:156,0
DA:158,0
DA:163,0
DA:164,0
DA:165,0
DA:167,0
DA:172,0
DA:173,0
DA:175,0
DA:180,0
DA:181,0
DA:182,0
DA:184,0
DA:189,0
DA:190,0
DA:191,0
LF:60
LH:14
BRDA:8,0,0,2
BRDA:8,0,1,2
BRDA:15,1,0,2
BRDA:15,1,1,2
BRDA:77,2,0,0
BRDA:78,3,0,0
BRDA:78,4,0,0
BRDA:78,4,1,0
BRDA:79,5,0,0
BRDA:79,6,0,0
BRDA:79,6,1,0
BRDA:83,7,0,0
BRDA:119,8,0,0
BRDA:120,9,0,0
BRDA:121,10,0,0
BRDA:122,11,0,0
BRDA:123,12,0,0
BRDA:124,13,0,0
BRDA:125,14,0,0
BRDA:133,15,0,0
BRDA:133,15,1,0
BRDA:134,16,0,0
BRDA:134,16,1,0
BRDA:135,17,0,0
BRDA:135,17,1,0
BRDA:189,18,0,0
BRDA:189,19,0,0
BRDA:189,19,1,0
BRDA:190,20,0,0
BRF:29
BRH:4
end_of_record
TN:
SF:src/lib/resources/Contract.ts
FN:6,(anonymous_0)
FN:10,(anonymous_1)
FN:14,(anonymous_2)
FN:18,(anonymous_3)
FN:22,(anonymous_4)
FN:26,(anonymous_5)
FNF:6
FNH:1
FNDA:22,(anonymous_0)
FNDA:0,(anonymous_1)
FNDA:0,(anonymous_2)
FNDA:0,(anonymous_3)
FNDA:0,(anonymous_4)
FNDA:0,(anonymous_5)
DA:3,2
DA:7,22
DA:11,0
DA:15,0
DA:19,0
DA:23,0
DA:27,0
LF:7
LH:2
BRF:0
BRH:0
end_of_record
TN:
SF:src/lib/resources/CreditsDebits.ts
FN:8,(anonymous_0)
FN:13,(anonymous_1)
FN:48,(anonymous_2)
FN:55,(anonymous_3)
FN:61,(anonymous_4)
FN:67,(anonymous_5)
FN:69,(anonymous_6)
FN:75,(anonymous_7)
FN:100,(anonymous_8)
FN:140,(anonymous_9)
FN:149,(anonymous_10)
FN:159,(anonymous_11)
FN:168,(anonymous_12)
FN:176,(anonymous_13)
FN:185,(anonymous_14)
FNF:15
FNH:3
FNDA:2,(anonymous_0)
FNDA:2,(anonymous_1)
FNDA:0,(anonymous_2)
FNDA:0,(anonymous_3)
FNDA:0,(anonymous_4)
FNDA:22,(anonymous_5)
FNDA:0,(anonymous_6)
FNDA:0,(anonymous_7)
FNDA:0,(anonymous_8)
FNDA:0,(anonymous_9)
FNDA:0,(anonymous_10)
FNDA:0,(anonymous_11)
FNDA:0,(anonymous_12)
FNDA:0,(anonymous_13)
FNDA:0,(anonymous_14)
DA:8,2
DA:9,2
DA:10,2
DA:13,2
DA:14,2
DA:15,2
DA:16,2
DA:17,2
DA:47,2
DA:48,0
DA:49,0
DA:50,0
DA:54,2
DA:56,0
DA:60,2
DA:61,0
DA:62,0
DA:66,2
DA:67,22
DA:70,0
DA:71,0
DA:72,0
DA:76,0
DA:77,0
DA:113,0
DA:114,0
DA:115,0
DA:116,0
DA:117,0
DA:118,0
DA:119,0
DA:120,0
DA:121,0
DA:122,0
DA:125,0
DA:126,0
DA:127,0
DA:136,0
DA:141,0
DA:142,0
DA:143,0
[...]
FNDA:0,(anonymous_9)
FNDA:0,(anonymous_10)
FNDA:0,(anonymous_11)
FNDA:0,(anonymous_12)
FNDA:0,(anonymous_13)
DA:1,0
DA:35,0
DA:37,0
DA:49,0
DA:51,0
DA:57,0
DA:68,0
DA:74,0
DA:85,0
DA:91,0
DA:102,0
DA:104,0
DA:110,0
DA:125,0
DA:131,0
DA:142,0
DA:144,0
DA:150,0
DA:161,0
DA:163,0
DA:169,0
DA:181,0
DA:183,0
DA:189,0
DA:200,0
DA:202,0
DA:207,0
DA:214,0
DA:219,0
DA:241,0
DA:243,0
DA:248,0
DA:265,0
DA:271,0
DA:289,0
DA:291,0
DA:297,0
LF:37
LH:0
BRDA:47,0,0,0
BRDA:66,1,0,0
BRDA:82,2,0,0
BRDA:83,3,0,0
BRDA:100,4,0,0
BRDA:123,5,0,0
BRDA:140,6,0,0
BRDA:159,7,0,0
BRDA:178,8,0,0
BRDA:179,9,0,0
BRDA:197,10,0,0
BRDA:198,11,0,0
BRDA:213,12,0,0
BRDA:232,13,0,0
BRDA:241,14,0,0
BRDA:241,14,1,0
BRDA:260,15,0,0
BRDA:279,16,0,0
BRF:18
BRH:0
end_of_record
TN:
SF:src/stateset/stateset.ts
FN:22,(anonymous_10)
FN:30,(anonymous_11)
FN:37,(anonymous_12)
FN:39,(anonymous_13)
FN:40,(anonymous_14)
FN:44,(anonymous_15)
FN:45,(anonymous_16)
FN:49,(anonymous_17)
FN:60,(anonymous_18)
FN:79,(anonymous_19)
FN:81,(anonymous_20)
FN:83,(anonymous_21)
FN:85,(anonymous_22)
FN:90,(anonymous_23)
FN:92,(anonymous_24)
FN:94,(anonymous_25)
FN:96,(anonymous_26)
FN:101,(anonymous_27)
FN:103,(anonymous_28)
FN:105,(anonymous_29)
FN:107,(anonymous_30)
FN:112,(anonymous_31)
FN:114,(anonymous_32)
FN:116,(anonymous_33)
FN:118,(anonymous_34)
FN:123,(anonymous_35)
FN:125,(anonymous_36)
FN:127,(anonymous_37)
FN:129,(anonymous_38)
FN:134,(anonymous_39)
FN:136,(anonymous_40)
FN:138,(anonymous_41)
FN:140,(anonymous_42)
FN:145,(anonymous_43)
FN:147,(anonymous_44)
FN:149,(anonymous_45)
FN:151,(anonymous_46)
FN:156,(anonymous_47)
FN:158,(anonymous_48)
FN:160,(anonymous_49)
FN:162,(anonymous_50)
FN:167,(anonymous_51)
FN:169,(anonymous_52)
FN:171,(anonymous_53)
FN:173,(anonymous_54)
FN:178,(anonymous_55)
FN:180,(anonymous_56)
FN:182,(anonymous_57)
FN:184,(anonymous_58)
FN:189,(anonymous_59)
FN:191,(anonymous_60)
FN:193,(anonymous_61)
FN:195,(anonymous_62)
FN:200,(anonymous_63)
FN:202,(anonymous_64)
FN:204,(anonymous_65)
FN:206,(anonymous_66)
FN:211,(anonymous_67)
FN:213,(anonymous_68)
FN:215,(anonymous_69)
FN:217,(anonymous_70)
FN:222,(anonymous_71)
FN:224,(anonymous_72)
FN:226,(anonymous_73)
FN:228,(anonymous_74)
FN:233,(anonymous_75)
FN:235,(anonymous_76)
FN:237,(anonymous_77)
FN:239,(anonymous_78)
FN:244,(anonymous_79)
FN:246,(anonymous_80)
FN:248,(anonymous_81)
FN:250,(anonymous_82)
FN:255,(anonymous_83)
FN:257,(anonymous_84)
FN:259,(anonymous_85)
FN:261,(anonymous_86)
FN:266,(anonymous_87)
FN:268,(anonymous_88)
FN:270,(anonymous_89)
FN:272,(anonymous_90)
FN:277,(anonymous_91)
FN:279,(anonymous_92)
FN:281,(anonymous_93)
FN:283,(anonymous_94)
FN:288,(anonymous_95)
FN:290,(anonymous_96)
FN:292,(anonymous_97)
FN:294,(anonymous_98)
FN:299,(anonymous_99)
FN:301,(anonymous_100)
FN:303,(anonymous_101)
FN:305,(anonymous_102)
FN:310,(anonymous_103)
FN:312,(anonymous_104)
FN:314,(anonymous_105)
FN:316,(anonymous_106)
FN:321,(anonymous_107)
FN:323,(anonymous_108)
FN:325,(anonymous_109)
FN:327,(anonymous_110)
FN:332,(anonymous_111)
FN:334,(anonymous_112)
FN:336,(anonymous_113)
FN:338,(anonymous_114)
FN:343,(anonymous_115)
FN:345,(anonymous_116)
FN:347,(anonymous_117)
FN:349,(anonymous_118)
FN:354,(anonymous_119)
FN:356,(anonymous_120)
FN:358,(anonymous_121)
FN:360,(anonymous_122)
FN:365,(anonymous_123)
FN:367,(anonymous_124)
FN:369,(anonymous_125)
FN:371,(anonymous_126)
FN:376,(anonymous_127)
FN:378,(anonymous_128)
FN:380,(anonymous_129)
FN:382,(anonymous_130)
FN:387,(anonymous_131)
FN:389,(anonymous_132)
FN:391,(anonymous_133)
FN:393,(anonymous_134)
FN:398,(anonymous_135)
FN:400,(anonymous_136)
FN:402,(anonymous_137)
FN:404,(anonymous_138)
FN:409,(anonymous_139)
FN:411,(anonymous_140)
FN:413,(anonymous_141)
FN:415,(anonymous_142)
FNF:133
FNH:0
FNDA:0,(anonymous_10)
FNDA:0,(anonymous_11)
FNDA:0,(anonymous_12)
FNDA:0,(anonymous_13)
FNDA:0,(anonymous_14)
FNDA:0,(anonymous_15)
FNDA:0,(anonymous_16)
FNDA:0,(anonymous_17)
FNDA:0,(anonymous_18)
FNDA:0,(anonymous_19)
FNDA:0,(anonymous_20)
FNDA:0,(anonymous_21)
FNDA:0,(anonymous_22)
FNDA:0,(anonymous_23)
FNDA:0,(anonymous_24)
FNDA:0,(anonymous_25)
FNDA:0,(anonymous_26)
FNDA:0,(anonymous_27)
FNDA:0,(anonymous_28)
FNDA:0,(anonymous_29)
FNDA:0,(anonymous_30)
FNDA:0,(anonymous_31)
FNDA:0,(anonymous_32)
FNDA:0,(anonymous_33)
FNDA:0,(anonymous_34)
FNDA:0,(anonymous_35)
FNDA:0,(anonymous_36)
FNDA:0,(anonymous_37)
FNDA:0,(anonymous_38)
FNDA:0,(anonymous_39)
FNDA:0,(anonymous_40)
FNDA:0,(anonymous_41)
FNDA:0,(anonymous_42)
FNDA:0,(anonymous_43)
FNDA:0,(anonymous_44)
FNDA:0,(anonymous_45)
FNDA:0,(anonymous_46)
FNDA:0,(anonymous_47)
FNDA:0,(anonymous_48)
FNDA:0,(anonymous_49)
FNDA:0,(anonymous_50)
FNDA:0,(anonymous_51)
FNDA:0,(anonymous_52)
FNDA:0,(anonymous_53)
FNDA:0,(anonymous_54)
FNDA:0,(anonymous_55)
FNDA:0,(anonymous_56)
FNDA:0,(anonymous_57)
FNDA:0,(anonymous_58)
FNDA:0,(anonymous_59)
FNDA:0,(anonymous_60)
FNDA:0,(anonymous_61)
FNDA:0,(anonymous_62)
FNDA:0,(anonymous_63)
FNDA:0,(anonymous_64)
FNDA:0,(anonymous_65)
FNDA:0,(anonymous_66)
FNDA:0,(anonymous_67)
FNDA:0,(anonymous_68)
FNDA:0,(anonymous_69)
FNDA:0,(anonymous_70)
FNDA:0,(anonymous_71)
FNDA:0,(anonymous_72)
FNDA:0,(anonymous_73)
FNDA:0,(anonymous_74)
FNDA:0,(anonymous_75)
FNDA:0,(anonymous_76)
FNDA:0,(anonymous_77)
FNDA:0,(anonymous_78)
FNDA:0,(anonymous_79)
FNDA:0,(anonymous_80)
FNDA:0,(anonymous_81)
FNDA:0,(anonymous_82)
FNDA:0,(anonymous_83)
FNDA:0,(anonymous_84)
FNDA:0,(anonymous_85)
FNDA:0,(anonymous_86)
FNDA:0,(anonymous_87)
FNDA:0,(anonymous_88)
FNDA:0,(anonymous_89)
FNDA:0,(anonymous_90)
FNDA:0,(anonymous_91)
FNDA:0,(anonymous_92)
FNDA:0,(anonymous_93)
FNDA:0,(anonymous_94)
FNDA:0,(anonymous_95)
FNDA:0,(anonymous_96)
FNDA:0,(anonymous_97)
FNDA:0,(anonymous_98)
FNDA:0,(anonymous_99)
FNDA:0,(anonymous_100)
FNDA:0,(anonymous_101)
FNDA:0,(anonymous_102)
FNDA:0,(anonymous_103)
FNDA:0,(anonymous_104)
FNDA:0,(anonymous_105)
FNDA:0,(anonymous_106)
FNDA:0,(anonymous_107)
FNDA:0,(anonymous_108)
FNDA:0,(anonymous_109)
FNDA:0,(anonymous_110)
FNDA:0,(anonymous_111)
FNDA:0,(anonymous_112)
FNDA:0,(anonymous_113)
FNDA:0,(anonymous_114)
FNDA:0,(anonymous_115)
FNDA:0,(anonymous_116)
FNDA:0,(anonymous_117)
FNDA:0,(anonymous_118)
FNDA:0,(anonymous_119)
FNDA:0,(anonymous_120)
FNDA:0,(anonymous_121)
FNDA:0,(anonymous_122)
FNDA:0,(anonymous_123)
FNDA:0,(anonymous_124)
FNDA:0,(anonymous_125)
FNDA:0,(anonymous_126)
FNDA:0,(anonymous_127)
FNDA:0,(anonymous_128)
FNDA:0,(anonymous_129)
FNDA:0,(anonymous_130)
FNDA:0,(anonymous_131)
FNDA:0,(anonymous_132)
FNDA:0,(anonymous_133)
FNDA:0,(anonymous_134)
FNDA:0,(anonymous_135)
FNDA:0,(anonymous_136)
FNDA:0,(anonymous_137)
FNDA:0,(anonymous_138)
FNDA:0,(anonymous_139)
FNDA:0,(anonymous_140)
FNDA:0,(anonymous_141)
FNDA:0,(anonymous_142)
DA:1,0
DA:2,0
DA:22,0
DA:23,0
DA:25,0
DA:31,0
DA:34,0
DA:38,0
DA:39,0
DA:40,0
DA:43,0
DA:44,0
DA:45,0
DA:50,0
DA:52,0
DA:57,0
DA:61,0
DA:69,0
DA:70,0
DA:72,0
DA:75,0
DA:78,0
DA:80,0
DA:82,0
DA:84,0
DA:86,0
DA:89,0
DA:91,0
DA:93,0
DA:95,0
DA:97,0
DA:100,0
DA:102,0
DA:104,0
DA:106,0
DA:108,0
DA:111,0
DA:113,0
DA:115,0
DA:117,0
DA:119,0
DA:122,0
DA:124,0
DA:126,0
DA:128,0
DA:130,0
DA:133,0
DA:135,0
DA:137,0
DA:139,0
DA:141,0
DA:144,0
DA:146,0
DA:148,0
DA:150,0
DA:152,0
DA:155,0
DA:157,0
DA:159,0
DA:161,0
DA:163,0
DA:166,0
DA:168,0
DA:170,0
DA:172,0
DA:174,0
DA:177,0
DA:179,0
DA:181,0
DA:183,0
DA:185,0
DA:188,0
DA:190,0
DA:192,0
DA:194,0
DA:196,0
DA:199,0
DA:201,0
DA:203,0
DA:205,0
DA:207,0
DA:210,0
DA:212,0
DA:214,0
DA:216,0
DA:218,0
DA:221,0
DA:223,0
DA:225,0
DA:227,0
DA:229,0
DA:232,0
DA:234,0
DA:236,0
DA:238,0
DA:240,0
DA:243,0
DA:245,0
DA:247,0
DA:249,0
DA:251,0
DA:254,0
DA:256,0
DA:258,0
DA:260,0
DA:262,0
DA:265,0
DA:267,0
DA:269,0
DA:271,0
DA:273,0
DA:276,0
DA:278,0
DA:280,0
DA:282,0
DA:284,0
DA:287,0
DA:289,0
DA:291,0
DA:293,0
DA:295,0
DA:298,0
DA:300,0
DA:302,0
DA:304,0
DA:306,0
DA:309,0
DA:311,0
DA:313,0
DA:315,0
DA:317,0
DA:320,0
DA:322,0
DA:324,0
DA:326,0
DA:328,0
DA:331,0
DA:333,0
DA:335,0
DA:337,0
DA:339,0
DA:342,0
DA:344,0
DA:346,0
DA:348,0
DA:350,0
DA:353,0
DA:355,0
DA:357,0
DA:359,0
DA:361,0
DA:364,0
DA:366,0
DA:368,0
DA:370,0
DA:372,0
DA:375,0
DA:377,0
DA:379,0
DA:381,0
DA:383,0
DA:386,0
DA:388,0
DA:390,0
DA:392,0
DA:394,0
DA:397,0
DA:399,0
DA:401,0
DA:403,0
DA:405,0
DA:408,0
DA:410,0
DA:412,0
DA:414,0
DA:416,0
DA:420,0
LF:177
LH:0
BRDA:23,0,0,0
BRDA:23,0,1,0
BRDA:50,1,0,0
BRDA:50,1,1,0
BRDA:52,2,0,0
BRDA:52,2,1,0
BRDA:69,3,0,0
BRDA:69,3,1,0
BRF:8
BRH:0
end_of_record
TN:
SF:src/types/index.ts
FN:145,(anonymous_0)
FN:197,(anonymous_1)
FN:210,(anonymous_2)
FN:272,(anonymous_3)
FN:309,(anonymous_4)
FNF:5
FNH:5
FNDA:1,(anonymous_0)
FNDA:1,(anonymous_1)
FNDA:1,(anonymous_2)
FNDA:1,(anonymous_3)
FNDA:1,(anonymous_4)
DA:145,1
DA:146,1
DA:147,1
DA:148,1
DA:149,1
DA:150,1
DA:151,1
DA:152,1
DA:153,1
DA:197,1
DA:198,1
DA:199,1
DA:200,1
DA:201,1
DA:202,1
DA:203,1
DA:204,1
DA:205,1
DA:206,1
DA:207,1
DA:210,1
DA:211,1
DA:212,1
DA:213,1
DA:214,1
DA:215,1
DA:216,1
DA:217,1
DA:218,1
DA:219,1
DA:272,1
DA:273,1
DA:274,1
DA:275,1
DA:276,1
DA:277,1
DA:278,1
DA:279,1
DA:309,1
DA:310,1
DA:311,1
DA:312,1
DA:313,1
DA:314,1
DA:315,1
LF:45
LH:45
BRDA:145,0,0,1
BRDA:145,0,1,1
BRDA:197,1,0,1
BRDA:197,1,1,1
BRDA:210,2,0,1
BRDA:210,2,1,1
BRDA:272,3,0,1
BRDA:272,3,1,1
BRDA:309,4,0,1
BRDA:309,4,1,1
BRF:10
BRH:10
end_of_record
TN:
SF:src/utils/cache.ts
FN:22,(anonymous_0)
FN:33,(anonymous_1)
FN:58,(anonymous_2)
FN:90,(anonymous_3)
FN:105,(anonymous_4)
FN:119,(anonymous_5)
FN:131,(anonymous_6)
FN:165,(anonymous_7)
FN:191,(anonymous_8)
FN:196,(anonymous_9)
FN:198,(anonymous_10)
FN:202,(anonymous_11)
FN:222,(anonymous_12)
FN:223,(anonymous_13)
FN:228,(anonymous_14)
FN:250,(anonymous_15)
FN:274,cached
FN:277,(anonymous_17)
FN:283,(anonymous_18)
FNF:19
FNH:6
FNDA:26,(anonymous_0)
FNDA:1,(anonymous_1)
FNDA:1,(anonymous_2)
FNDA:0,(anonymous_3)
FNDA:0,(anonymous_4)
FNDA:1,(anonymous_5)
FNDA:0,(anonymous_6)
FNDA:0,(anonymous_7)
FNDA:0,(anonymous_8)
FNDA:0,(anonymous_9)
FNDA:0,(anonymous_10)
FNDA:0,(anonymous_11)
FNDA:26,(anonymous_12)
FNDA:0,(anonymous_13)
FNDA:0,(anonymous_14)
FNDA:1,(anonymous_15)
FNDA:0,cached
FNDA:0,(anonymous_17)
FNDA:0,(anonymous_18)
DA:1,2
DA:16,2
DA:17,26
DA:20,26
DA:23,26
DA:24,26
DA:26,26
DA:27,26
DA:34,1
DA:35,1
DA:38,1
DA:39,0
DA:42,1
DA:49,1
DA:59,1
DA:61,1
DA:62,1
DA:66,1
DA:69,0
DA:70,0
DA:71,0
DA:75,0
DA:78,0
DA:79,0
DA:84,0
DA:91,0
DA:92,0
DA:94,0
DA:95,0
DA:96,0
DA:99,0
DA:106,0
DA:107,0
DA:108,0
DA:113,0
DA:120,1
DA:121,1
DA:122,1
DA:139,0
DA:140,0
DA:141,0
DA:143,0
DA:144,0
DA:145,0
DA:146,0
DA:149,0
DA:150,0
DA:152,0
DA:170,0
DA:171,0
DA:172,0
DA:175,0
DA:176,0
DA:177,0
DA:178,0
DA:180,0
DA:184,0
DA:196,0
DA:197,0
DA:198,0
DA:203,0
DA:204,0
DA:206,0
DA:207,0
DA:208,0
DA:209,0
DA:213,0
DA:214,0
DA:215,0
DA:223,26
DA:224,0
DA:229,0
DA:230,0
DA:232,0
DA:233,0
DA:234,0
DA:235,0
DA:239,0
DA:240,0
DA:251,1
DA:252,1
DA:253,1
DA:255,1
DA:274,2
DA:275,0
DA:277,0
DA:282,0
DA:283,0
DA:284,0
DA:286,0
DA:288,0
DA:294,0
DA:299,2
DA:304,2
DA:309,2
LF:95
LH:29
BRDA:22,0,0,0
BRDA:23,1,0,26
BRDA:23,1,1,0
BRDA:24,2,0,26
BRDA:24,2,1,0
BRDA:26,3,0,26
BRDA:26,3,1,26
BRDA:35,4,0,1
BRDA:35,4,1,1
BRDA:38,5,0,0
BRDA:61,6,0,1
BRDA:69,7,0,0
BRDA:92,8,0,0
BRDA:94,9,0,0
BRDA:107,10,0,0
BRDA:150,11,0,0
BRDA:150,11,1,0
BRDA:157,12,0,0
BRDA:157,12,1,0
BRDA:158,13,0,0
BRDA:158,13,1,0
BRDA:171,14,0,0
BRDA:207,15,0,0
BRDA:213,16,0,0
BRDA:233,17,0,0
BRDA:239,18,0,0
BRDA:251,19,0,1
BRDA:274,20,0,0
BRDA:286,21,0,0
BRDA:286,21,1,0
BRF:30
BRH:8
end_of_record
TN:
SF:src/utils/logger.ts
FN:9,(anonymous_0)
FN:30,(anonymous_1)
FN:37,(anonymous_2)
FN:41,(anonymous_3)
FN:45,(anonymous_4)
FN:52,(anonymous_5)
FN:62,(anonymous_6)
FN:74,(anonymous_7)
FN:78,(anonymous_8)
FN:82,(anonymous_9)
FN:86,(anonymous_10)
FN:91,(anonymous_11)
FN:129,(anonymous_12)
FN:135,(anonymous_13)
FN:136,(anonymous_14)
FNF:15
FNH:11
FNDA:3,(anonymous_0)
FNDA:3,(anonymous_1)
FNDA:3,(anonymous_2)
FNDA:3,(anonymous_3)
FNDA:0,(anonymous_4)
FNDA:48,(anonymous_5)
FNDA:1,(anonymous_6)
FNDA:1,(anonymous_7)
FNDA:7,(anonymous_8)
FNDA:34,(anonymous_9)
FNDA:6,(anonymous_10)
FNDA:1,(anonymous_11)
FNDA:0,(anonymous_12)
FNDA:0,(anonymous_13)
FNDA:0,(anonymous_14)
DA:9,3
DA:10,3
DA:11,3
DA:12,3
DA:13,3
DA:27,3
DA:28,3
DA:32,3
DA:33,3
DA:38,3
DA:42,3
DA:46,0
DA:47,0
DA:48,0
DA:53,48
DA:54,1
DA:62,1
DA:63,1
DA:64,1
DA:68,0
DA:75,1
DA:79,7
DA:83,34
DA:87,6
DA:91,3
DA:92,1
DA:93,1
DA:95,1
DA:97,1
DA:98,1
DA:101,1
DA:102,1
DA:103,1
DA:104,1
DA:108,1
DA:111,1
DA:112,1
DA:115,0
DA:116,0
DA:119,0
DA:120,0
DA:123,0
DA:124,0
DA:129,3
DA:131,0
DA:135,3
DA:136,0
DA:140,0
DA:146,3
DA:149,3
DA:150,0
DA:151,0
DA:152,0
DA:153,3
DA:154,0
DA:155,3
DA:156,3
DA:159,3
LF:58
LH:41
BRDA:9,0,0,3
BRDA:9,0,1,3
BRDA:32,1,0,3
BRDA:47,2,0,0
BRDA:53,3,0,1
BRDA:97,4,0,1
BRDA:101,5,0,1
BRDA:103,6,0,1
BRDA:108,7,0,1
BRDA:108,7,1,0
BRDA:108,7,2,0
BRDA:108,7,3,0
BRDA:149,8,0,0
BRDA:149,8,1,3
BRDA:153,9,0,0
BRDA:153,9,1,3
BRDA:155,10,0,3
BRF:17
BRH:11
end_of_record
TN:
SF:src/utils/performance.ts
FN:17,(anonymous_0)
FN:24,(anonymous_1)
FN:28,(anonymous_2)
FN:49,(anonymous_3)
FN:51,(anonymous_4)
FN:56,(anonymous_5)
FN:57,(anonymous_6)
FN:60,(anonymous_7)
FN:64,(anonymous_8)
FN:68,(anonymous_9)
FN:72,(anonymous_10)
FN:80,(anonymous_11)
FN:93,(anonymous_12)
FN:93,(anonymous_13)
FN:106,(anonymous_14)
FN:114,(anonymous_15)
FN:121,(anonymous_16)
FN:146,monitor
FN:147,(anonymous_18)
FN:155,(anonymous_19)
FNF:20
FNH:5
FNDA:2,(anonymous_0)
FNDA:1,(anonymous_1)
FNDA:1,(anonymous_2)
FNDA:0,(anonymous_3)
FNDA:0,(anonymous_4)
FNDA:0,(anonymous_5)
FNDA:0,(anonymous_6)
FNDA:0,(anonymous_7)
FNDA:0,(anonymous_8)
FNDA:0,(anonymous_9)
FNDA:0,(anonymous_10)
FNDA:0,(anonymous_11)
FNDA:0,(anonymous_12)
FNDA:0,(anonymous_13)
FNDA:0,(anonymous_14)
FNDA:1,(anonymous_15)
FNDA:1,(anonymous_16)
FNDA:0,monitor
FNDA:0,(anonymous_18)
FNDA:0,(anonymous_19)
DA:1,2
DA:12,2
DA:14,2
DA:15,2
DA:18,2
DA:19,2
DA:21,2
DA:25,1
DA:29,1
DA:32,1
DA:33,0
DA:37,1
DA:38,0
DA:50,0
DA:51,0
DA:53,0
DA:57,0
DA:58,0
DA:60,0
DA:61,0
DA:65,0
DA:66,0
DA:68,0
DA:69,0
DA:80,0
DA:82,0
DA:83,0
DA:93,0
DA:94,0
DA:96,0
DA:107,0
DA:111,2
DA:115,1
DA:116,1
DA:118,1
DA:122,1
DA:124,1
DA:133,1
DA:146,2
DA:147,0
DA:152,0
DA:153,0
DA:155,0
DA:156,0
DA:158,0
DA:159,0
DA:160,0
DA:161,0
DA:163,0
DA:164,0
DA:168,0
DA:173,2
LF:52
LH:20
BRDA:18,0,0,2
BRDA:32,1,0,0
BRDA:37,2,0,0
BRDA:50,3,0,0
BRDA:58,4,0,0
BRDA:66,5,0,0
BRDA:82,6,0,0
BRDA:100,7,0,0
BRDA:100,7,1,0
BRDA:101,8,0,0
BRDA:101,8,1,0
BRDA:102,9,0,0
BRDA:102,9,1,0
BRDA:121,10,0,0
BRDA:153,11,0,0
BRDA:153,11,1,0
BRF:16
BRH:1
end_of_record
TN:
SF:src/utils/retry.ts
FN:19,(anonymous_0)
FN:35,(anonymous_1)
FN:38,withRetry
FN:99,calculateDelay
FN:111,sleep
FN:112,(anonymous_5)
FN:116,retry
FN:117,(anonymous_7)
FN:124,(anonymous_8)
FN:125,(anonymous_9)
FN:138,(anonymous_10)
FN:144,(anonymous_11)
FN:164,(anonymous_12)
FN:172,(anonymous_13)
FN:185,(anonymous_14)
FN:189,(anonymous_15)
FNF:16
FNH:12
FNDA:3,(anonymous_0)
FNDA:5,(anonymous_1)
FNDA:5,withRetry
FNDA:5,calculateDelay
FNDA:5,sleep
FNDA:5,(anonymous_5)
FNDA:0,retry
FNDA:0,(anonymous_7)
FNDA:0,(anonymous_8)
FNDA:0,(anonymous_9)
FNDA:27,(anonymous_10)
FNDA:6,(anonymous_11)
FNDA:1,(anonymous_12)
FNDA:4,(anonymous_13)
FNDA:6,(anonymous_14)
FNDA:2,(anonymous_15)
DA:1,3
DA:18,3
DA:21,3
DA:22,3
DA:24,3
DA:25,3
DA:29,3
DA:35,5
DA:38,3
DA:42,5
DA:43,5
DA:46,5
DA:47,10
DA:48,10
DA:50,2
DA:51,1
DA:57,2
DA:59,8
DA:62,8
DA:63,2
DA:64,2
DA:68,6
DA:70,6
DA:72,1
DA:75,5
DA:76,5
DA:78,5
DA:88,5
DA:92,2
DA:100,5
DA:101,5
DA:103,5
DA:105,3
DA:108,5
DA:112,5
DA:116,3
DA:117,0
DA:122,0
DA:124,0
DA:125,0
DA:128,0
DA:133,3
DA:134,27
DA:135,27
DA:136,27
DA:139,27
DA:140,27
DA:141,27
DA:145,6
DA:146,1
DA:147,0
DA:148,0
DA:150,1
DA:154,5
DA:155,5
DA:156,1
DA:157,1
DA:159,4
DA:160,4
DA:165,1
DA:166,1
DA:167,0
DA:168,0
DA:173,4
DA:174,4
DA:176,4
DA:177,2
DA:178,2
DA:186,6
DA:190,2
DA:191,2
DA:192,2
LF:72
LH:63
BRDA:40,0,0,0
BRDA:50,1,0,1
BRDA:62,2,0,2
BRDA:70,3,0,1
BRDA:103,4,0,3
BRDA:116,5,0,0
BRDA:139,6,0,22
BRDA:140,7,0,22
BRDA:141,8,0,22
BRDA:145,9,0,1
BRDA:146,10,0,0
BRDA:146,10,1,1
BRDA:166,11,0,0
BRDA:176,12,0,2
BRF:14
BRH:10
end_of_record
TN:
SF:src/utils/validation.ts
FN:22,(anonymous_0)
FN:33,(anonymous_1)
FN:35,(anonymous_2)
FN:40,(anonymous_3)
FN:42,(anonymous_4)
FN:47,(anonymous_5)
FN:49,(anonymous_6)
FN:54,(anonymous_7)
FN:56,(anonymous_8)
FN:61,(anonymous_9)
FN:63,(anonymous_10)
FN:68,(anonymous_11)
FN:70,(anonymous_12)
FN:75,(anonymous_13)
FN:78,(anonymous_14)
FN:83,(anonymous_15)
FN:85,(anonymous_16)
FN:97,(anonymous_17)
FN:100,(anonymous_18)
FN:105,(anonymous_19)
FN:107,(anonymous_20)
FN:112,(anonymous_21)
FN:114,(anonymous_22)
FN:119,(anonymous_23)
FN:121,(anonymous_24)
FN:126,(anonymous_25)
FN:128,(anonymous_26)
FN:133,(anonymous_27)
FN:135,(anonymous_28)
FN:140,(anonymous_29)
FN:142,(anonymous_30)
FN:147,(anonymous_31)
FN:154,(anonymous_32)
FN:156,(anonymous_33)
FN:170,(anonymous_34)
FN:173,(anonymous_35)
FN:178,(anonymous_36)
FN:181,(anonymous_37)
FN:186,(anonymous_38)
FN:189,(anonymous_39)
FN:194,(anonymous_40)
FN:197,(anonymous_41)
FN:202,(anonymous_42)
FN:205,(anonymous_43)
FN:210,(anonymous_44)
FN:212,(anonymous_45)
FN:219,(anonymous_46)
FN:252,(anonymous_47)
FN:255,(anonymous_48)
FN:300,validate
FN:301,(anonymous_50)
FN:308,(anonymous_51)
FNF:52
FNH:12
FNDA:0,(anonymous_0)
FNDA:16,(anonymous_1)
FNDA:0,(anonymous_2)
FNDA:10,(anonymous_3)
FNDA:0,(anonymous_4)
FNDA:4,(anonymous_5)
FNDA:0,(anonymous_6)
FNDA:0,(anonymous_7)
FNDA:0,(anonymous_8)
FNDA:0,(anonymous_9)
FNDA:0,(anonymous_10)
FNDA:0,(anonymous_11)
FNDA:0,(anonymous_12)
FNDA:1,(anonymous_13)
FNDA:0,(anonymous_14)
FNDA:0,(anonymous_15)
FNDA:0,(anonymous_16)
FNDA:0,(anonymous_17)
FNDA:0,(anonymous_18)
FNDA:7,(anonymous_19)
FNDA:0,(anonymous_20)
FNDA:0,(anonymous_21)
FNDA:0,(anonymous_22)
FNDA:4,(anonymous_23)
FNDA:0,(anonymous_24)
FNDA:1,(anonymous_25)
FNDA:0,(anonymous_26)
FNDA:0,(anonymous_27)
FNDA:0,(anonymous_28)
FNDA:0,(anonymous_29)
FNDA:0,(anonymous_30)
FNDA:0,(anonymous_31)
FNDA:0,(anonymous_32)
FNDA:0,(anonymous_33)
FNDA:0,(anonymous_34)
FNDA:0,(anonymous_35)
FNDA:1,(anonymous_36)
FNDA:0,(anonymous_37)
FNDA:1,(anonymous_38)
FNDA:0,(anonymous_39)
FNDA:2,(anonymous_40)
FNDA:0,(anonymous_41)
FNDA:1,(anonymous_42)
FNDA:0,(anonymous_43)
FNDA:1,(anonymous_44)
FNDA:0,(anonymous_45)
FNDA:0,(anonymous_46)
FNDA:0,(anonymous_47)
FNDA:0,(anonymous_48)
FNDA:0,validate
FNDA:0,(anonymous_50)
FNDA:0,(anonymous_51)
DA:21,1
DA:23,0
DA:25,0
DA:27,0
DA:28,0
DA:32,1
DA:34,16
DA:35,0
DA:41,10
DA:42,0
DA:48,4
DA:49,0
DA:55,0
DA:56,0
DA:62,0
DA:63,0
DA:69,0
DA:70,0
DA:76,1
DA:77,1
DA:78,0
DA:84,0
DA:86,0
DA:87,0
DA:88,0
DA:90,0
DA:98,0
DA:99,0
DA:100,0
DA:106,7
DA:107,0
DA:113,0
DA:114,0
DA:120,4
DA:121,0
DA:127,1
DA:128,0
DA:134,0
DA:135,0
DA:141,0
DA:142,0
DA:148,0
DA:155,0
DA:157,0
DA:158,0
DA:160,0
DA:161,0
DA:162,0
DA:164,0
DA:171,0
DA:172,0
DA:173,0
DA:179,1
DA:180,1
DA:181,0
DA:187,1
DA:188,1
DA:189,0
DA:195,2
DA:196,2
DA:197,0
DA:203,1
DA:204,1
DA:205,0
DA:211,1
DA:212,0
DA:218,1
DA:220,0
DA:222,0
DA:223,0
DA:224,0
DA:226,0
DA:228,0
DA:229,0
DA:230,0
DA:239,0
DA:240,0
DA:241,0
DA:246,0
DA:253,0
DA:254,0
DA:255,0
DA:256,0
DA:262,1
DA:300,1
DA:301,0
DA:306,0
DA:308,0
DA:310,0
DA:311,0
DA:314,0
DA:317,0
LF:92
LH:22
BRDA:33,0,0,16
BRDA:35,1,0,0
BRDA:35,1,1,0
BRDA:35,1,2,0
BRDA:40,2,0,10
BRDA:47,3,0,4
BRDA:49,4,0,0
BRDA:49,4,1,0
BRDA:54,5,0,0
BRDA:61,6,0,0
BRDA:68,7,0,0
BRDA:70,8,0,0
BRDA:70,8,1,0
BRDA:70,8,2,0
BRDA:75,9,0,1
BRDA:83,10,0,0
BRDA:97,11,0,0
BRDA:108,12,0,7
BRDA:108,12,1,7
BRDA:115,13,0,0
BRDA:115,13,1,0
BRDA:122,14,0,4
BRDA:122,14,1,4
BRDA:129,15,0,1
BRDA:129,15,1,1
BRDA:136,16,0,0
BRDA:136,16,1,0
BRDA:143,17,0,0
BRDA:143,17,1,0
BRDA:154,18,0,0
BRDA:157,19,0,0
BRDA:160,20,0,0
BRDA:170,21,0,0
BRDA:178,22,0,1
BRDA:181,23,0,0
BRDA:181,23,1,0
BRDA:186,24,0,1
BRDA:194,25,0,2
BRDA:202,26,0,1
BRDA:213,27,0,1
BRDA:213,27,1,1
BRDA:219,28,0,0
BRDA:223,29,0,0
BRDA:223,29,1,0
BRDA:226,30,0,0
BRDA:226,30,1,0
BRDA:229,31,0,0
BRDA:239,32,0,0
BRDA:239,33,0,0
BRDA:239,33,1,0
BRDA:254,34,0,0
BRDA:310,35,0,0
BRDA:310,36,0,0
BRDA:310,36,1,0
BRF:54
BRH:16
end_of_record
